CRITICAL - 2021-05-24 00:00:27 --> Call to undefined method CodeIgniter\View\View::view()
#0 C:\xampp\htdocs\sdmpusri\vendor\codeigniter4\framework\system\View\View.php(230): include()
#1 C:\xampp\htdocs\sdmpusri\vendor\codeigniter4\framework\system\View\View.php(232): CodeIgniter\View\View->CodeIgniter\View\{closure}()
#2 C:\xampp\htdocs\sdmpusri\vendor\codeigniter4\framework\system\Common.php(1250): CodeIgniter\View\View->render('campur/v_obat_h...', Array, true)
#3 C:\xampp\htdocs\sdmpusri\app\Views\layouts\v_content.php(17): view('campur/v_obat_h...')
#4 C:\xampp\htdocs\sdmpusri\vendor\codeigniter4\framework\system\View\View.php(230): include('C:\\xampp\\htdocs...')
#5 C:\xampp\htdocs\sdmpusri\vendor\codeigniter4\framework\system\View\View.php(232): CodeIgniter\View\View->CodeIgniter\View\{closure}()
#6 C:\xampp\htdocs\sdmpusri\vendor\codeigniter4\framework\system\Common.php(1250): CodeIgniter\View\View->render('layouts/v_conte...', Array, true)
#7 C:\xampp\htdocs\sdmpusri\app\Views\layouts\v_wrapper.php(5): view('layouts/v_conte...')
#8 C:\xampp\htdocs\sdmpusri\vendor\codeigniter4\framework\system\View\View.php(230): include('C:\\xampp\\htdocs...')
#9 C:\xampp\htdocs\sdmpusri\vendor\codeigniter4\framework\system\View\View.php(232): CodeIgniter\View\View->CodeIgniter\View\{closure}()
#10 C:\xampp\htdocs\sdmpusri\vendor\codeigniter4\framework\system\Common.php(1250): CodeIgniter\View\View->render('layouts/v_wrapp...', Array, true)
#11 C:\xampp\htdocs\sdmpusri\app\Controllers\Obat.php(55): view('layouts/v_wrapp...', Array)
#12 C:\xampp\htdocs\sdmpusri\vendor\codeigniter4\framework\system\CodeIgniter.php(931): App\Controllers\Obat->cobahtml()
#13 C:\xampp\htdocs\sdmpusri\vendor\codeigniter4\framework\system\CodeIgniter.php(439): CodeIgniter\CodeIgniter->runController(Object(App\Controllers\Obat))
#14 C:\xampp\htdocs\sdmpusri\vendor\codeigniter4\framework\system\CodeIgniter.php(339): CodeIgniter\CodeIgniter->handleRequest(NULL, Object(Config\Cache), false)
#15 C:\xampp\htdocs\sdmpusri\public\index.php(44): CodeIgniter\CodeIgniter->run()
#16 C:\xampp\htdocs\sdmpusri\vendor\codeigniter4\framework\system\Commands\Server\rewrite.php(45): require_once('C:\\xampp\\htdocs...')
#17 {main}
CRITICAL - 2021-05-24 04:10:46 --> Undefined variable $sertifikat
#0 C:\xampp\htdocs\sdmpusri\app\Views\campur\v_obat_html.php(15): CodeIgniter\Debug\Exceptions->errorHandler(2, 'Undefined varia...', 'C:\\xampp\\htdocs...', 15)
#1 C:\xampp\htdocs\sdmpusri\vendor\codeigniter4\framework\system\View\View.php(230): include('C:\\xampp\\htdocs...')
#2 C:\xampp\htdocs\sdmpusri\vendor\codeigniter4\framework\system\View\View.php(232): CodeIgniter\View\View->CodeIgniter\View\{closure}()
#3 C:\xampp\htdocs\sdmpusri\vendor\codeigniter4\framework\system\Common.php(1250): CodeIgniter\View\View->render('campur/v_obat_h...', Array, true)
#4 C:\xampp\htdocs\sdmpusri\app\Views\layouts\v_content.php(17): view('campur/v_obat_h...')
#5 C:\xampp\htdocs\sdmpusri\vendor\codeigniter4\framework\system\View\View.php(230): include('C:\\xampp\\htdocs...')
#6 C:\xampp\htdocs\sdmpusri\vendor\codeigniter4\framework\system\View\View.php(232): CodeIgniter\View\View->CodeIgniter\View\{closure}()
#7 C:\xampp\htdocs\sdmpusri\vendor\codeigniter4\framework\system\Common.php(1250): CodeIgniter\View\View->render('layouts/v_conte...', Array, true)
#8 C:\xampp\htdocs\sdmpusri\app\Views\layouts\v_wrapper.php(5): view('layouts/v_conte...')
#9 C:\xampp\htdocs\sdmpusri\vendor\codeigniter4\framework\system\View\View.php(230): include('C:\\xampp\\htdocs...')
#10 C:\xampp\htdocs\sdmpusri\vendor\codeigniter4\framework\system\View\View.php(232): CodeIgniter\View\View->CodeIgniter\View\{closure}()
#11 C:\xampp\htdocs\sdmpusri\vendor\codeigniter4\framework\system\Common.php(1250): CodeIgniter\View\View->render('layouts/v_wrapp...', Array, true)
#12 C:\xampp\htdocs\sdmpusri\app\Controllers\Obat.php(55): view('layouts/v_wrapp...', Array)
#13 C:\xampp\htdocs\sdmpusri\vendor\codeigniter4\framework\system\CodeIgniter.php(931): App\Controllers\Obat->cobahtml()
#14 C:\xampp\htdocs\sdmpusri\vendor\codeigniter4\framework\system\CodeIgniter.php(439): CodeIgniter\CodeIgniter->runController(Object(App\Controllers\Obat))
#15 C:\xampp\htdocs\sdmpusri\vendor\codeigniter4\framework\system\CodeIgniter.php(339): CodeIgniter\CodeIgniter->handleRequest(NULL, Object(Config\Cache), false)
#16 C:\xampp\htdocs\sdmpusri\public\index.php(44): CodeIgniter\CodeIgniter->run()
#17 C:\xampp\htdocs\sdmpusri\vendor\codeigniter4\framework\system\Commands\Server\rewrite.php(45): require_once('C:\\xampp\\htdocs...')
#18 {main}
CRITICAL - 2021-05-24 04:13:11 --> Undefined property: App\Controllers\Obat::$obat
#0 C:\xampp\htdocs\sdmpusri\app\Controllers\Obat.php(53): CodeIgniter\Debug\Exceptions->errorHandler(2, 'Undefined prope...', 'C:\\xampp\\htdocs...', 53)
#1 C:\xampp\htdocs\sdmpusri\vendor\codeigniter4\framework\system\CodeIgniter.php(931): App\Controllers\Obat->cobahtml()
#2 C:\xampp\htdocs\sdmpusri\vendor\codeigniter4\framework\system\CodeIgniter.php(439): CodeIgniter\CodeIgniter->runController(Object(App\Controllers\Obat))
#3 C:\xampp\htdocs\sdmpusri\vendor\codeigniter4\framework\system\CodeIgniter.php(339): CodeIgniter\CodeIgniter->handleRequest(NULL, Object(Config\Cache), false)
#4 C:\xampp\htdocs\sdmpusri\public\index.php(44): CodeIgniter\CodeIgniter->run()
#5 C:\xampp\htdocs\sdmpusri\vendor\codeigniter4\framework\system\Commands\Server\rewrite.php(45): require_once('C:\\xampp\\htdocs...')
#6 {main}
CRITICAL - 2021-05-24 04:13:52 --> Undefined variable $sertifikasi
#0 C:\xampp\htdocs\sdmpusri\app\Views\campur\v_obat_html.php(15): CodeIgniter\Debug\Exceptions->errorHandler(2, 'Undefined varia...', 'C:\\xampp\\htdocs...', 15)
#1 C:\xampp\htdocs\sdmpusri\vendor\codeigniter4\framework\system\View\View.php(230): include('C:\\xampp\\htdocs...')
#2 C:\xampp\htdocs\sdmpusri\vendor\codeigniter4\framework\system\View\View.php(232): CodeIgniter\View\View->CodeIgniter\View\{closure}()
#3 C:\xampp\htdocs\sdmpusri\vendor\codeigniter4\framework\system\Common.php(1250): CodeIgniter\View\View->render('campur/v_obat_h...', Array, true)
#4 C:\xampp\htdocs\sdmpusri\app\Views\layouts\v_content.php(17): view('campur/v_obat_h...')
#5 C:\xampp\htdocs\sdmpusri\vendor\codeigniter4\framework\system\View\View.php(230): include('C:\\xampp\\htdocs...')
#6 C:\xampp\htdocs\sdmpusri\vendor\codeigniter4\framework\system\View\View.php(232): CodeIgniter\View\View->CodeIgniter\View\{closure}()
#7 C:\xampp\htdocs\sdmpusri\vendor\codeigniter4\framework\system\Common.php(1250): CodeIgniter\View\View->render('layouts/v_conte...', Array, true)
#8 C:\xampp\htdocs\sdmpusri\app\Views\layouts\v_wrapper.php(5): view('layouts/v_conte...')
#9 C:\xampp\htdocs\sdmpusri\vendor\codeigniter4\framework\system\View\View.php(230): include('C:\\xampp\\htdocs...')
#10 C:\xampp\htdocs\sdmpusri\vendor\codeigniter4\framework\system\View\View.php(232): CodeIgniter\View\View->CodeIgniter\View\{closure}()
#11 C:\xampp\htdocs\sdmpusri\vendor\codeigniter4\framework\system\Common.php(1250): CodeIgniter\View\View->render('layouts/v_wrapp...', Array, true)
#12 C:\xampp\htdocs\sdmpusri\app\Controllers\Obat.php(56): view('layouts/v_wrapp...', Array)
#13 C:\xampp\htdocs\sdmpusri\vendor\codeigniter4\framework\system\CodeIgniter.php(931): App\Controllers\Obat->cobahtml()
#14 C:\xampp\htdocs\sdmpusri\vendor\codeigniter4\framework\system\CodeIgniter.php(439): CodeIgniter\CodeIgniter->runController(Object(App\Controllers\Obat))
#15 C:\xampp\htdocs\sdmpusri\vendor\codeigniter4\framework\system\CodeIgniter.php(339): CodeIgniter\CodeIgniter->handleRequest(NULL, Object(Config\Cache), false)
#16 C:\xampp\htdocs\sdmpusri\public\index.php(44): CodeIgniter\CodeIgniter->run()
#17 C:\xampp\htdocs\sdmpusri\vendor\codeigniter4\framework\system\Commands\Server\rewrite.php(45): require_once('C:\\xampp\\htdocs...')
#18 {main}
CRITICAL - 2021-05-24 04:14:23 --> count(): Argument #1 ($var) must be of type Countable|array, null given
#0 C:\xampp\htdocs\sdmpusri\vendor\codeigniter4\framework\system\View\View.php(230): include()
#1 C:\xampp\htdocs\sdmpusri\vendor\codeigniter4\framework\system\View\View.php(232): CodeIgniter\View\View->CodeIgniter\View\{closure}()
#2 C:\xampp\htdocs\sdmpusri\vendor\codeigniter4\framework\system\Common.php(1250): CodeIgniter\View\View->render('campur/v_obat_h...', Array, true)
#3 C:\xampp\htdocs\sdmpusri\app\Views\layouts\v_content.php(17): view('campur/v_obat_h...')
#4 C:\xampp\htdocs\sdmpusri\vendor\codeigniter4\framework\system\View\View.php(230): include('C:\\xampp\\htdocs...')
#5 C:\xampp\htdocs\sdmpusri\vendor\codeigniter4\framework\system\View\View.php(232): CodeIgniter\View\View->CodeIgniter\View\{closure}()
#6 C:\xampp\htdocs\sdmpusri\vendor\codeigniter4\framework\system\Common.php(1250): CodeIgniter\View\View->render('layouts/v_conte...', Array, true)
#7 C:\xampp\htdocs\sdmpusri\app\Views\layouts\v_wrapper.php(5): view('layouts/v_conte...')
#8 C:\xampp\htdocs\sdmpusri\vendor\codeigniter4\framework\system\View\View.php(230): include('C:\\xampp\\htdocs...')
#9 C:\xampp\htdocs\sdmpusri\vendor\codeigniter4\framework\system\View\View.php(232): CodeIgniter\View\View->CodeIgniter\View\{closure}()
#10 C:\xampp\htdocs\sdmpusri\vendor\codeigniter4\framework\system\Common.php(1250): CodeIgniter\View\View->render('layouts/v_wrapp...', Array, true)
#11 C:\xampp\htdocs\sdmpusri\app\Controllers\Obat.php(56): view('layouts/v_wrapp...', Array)
#12 C:\xampp\htdocs\sdmpusri\vendor\codeigniter4\framework\system\CodeIgniter.php(931): App\Controllers\Obat->cobahtml()
#13 C:\xampp\htdocs\sdmpusri\vendor\codeigniter4\framework\system\CodeIgniter.php(439): CodeIgniter\CodeIgniter->runController(Object(App\Controllers\Obat))
#14 C:\xampp\htdocs\sdmpusri\vendor\codeigniter4\framework\system\CodeIgniter.php(339): CodeIgniter\CodeIgniter->handleRequest(NULL, Object(Config\Cache), false)
#15 C:\xampp\htdocs\sdmpusri\public\index.php(44): CodeIgniter\CodeIgniter->run()
#16 C:\xampp\htdocs\sdmpusri\vendor\codeigniter4\framework\system\Commands\Server\rewrite.php(45): require_once('C:\\xampp\\htdocs...')
#17 {main}
CRITICAL - 2021-05-24 04:14:48 --> Undefined variable $sertifikat
#0 C:\xampp\htdocs\sdmpusri\app\Views\campur\v_obat_html.php(18): CodeIgniter\Debug\Exceptions->errorHandler(2, 'Undefined varia...', 'C:\\xampp\\htdocs...', 18)
#1 C:\xampp\htdocs\sdmpusri\vendor\codeigniter4\framework\system\View\View.php(230): include('C:\\xampp\\htdocs...')
#2 C:\xampp\htdocs\sdmpusri\vendor\codeigniter4\framework\system\View\View.php(232): CodeIgniter\View\View->CodeIgniter\View\{closure}()
#3 C:\xampp\htdocs\sdmpusri\vendor\codeigniter4\framework\system\Common.php(1250): CodeIgniter\View\View->render('campur/v_obat_h...', Array, true)
#4 C:\xampp\htdocs\sdmpusri\app\Views\layouts\v_content.php(17): view('campur/v_obat_h...')
#5 C:\xampp\htdocs\sdmpusri\vendor\codeigniter4\framework\system\View\View.php(230): include('C:\\xampp\\htdocs...')
#6 C:\xampp\htdocs\sdmpusri\vendor\codeigniter4\framework\system\View\View.php(232): CodeIgniter\View\View->CodeIgniter\View\{closure}()
#7 C:\xampp\htdocs\sdmpusri\vendor\codeigniter4\framework\system\Common.php(1250): CodeIgniter\View\View->render('layouts/v_conte...', Array, true)
#8 C:\xampp\htdocs\sdmpusri\app\Views\layouts\v_wrapper.php(5): view('layouts/v_conte...')
#9 C:\xampp\htdocs\sdmpusri\vendor\codeigniter4\framework\system\View\View.php(230): include('C:\\xampp\\htdocs...')
#10 C:\xampp\htdocs\sdmpusri\vendor\codeigniter4\framework\system\View\View.php(232): CodeIgniter\View\View->CodeIgniter\View\{closure}()
#11 C:\xampp\htdocs\sdmpusri\vendor\codeigniter4\framework\system\Common.php(1250): CodeIgniter\View\View->render('layouts/v_wrapp...', Array, true)
#12 C:\xampp\htdocs\sdmpusri\app\Controllers\Obat.php(56): view('layouts/v_wrapp...', Array)
#13 C:\xampp\htdocs\sdmpusri\vendor\codeigniter4\framework\system\CodeIgniter.php(931): App\Controllers\Obat->cobahtml()
#14 C:\xampp\htdocs\sdmpusri\vendor\codeigniter4\framework\system\CodeIgniter.php(439): CodeIgniter\CodeIgniter->runController(Object(App\Controllers\Obat))
#15 C:\xampp\htdocs\sdmpusri\vendor\codeigniter4\framework\system\CodeIgniter.php(339): CodeIgniter\CodeIgniter->handleRequest(NULL, Object(Config\Cache), false)
#16 C:\xampp\htdocs\sdmpusri\public\index.php(44): CodeIgniter\CodeIgniter->run()
#17 C:\xampp\htdocs\sdmpusri\vendor\codeigniter4\framework\system\Commands\Server\rewrite.php(45): require_once('C:\\xampp\\htdocs...')
#18 {main}
CRITICAL - 2021-05-24 04:15:23 --> Undefined property: CodeIgniter\View\View::$router
#0 C:\xampp\htdocs\sdmpusri\app\Views\campur\v_obat_html.php(26): CodeIgniter\Debug\Exceptions->errorHandler(2, 'Undefined prope...', 'C:\\xampp\\htdocs...', 26)
#1 C:\xampp\htdocs\sdmpusri\vendor\codeigniter4\framework\system\View\View.php(230): include('C:\\xampp\\htdocs...')
#2 C:\xampp\htdocs\sdmpusri\vendor\codeigniter4\framework\system\View\View.php(232): CodeIgniter\View\View->CodeIgniter\View\{closure}()
#3 C:\xampp\htdocs\sdmpusri\vendor\codeigniter4\framework\system\Common.php(1250): CodeIgniter\View\View->render('campur/v_obat_h...', Array, true)
#4 C:\xampp\htdocs\sdmpusri\app\Views\layouts\v_content.php(17): view('campur/v_obat_h...')
#5 C:\xampp\htdocs\sdmpusri\vendor\codeigniter4\framework\system\View\View.php(230): include('C:\\xampp\\htdocs...')
#6 C:\xampp\htdocs\sdmpusri\vendor\codeigniter4\framework\system\View\View.php(232): CodeIgniter\View\View->CodeIgniter\View\{closure}()
#7 C:\xampp\htdocs\sdmpusri\vendor\codeigniter4\framework\system\Common.php(1250): CodeIgniter\View\View->render('layouts/v_conte...', Array, true)
#8 C:\xampp\htdocs\sdmpusri\app\Views\layouts\v_wrapper.php(5): view('layouts/v_conte...')
#9 C:\xampp\htdocs\sdmpusri\vendor\codeigniter4\framework\system\View\View.php(230): include('C:\\xampp\\htdocs...')
#10 C:\xampp\htdocs\sdmpusri\vendor\codeigniter4\framework\system\View\View.php(232): CodeIgniter\View\View->CodeIgniter\View\{closure}()
#11 C:\xampp\htdocs\sdmpusri\vendor\codeigniter4\framework\system\Common.php(1250): CodeIgniter\View\View->render('layouts/v_wrapp...', Array, true)
#12 C:\xampp\htdocs\sdmpusri\app\Controllers\Obat.php(56): view('layouts/v_wrapp...', Array)
#13 C:\xampp\htdocs\sdmpusri\vendor\codeigniter4\framework\system\CodeIgniter.php(931): App\Controllers\Obat->cobahtml()
#14 C:\xampp\htdocs\sdmpusri\vendor\codeigniter4\framework\system\CodeIgniter.php(439): CodeIgniter\CodeIgniter->runController(Object(App\Controllers\Obat))
#15 C:\xampp\htdocs\sdmpusri\vendor\codeigniter4\framework\system\CodeIgniter.php(339): CodeIgniter\CodeIgniter->handleRequest(NULL, Object(Config\Cache), false)
#16 C:\xampp\htdocs\sdmpusri\public\index.php(44): CodeIgniter\CodeIgniter->run()
#17 C:\xampp\htdocs\sdmpusri\vendor\codeigniter4\framework\system\Commands\Server\rewrite.php(45): require_once('C:\\xampp\\htdocs...')
#18 {main}
CRITICAL - 2021-05-24 04:15:56 --> Undefined property: CodeIgniter\View\View::$router
#0 C:\xampp\htdocs\sdmpusri\app\Views\campur\v_obat_html.php(26): CodeIgniter\Debug\Exceptions->errorHandler(2, 'Undefined prope...', 'C:\\xampp\\htdocs...', 26)
#1 C:\xampp\htdocs\sdmpusri\vendor\codeigniter4\framework\system\View\View.php(230): include('C:\\xampp\\htdocs...')
#2 C:\xampp\htdocs\sdmpusri\vendor\codeigniter4\framework\system\View\View.php(232): CodeIgniter\View\View->CodeIgniter\View\{closure}()
#3 C:\xampp\htdocs\sdmpusri\vendor\codeigniter4\framework\system\Common.php(1250): CodeIgniter\View\View->render('campur/v_obat_h...', Array, true)
#4 C:\xampp\htdocs\sdmpusri\app\Views\layouts\v_content.php(17): view('campur/v_obat_h...')
#5 C:\xampp\htdocs\sdmpusri\vendor\codeigniter4\framework\system\View\View.php(230): include('C:\\xampp\\htdocs...')
#6 C:\xampp\htdocs\sdmpusri\vendor\codeigniter4\framework\system\View\View.php(232): CodeIgniter\View\View->CodeIgniter\View\{closure}()
#7 C:\xampp\htdocs\sdmpusri\vendor\codeigniter4\framework\system\Common.php(1250): CodeIgniter\View\View->render('layouts/v_conte...', Array, true)
#8 C:\xampp\htdocs\sdmpusri\app\Views\layouts\v_wrapper.php(5): view('layouts/v_conte...')
#9 C:\xampp\htdocs\sdmpusri\vendor\codeigniter4\framework\system\View\View.php(230): include('C:\\xampp\\htdocs...')
#10 C:\xampp\htdocs\sdmpusri\vendor\codeigniter4\framework\system\View\View.php(232): CodeIgniter\View\View->CodeIgniter\View\{closure}()
#11 C:\xampp\htdocs\sdmpusri\vendor\codeigniter4\framework\system\Common.php(1250): CodeIgniter\View\View->render('layouts/v_wrapp...', Array, true)
#12 C:\xampp\htdocs\sdmpusri\app\Controllers\Obat.php(56): view('layouts/v_wrapp...', Array)
#13 C:\xampp\htdocs\sdmpusri\vendor\codeigniter4\framework\system\CodeIgniter.php(931): App\Controllers\Obat->cobahtml()
#14 C:\xampp\htdocs\sdmpusri\vendor\codeigniter4\framework\system\CodeIgniter.php(439): CodeIgniter\CodeIgniter->runController(Object(App\Controllers\Obat))
#15 C:\xampp\htdocs\sdmpusri\vendor\codeigniter4\framework\system\CodeIgniter.php(339): CodeIgniter\CodeIgniter->handleRequest(NULL, Object(Config\Cache), false)
#16 C:\xampp\htdocs\sdmpusri\public\index.php(44): CodeIgniter\CodeIgniter->run()
#17 C:\xampp\htdocs\sdmpusri\vendor\codeigniter4\framework\system\Commands\Server\rewrite.php(45): require_once('C:\\xampp\\htdocs...')
#18 {main}
CRITICAL - 2021-05-24 04:16:05 --> Undefined property: CodeIgniter\View\View::$router
#0 C:\xampp\htdocs\sdmpusri\app\Views\campur\v_obat_html.php(26): CodeIgniter\Debug\Exceptions->errorHandler(2, 'Undefined prope...', 'C:\\xampp\\htdocs...', 26)
#1 C:\xampp\htdocs\sdmpusri\vendor\codeigniter4\framework\system\View\View.php(230): include('C:\\xampp\\htdocs...')
#2 C:\xampp\htdocs\sdmpusri\vendor\codeigniter4\framework\system\View\View.php(232): CodeIgniter\View\View->CodeIgniter\View\{closure}()
#3 C:\xampp\htdocs\sdmpusri\vendor\codeigniter4\framework\system\Common.php(1250): CodeIgniter\View\View->render('campur/v_obat_h...', Array, true)
#4 C:\xampp\htdocs\sdmpusri\app\Views\layouts\v_content.php(17): view('campur/v_obat_h...')
#5 C:\xampp\htdocs\sdmpusri\vendor\codeigniter4\framework\system\View\View.php(230): include('C:\\xampp\\htdocs...')
#6 C:\xampp\htdocs\sdmpusri\vendor\codeigniter4\framework\system\View\View.php(232): CodeIgniter\View\View->CodeIgniter\View\{closure}()
#7 C:\xampp\htdocs\sdmpusri\vendor\codeigniter4\framework\system\Common.php(1250): CodeIgniter\View\View->render('layouts/v_conte...', Array, true)
#8 C:\xampp\htdocs\sdmpusri\app\Views\layouts\v_wrapper.php(5): view('layouts/v_conte...')
#9 C:\xampp\htdocs\sdmpusri\vendor\codeigniter4\framework\system\View\View.php(230): include('C:\\xampp\\htdocs...')
#10 C:\xampp\htdocs\sdmpusri\vendor\codeigniter4\framework\system\View\View.php(232): CodeIgniter\View\View->CodeIgniter\View\{closure}()
#11 C:\xampp\htdocs\sdmpusri\vendor\codeigniter4\framework\system\Common.php(1250): CodeIgniter\View\View->render('layouts/v_wrapp...', Array, true)
#12 C:\xampp\htdocs\sdmpusri\app\Controllers\Obat.php(56): view('layouts/v_wrapp...', Array)
#13 C:\xampp\htdocs\sdmpusri\vendor\codeigniter4\framework\system\CodeIgniter.php(931): App\Controllers\Obat->cobahtml()
#14 C:\xampp\htdocs\sdmpusri\vendor\codeigniter4\framework\system\CodeIgniter.php(439): CodeIgniter\CodeIgniter->runController(Object(App\Controllers\Obat))
#15 C:\xampp\htdocs\sdmpusri\vendor\codeigniter4\framework\system\CodeIgniter.php(339): CodeIgniter\CodeIgniter->handleRequest(NULL, Object(Config\Cache), false)
#16 C:\xampp\htdocs\sdmpusri\public\index.php(44): CodeIgniter\CodeIgniter->run()
#17 C:\xampp\htdocs\sdmpusri\vendor\codeigniter4\framework\system\Commands\Server\rewrite.php(45): require_once('C:\\xampp\\htdocs...')
#18 {main}
CRITICAL - 2021-05-24 04:17:47 --> Undefined variable $sertifikat
#0 C:\xampp\htdocs\sdmpusri\app\Views\campur\v_obat_html.php(34): CodeIgniter\Debug\Exceptions->errorHandler(2, 'Undefined varia...', 'C:\\xampp\\htdocs...', 34)
#1 C:\xampp\htdocs\sdmpusri\vendor\codeigniter4\framework\system\View\View.php(230): include('C:\\xampp\\htdocs...')
#2 C:\xampp\htdocs\sdmpusri\vendor\codeigniter4\framework\system\View\View.php(232): CodeIgniter\View\View->CodeIgniter\View\{closure}()
#3 C:\xampp\htdocs\sdmpusri\vendor\codeigniter4\framework\system\Common.php(1250): CodeIgniter\View\View->render('campur/v_obat_h...', Array, true)
#4 C:\xampp\htdocs\sdmpusri\app\Views\layouts\v_content.php(17): view('campur/v_obat_h...')
#5 C:\xampp\htdocs\sdmpusri\vendor\codeigniter4\framework\system\View\View.php(230): include('C:\\xampp\\htdocs...')
#6 C:\xampp\htdocs\sdmpusri\vendor\codeigniter4\framework\system\View\View.php(232): CodeIgniter\View\View->CodeIgniter\View\{closure}()
#7 C:\xampp\htdocs\sdmpusri\vendor\codeigniter4\framework\system\Common.php(1250): CodeIgniter\View\View->render('layouts/v_conte...', Array, true)
#8 C:\xampp\htdocs\sdmpusri\app\Views\layouts\v_wrapper.php(5): view('layouts/v_conte...')
#9 C:\xampp\htdocs\sdmpusri\vendor\codeigniter4\framework\system\View\View.php(230): include('C:\\xampp\\htdocs...')
#10 C:\xampp\htdocs\sdmpusri\vendor\codeigniter4\framework\system\View\View.php(232): CodeIgniter\View\View->CodeIgniter\View\{closure}()
#11 C:\xampp\htdocs\sdmpusri\vendor\codeigniter4\framework\system\Common.php(1250): CodeIgniter\View\View->render('layouts/v_wrapp...', Array, true)
#12 C:\xampp\htdocs\sdmpusri\app\Controllers\Obat.php(56): view('layouts/v_wrapp...', Array)
#13 C:\xampp\htdocs\sdmpusri\vendor\codeigniter4\framework\system\CodeIgniter.php(931): App\Controllers\Obat->cobahtml()
#14 C:\xampp\htdocs\sdmpusri\vendor\codeigniter4\framework\system\CodeIgniter.php(439): CodeIgniter\CodeIgniter->runController(Object(App\Controllers\Obat))
#15 C:\xampp\htdocs\sdmpusri\vendor\codeigniter4\framework\system\CodeIgniter.php(339): CodeIgniter\CodeIgniter->handleRequest(NULL, Object(Config\Cache), false)
#16 C:\xampp\htdocs\sdmpusri\public\index.php(44): CodeIgniter\CodeIgniter->run()
#17 C:\xampp\htdocs\sdmpusri\vendor\codeigniter4\framework\system\Commands\Server\rewrite.php(45): require_once('C:\\xampp\\htdocs...')
#18 {main}
