CRITICAL - 2021-05-23 08:40:33 --> Class "App\Models\Model_Kepeg" not found
#0 C:\xampp\htdocs\sdmpusri\vendor\codeigniter4\framework\system\CodeIgniter.php(908): App\Controllers\Kepeg->__construct()
#1 C:\xampp\htdocs\sdmpusri\vendor\codeigniter4\framework\system\CodeIgniter.php(422): CodeIgniter\CodeIgniter->createController()
#2 C:\xampp\htdocs\sdmpusri\vendor\codeigniter4\framework\system\CodeIgniter.php(333): CodeIgniter\CodeIgniter->handleRequest(NULL, Object(Config\Cache), false)
#3 C:\xampp\htdocs\sdmpusri\public\index.php(44): CodeIgniter\CodeIgniter->run()
#4 C:\xampp\htdocs\sdmpusri\vendor\codeigniter4\framework\system\Commands\Server\rewrite.php(45): require_once('C:\\xampp\\htdocs...')
#5 {main}
CRITICAL - 2021-05-23 08:42:07 --> Class "App\Controllers\KepegModel" not found
#0 C:\xampp\htdocs\sdmpusri\vendor\codeigniter4\framework\system\CodeIgniter.php(908): App\Controllers\Kepeg->__construct()
#1 C:\xampp\htdocs\sdmpusri\vendor\codeigniter4\framework\system\CodeIgniter.php(422): CodeIgniter\CodeIgniter->createController()
#2 C:\xampp\htdocs\sdmpusri\vendor\codeigniter4\framework\system\CodeIgniter.php(333): CodeIgniter\CodeIgniter->handleRequest(NULL, Object(Config\Cache), false)
#3 C:\xampp\htdocs\sdmpusri\public\index.php(44): CodeIgniter\CodeIgniter->run()
#4 C:\xampp\htdocs\sdmpusri\vendor\codeigniter4\framework\system\Commands\Server\rewrite.php(45): require_once('C:\\xampp\\htdocs...')
#5 {main}
CRITICAL - 2021-05-23 08:42:22 --> Cannot declare class App\Models\Model_Kepeg, because the name is already in use
#0 [internal function]: CodeIgniter\Debug\Exceptions->shutdownHandler()
#1 {main}
CRITICAL - 2021-05-23 08:43:08 --> Invalid file: kepeg/vk_dash.php
#0 C:\xampp\htdocs\sdmpusri\vendor\codeigniter4\framework\system\View\View.php(203): CodeIgniter\Exceptions\FrameworkException::forInvalidFile('kepeg/vk_dash.p...')
#1 C:\xampp\htdocs\sdmpusri\vendor\codeigniter4\framework\system\Common.php(1217): CodeIgniter\View\View->render('kepeg/vk_dash', Array, true)
#2 C:\xampp\htdocs\sdmpusri\app\Controllers\Kepeg.php(22): view('kepeg/vk_dash', Array)
#3 C:\xampp\htdocs\sdmpusri\vendor\codeigniter4\framework\system\CodeIgniter.php(936): App\Controllers\Kepeg->dashkepeg()
#4 C:\xampp\htdocs\sdmpusri\vendor\codeigniter4\framework\system\CodeIgniter.php(432): CodeIgniter\CodeIgniter->runController(Object(App\Controllers\Kepeg))
#5 C:\xampp\htdocs\sdmpusri\vendor\codeigniter4\framework\system\CodeIgniter.php(333): CodeIgniter\CodeIgniter->handleRequest(NULL, Object(Config\Cache), false)
#6 C:\xampp\htdocs\sdmpusri\public\index.php(44): CodeIgniter\CodeIgniter->run()
#7 C:\xampp\htdocs\sdmpusri\vendor\codeigniter4\framework\system\Commands\Server\rewrite.php(45): require_once('C:\\xampp\\htdocs...')
#8 {main}
CRITICAL - 2021-05-23 08:44:16 --> Invalid file: kepeg/vk_dash.php
#0 C:\xampp\htdocs\sdmpusri\vendor\codeigniter4\framework\system\View\View.php(203): CodeIgniter\Exceptions\FrameworkException::forInvalidFile('kepeg/vk_dash.p...')
#1 C:\xampp\htdocs\sdmpusri\vendor\codeigniter4\framework\system\Common.php(1217): CodeIgniter\View\View->render('kepeg/vk_dash', Array, true)
#2 C:\xampp\htdocs\sdmpusri\app\Controllers\Kepeg.php(22): view('kepeg/vk_dash', Array)
#3 C:\xampp\htdocs\sdmpusri\vendor\codeigniter4\framework\system\CodeIgniter.php(936): App\Controllers\Kepeg->dashkepeg()
#4 C:\xampp\htdocs\sdmpusri\vendor\codeigniter4\framework\system\CodeIgniter.php(432): CodeIgniter\CodeIgniter->runController(Object(App\Controllers\Kepeg))
#5 C:\xampp\htdocs\sdmpusri\vendor\codeigniter4\framework\system\CodeIgniter.php(333): CodeIgniter\CodeIgniter->handleRequest(NULL, Object(Config\Cache), false)
#6 C:\xampp\htdocs\sdmpusri\public\index.php(44): CodeIgniter\CodeIgniter->run()
#7 C:\xampp\htdocs\sdmpusri\vendor\codeigniter4\framework\system\Commands\Server\rewrite.php(45): require_once('C:\\xampp\\htdocs...')
#8 {main}
CRITICAL - 2021-05-23 08:45:53 --> Invalid file: kepeg/vk_dash.php
#0 C:\xampp\htdocs\sdmpusri\vendor\codeigniter4\framework\system\View\View.php(203): CodeIgniter\Exceptions\FrameworkException::forInvalidFile('kepeg/vk_dash.p...')
#1 C:\xampp\htdocs\sdmpusri\vendor\codeigniter4\framework\system\Common.php(1217): CodeIgniter\View\View->render('kepeg/vk_dash', Array, true)
#2 C:\xampp\htdocs\sdmpusri\app\Controllers\Kepeg.php(22): view('kepeg/vk_dash', Array)
#3 C:\xampp\htdocs\sdmpusri\vendor\codeigniter4\framework\system\CodeIgniter.php(936): App\Controllers\Kepeg->dashkepeg()
#4 C:\xampp\htdocs\sdmpusri\vendor\codeigniter4\framework\system\CodeIgniter.php(432): CodeIgniter\CodeIgniter->runController(Object(App\Controllers\Kepeg))
#5 C:\xampp\htdocs\sdmpusri\vendor\codeigniter4\framework\system\CodeIgniter.php(333): CodeIgniter\CodeIgniter->handleRequest(NULL, Object(Config\Cache), false)
#6 C:\xampp\htdocs\sdmpusri\public\index.php(44): CodeIgniter\CodeIgniter->run()
#7 C:\xampp\htdocs\sdmpusri\vendor\codeigniter4\framework\system\Commands\Server\rewrite.php(45): require_once('C:\\xampp\\htdocs...')
#8 {main}
CRITICAL - 2021-05-23 08:45:55 --> Invalid file: kepeg/vk_dash.php
#0 C:\xampp\htdocs\sdmpusri\vendor\codeigniter4\framework\system\View\View.php(203): CodeIgniter\Exceptions\FrameworkException::forInvalidFile('kepeg/vk_dash.p...')
#1 C:\xampp\htdocs\sdmpusri\vendor\codeigniter4\framework\system\Common.php(1217): CodeIgniter\View\View->render('kepeg/vk_dash', Array, true)
#2 C:\xampp\htdocs\sdmpusri\app\Controllers\Kepeg.php(22): view('kepeg/vk_dash', Array)
#3 C:\xampp\htdocs\sdmpusri\vendor\codeigniter4\framework\system\CodeIgniter.php(936): App\Controllers\Kepeg->dashkepeg()
#4 C:\xampp\htdocs\sdmpusri\vendor\codeigniter4\framework\system\CodeIgniter.php(432): CodeIgniter\CodeIgniter->runController(Object(App\Controllers\Kepeg))
#5 C:\xampp\htdocs\sdmpusri\vendor\codeigniter4\framework\system\CodeIgniter.php(333): CodeIgniter\CodeIgniter->handleRequest(NULL, Object(Config\Cache), false)
#6 C:\xampp\htdocs\sdmpusri\public\index.php(44): CodeIgniter\CodeIgniter->run()
#7 C:\xampp\htdocs\sdmpusri\vendor\codeigniter4\framework\system\Commands\Server\rewrite.php(45): require_once('C:\\xampp\\htdocs...')
#8 {main}
CRITICAL - 2021-05-23 08:45:56 --> Invalid file: kepeg/vk_dash.php
#0 C:\xampp\htdocs\sdmpusri\vendor\codeigniter4\framework\system\View\View.php(203): CodeIgniter\Exceptions\FrameworkException::forInvalidFile('kepeg/vk_dash.p...')
#1 C:\xampp\htdocs\sdmpusri\vendor\codeigniter4\framework\system\Common.php(1217): CodeIgniter\View\View->render('kepeg/vk_dash', Array, true)
#2 C:\xampp\htdocs\sdmpusri\app\Controllers\Kepeg.php(22): view('kepeg/vk_dash', Array)
#3 C:\xampp\htdocs\sdmpusri\vendor\codeigniter4\framework\system\CodeIgniter.php(936): App\Controllers\Kepeg->dashkepeg()
#4 C:\xampp\htdocs\sdmpusri\vendor\codeigniter4\framework\system\CodeIgniter.php(432): CodeIgniter\CodeIgniter->runController(Object(App\Controllers\Kepeg))
#5 C:\xampp\htdocs\sdmpusri\vendor\codeigniter4\framework\system\CodeIgniter.php(333): CodeIgniter\CodeIgniter->handleRequest(NULL, Object(Config\Cache), false)
#6 C:\xampp\htdocs\sdmpusri\public\index.php(44): CodeIgniter\CodeIgniter->run()
#7 C:\xampp\htdocs\sdmpusri\vendor\codeigniter4\framework\system\Commands\Server\rewrite.php(45): require_once('C:\\xampp\\htdocs...')
#8 {main}
CRITICAL - 2021-05-23 08:46:49 --> Invalid file: layout/v_header.php
#0 C:\xampp\htdocs\sdmpusri\vendor\codeigniter4\framework\system\View\View.php(203): CodeIgniter\Exceptions\FrameworkException::forInvalidFile('layout/v_header...')
#1 C:\xampp\htdocs\sdmpusri\vendor\codeigniter4\framework\system\Common.php(1217): CodeIgniter\View\View->render('layout/v_header', Array, true)
#2 C:\xampp\htdocs\sdmpusri\app\Views\campur\vk_dash.php(2): view('layout/v_header')
#3 C:\xampp\htdocs\sdmpusri\vendor\codeigniter4\framework\system\View\View.php(220): include('C:\\xampp\\htdocs...')
#4 C:\xampp\htdocs\sdmpusri\vendor\codeigniter4\framework\system\View\View.php(222): CodeIgniter\View\View->CodeIgniter\View\{closure}()
#5 C:\xampp\htdocs\sdmpusri\vendor\codeigniter4\framework\system\Common.php(1217): CodeIgniter\View\View->render('campur/vk_dash', Array, true)
#6 C:\xampp\htdocs\sdmpusri\app\Controllers\Kepeg.php(22): view('campur/vk_dash', Array)
#7 C:\xampp\htdocs\sdmpusri\vendor\codeigniter4\framework\system\CodeIgniter.php(936): App\Controllers\Kepeg->dashkepeg()
#8 C:\xampp\htdocs\sdmpusri\vendor\codeigniter4\framework\system\CodeIgniter.php(432): CodeIgniter\CodeIgniter->runController(Object(App\Controllers\Kepeg))
#9 C:\xampp\htdocs\sdmpusri\vendor\codeigniter4\framework\system\CodeIgniter.php(333): CodeIgniter\CodeIgniter->handleRequest(NULL, Object(Config\Cache), false)
#10 C:\xampp\htdocs\sdmpusri\public\index.php(44): CodeIgniter\CodeIgniter->run()
#11 C:\xampp\htdocs\sdmpusri\vendor\codeigniter4\framework\system\Commands\Server\rewrite.php(45): require_once('C:\\xampp\\htdocs...')
#12 {main}
CRITICAL - 2021-05-23 08:46:50 --> Invalid file: layout/v_header.php
#0 C:\xampp\htdocs\sdmpusri\vendor\codeigniter4\framework\system\View\View.php(203): CodeIgniter\Exceptions\FrameworkException::forInvalidFile('layout/v_header...')
#1 C:\xampp\htdocs\sdmpusri\vendor\codeigniter4\framework\system\Common.php(1217): CodeIgniter\View\View->render('layout/v_header', Array, true)
#2 C:\xampp\htdocs\sdmpusri\app\Views\campur\vk_dash.php(2): view('layout/v_header')
#3 C:\xampp\htdocs\sdmpusri\vendor\codeigniter4\framework\system\View\View.php(220): include('C:\\xampp\\htdocs...')
#4 C:\xampp\htdocs\sdmpusri\vendor\codeigniter4\framework\system\View\View.php(222): CodeIgniter\View\View->CodeIgniter\View\{closure}()
#5 C:\xampp\htdocs\sdmpusri\vendor\codeigniter4\framework\system\Common.php(1217): CodeIgniter\View\View->render('campur/vk_dash', Array, true)
#6 C:\xampp\htdocs\sdmpusri\app\Controllers\Kepeg.php(22): view('campur/vk_dash', Array)
#7 C:\xampp\htdocs\sdmpusri\vendor\codeigniter4\framework\system\CodeIgniter.php(936): App\Controllers\Kepeg->dashkepeg()
#8 C:\xampp\htdocs\sdmpusri\vendor\codeigniter4\framework\system\CodeIgniter.php(432): CodeIgniter\CodeIgniter->runController(Object(App\Controllers\Kepeg))
#9 C:\xampp\htdocs\sdmpusri\vendor\codeigniter4\framework\system\CodeIgniter.php(333): CodeIgniter\CodeIgniter->handleRequest(NULL, Object(Config\Cache), false)
#10 C:\xampp\htdocs\sdmpusri\public\index.php(44): CodeIgniter\CodeIgniter->run()
#11 C:\xampp\htdocs\sdmpusri\vendor\codeigniter4\framework\system\Commands\Server\rewrite.php(45): require_once('C:\\xampp\\htdocs...')
#12 {main}
CRITICAL - 2021-05-23 08:47:12 --> Invalid file: layout/v_header.php
#0 C:\xampp\htdocs\sdmpusri\vendor\codeigniter4\framework\system\View\View.php(203): CodeIgniter\Exceptions\FrameworkException::forInvalidFile('layout/v_header...')
#1 C:\xampp\htdocs\sdmpusri\vendor\codeigniter4\framework\system\Common.php(1217): CodeIgniter\View\View->render('layout/v_header', Array, true)
#2 C:\xampp\htdocs\sdmpusri\app\Views\campur\vk_dash.php(2): view('layout/v_header')
#3 C:\xampp\htdocs\sdmpusri\vendor\codeigniter4\framework\system\View\View.php(220): include('C:\\xampp\\htdocs...')
#4 C:\xampp\htdocs\sdmpusri\vendor\codeigniter4\framework\system\View\View.php(222): CodeIgniter\View\View->CodeIgniter\View\{closure}()
#5 C:\xampp\htdocs\sdmpusri\vendor\codeigniter4\framework\system\Common.php(1217): CodeIgniter\View\View->render('campur/vk_dash', Array, true)
#6 C:\xampp\htdocs\sdmpusri\app\Controllers\Kepeg.php(22): view('campur/vk_dash', Array)
#7 C:\xampp\htdocs\sdmpusri\vendor\codeigniter4\framework\system\CodeIgniter.php(936): App\Controllers\Kepeg->dashkepeg()
#8 C:\xampp\htdocs\sdmpusri\vendor\codeigniter4\framework\system\CodeIgniter.php(432): CodeIgniter\CodeIgniter->runController(Object(App\Controllers\Kepeg))
#9 C:\xampp\htdocs\sdmpusri\vendor\codeigniter4\framework\system\CodeIgniter.php(333): CodeIgniter\CodeIgniter->handleRequest(NULL, Object(Config\Cache), false)
#10 C:\xampp\htdocs\sdmpusri\public\index.php(44): CodeIgniter\CodeIgniter->run()
#11 C:\xampp\htdocs\sdmpusri\vendor\codeigniter4\framework\system\Commands\Server\rewrite.php(45): require_once('C:\\xampp\\htdocs...')
#12 {main}
CRITICAL - 2021-05-23 08:47:14 --> Invalid file: layout/v_header.php
#0 C:\xampp\htdocs\sdmpusri\vendor\codeigniter4\framework\system\View\View.php(203): CodeIgniter\Exceptions\FrameworkException::forInvalidFile('layout/v_header...')
#1 C:\xampp\htdocs\sdmpusri\vendor\codeigniter4\framework\system\Common.php(1217): CodeIgniter\View\View->render('layout/v_header', Array, true)
#2 C:\xampp\htdocs\sdmpusri\app\Views\campur\vk_dash.php(2): view('layout/v_header')
#3 C:\xampp\htdocs\sdmpusri\vendor\codeigniter4\framework\system\View\View.php(220): include('C:\\xampp\\htdocs...')
#4 C:\xampp\htdocs\sdmpusri\vendor\codeigniter4\framework\system\View\View.php(222): CodeIgniter\View\View->CodeIgniter\View\{closure}()
#5 C:\xampp\htdocs\sdmpusri\vendor\codeigniter4\framework\system\Common.php(1217): CodeIgniter\View\View->render('campur/vk_dash', Array, true)
#6 C:\xampp\htdocs\sdmpusri\app\Controllers\Kepeg.php(22): view('campur/vk_dash', Array)
#7 C:\xampp\htdocs\sdmpusri\vendor\codeigniter4\framework\system\CodeIgniter.php(936): App\Controllers\Kepeg->dashkepeg()
#8 C:\xampp\htdocs\sdmpusri\vendor\codeigniter4\framework\system\CodeIgniter.php(432): CodeIgniter\CodeIgniter->runController(Object(App\Controllers\Kepeg))
#9 C:\xampp\htdocs\sdmpusri\vendor\codeigniter4\framework\system\CodeIgniter.php(333): CodeIgniter\CodeIgniter->handleRequest(NULL, Object(Config\Cache), false)
#10 C:\xampp\htdocs\sdmpusri\public\index.php(44): CodeIgniter\CodeIgniter->run()
#11 C:\xampp\htdocs\sdmpusri\vendor\codeigniter4\framework\system\Commands\Server\rewrite.php(45): require_once('C:\\xampp\\htdocs...')
#12 {main}
CRITICAL - 2021-05-23 08:47:15 --> Invalid file: layout/v_header.php
#0 C:\xampp\htdocs\sdmpusri\vendor\codeigniter4\framework\system\View\View.php(203): CodeIgniter\Exceptions\FrameworkException::forInvalidFile('layout/v_header...')
#1 C:\xampp\htdocs\sdmpusri\vendor\codeigniter4\framework\system\Common.php(1217): CodeIgniter\View\View->render('layout/v_header', Array, true)
#2 C:\xampp\htdocs\sdmpusri\app\Views\campur\vk_dash.php(2): view('layout/v_header')
#3 C:\xampp\htdocs\sdmpusri\vendor\codeigniter4\framework\system\View\View.php(220): include('C:\\xampp\\htdocs...')
#4 C:\xampp\htdocs\sdmpusri\vendor\codeigniter4\framework\system\View\View.php(222): CodeIgniter\View\View->CodeIgniter\View\{closure}()
#5 C:\xampp\htdocs\sdmpusri\vendor\codeigniter4\framework\system\Common.php(1217): CodeIgniter\View\View->render('campur/vk_dash', Array, true)
#6 C:\xampp\htdocs\sdmpusri\app\Controllers\Kepeg.php(22): view('campur/vk_dash', Array)
#7 C:\xampp\htdocs\sdmpusri\vendor\codeigniter4\framework\system\CodeIgniter.php(936): App\Controllers\Kepeg->dashkepeg()
#8 C:\xampp\htdocs\sdmpusri\vendor\codeigniter4\framework\system\CodeIgniter.php(432): CodeIgniter\CodeIgniter->runController(Object(App\Controllers\Kepeg))
#9 C:\xampp\htdocs\sdmpusri\vendor\codeigniter4\framework\system\CodeIgniter.php(333): CodeIgniter\CodeIgniter->handleRequest(NULL, Object(Config\Cache), false)
#10 C:\xampp\htdocs\sdmpusri\public\index.php(44): CodeIgniter\CodeIgniter->run()
#11 C:\xampp\htdocs\sdmpusri\vendor\codeigniter4\framework\system\Commands\Server\rewrite.php(45): require_once('C:\\xampp\\htdocs...')
#12 {main}
CRITICAL - 2021-05-23 08:47:15 --> Invalid file: layout/v_header.php
#0 C:\xampp\htdocs\sdmpusri\vendor\codeigniter4\framework\system\View\View.php(203): CodeIgniter\Exceptions\FrameworkException::forInvalidFile('layout/v_header...')
#1 C:\xampp\htdocs\sdmpusri\vendor\codeigniter4\framework\system\Common.php(1217): CodeIgniter\View\View->render('layout/v_header', Array, true)
#2 C:\xampp\htdocs\sdmpusri\app\Views\campur\vk_dash.php(2): view('layout/v_header')
#3 C:\xampp\htdocs\sdmpusri\vendor\codeigniter4\framework\system\View\View.php(220): include('C:\\xampp\\htdocs...')
#4 C:\xampp\htdocs\sdmpusri\vendor\codeigniter4\framework\system\View\View.php(222): CodeIgniter\View\View->CodeIgniter\View\{closure}()
#5 C:\xampp\htdocs\sdmpusri\vendor\codeigniter4\framework\system\Common.php(1217): CodeIgniter\View\View->render('campur/vk_dash', Array, true)
#6 C:\xampp\htdocs\sdmpusri\app\Controllers\Kepeg.php(22): view('campur/vk_dash', Array)
#7 C:\xampp\htdocs\sdmpusri\vendor\codeigniter4\framework\system\CodeIgniter.php(936): App\Controllers\Kepeg->dashkepeg()
#8 C:\xampp\htdocs\sdmpusri\vendor\codeigniter4\framework\system\CodeIgniter.php(432): CodeIgniter\CodeIgniter->runController(Object(App\Controllers\Kepeg))
#9 C:\xampp\htdocs\sdmpusri\vendor\codeigniter4\framework\system\CodeIgniter.php(333): CodeIgniter\CodeIgniter->handleRequest(NULL, Object(Config\Cache), false)
#10 C:\xampp\htdocs\sdmpusri\public\index.php(44): CodeIgniter\CodeIgniter->run()
#11 C:\xampp\htdocs\sdmpusri\vendor\codeigniter4\framework\system\Commands\Server\rewrite.php(45): require_once('C:\\xampp\\htdocs...')
#12 {main}
CRITICAL - 2021-05-23 08:47:15 --> Invalid file: layout/v_header.php
#0 C:\xampp\htdocs\sdmpusri\vendor\codeigniter4\framework\system\View\View.php(203): CodeIgniter\Exceptions\FrameworkException::forInvalidFile('layout/v_header...')
#1 C:\xampp\htdocs\sdmpusri\vendor\codeigniter4\framework\system\Common.php(1217): CodeIgniter\View\View->render('layout/v_header', Array, true)
#2 C:\xampp\htdocs\sdmpusri\app\Views\campur\vk_dash.php(2): view('layout/v_header')
#3 C:\xampp\htdocs\sdmpusri\vendor\codeigniter4\framework\system\View\View.php(220): include('C:\\xampp\\htdocs...')
#4 C:\xampp\htdocs\sdmpusri\vendor\codeigniter4\framework\system\View\View.php(222): CodeIgniter\View\View->CodeIgniter\View\{closure}()
#5 C:\xampp\htdocs\sdmpusri\vendor\codeigniter4\framework\system\Common.php(1217): CodeIgniter\View\View->render('campur/vk_dash', Array, true)
#6 C:\xampp\htdocs\sdmpusri\app\Controllers\Kepeg.php(22): view('campur/vk_dash', Array)
#7 C:\xampp\htdocs\sdmpusri\vendor\codeigniter4\framework\system\CodeIgniter.php(936): App\Controllers\Kepeg->dashkepeg()
#8 C:\xampp\htdocs\sdmpusri\vendor\codeigniter4\framework\system\CodeIgniter.php(432): CodeIgniter\CodeIgniter->runController(Object(App\Controllers\Kepeg))
#9 C:\xampp\htdocs\sdmpusri\vendor\codeigniter4\framework\system\CodeIgniter.php(333): CodeIgniter\CodeIgniter->handleRequest(NULL, Object(Config\Cache), false)
#10 C:\xampp\htdocs\sdmpusri\public\index.php(44): CodeIgniter\CodeIgniter->run()
#11 C:\xampp\htdocs\sdmpusri\vendor\codeigniter4\framework\system\Commands\Server\rewrite.php(45): require_once('C:\\xampp\\htdocs...')
#12 {main}
CRITICAL - 2021-05-23 08:47:46 --> Invalid file: layout/v_footer.php
#0 C:\xampp\htdocs\sdmpusri\vendor\codeigniter4\framework\system\View\View.php(203): CodeIgniter\Exceptions\FrameworkException::forInvalidFile('layout/v_footer...')
#1 C:\xampp\htdocs\sdmpusri\vendor\codeigniter4\framework\system\Common.php(1217): CodeIgniter\View\View->render('layout/v_footer', Array, true)
#2 C:\xampp\htdocs\sdmpusri\app\Views\campur\vk_dash.php(22): view('layout/v_footer')
#3 C:\xampp\htdocs\sdmpusri\vendor\codeigniter4\framework\system\View\View.php(220): include('C:\\xampp\\htdocs...')
#4 C:\xampp\htdocs\sdmpusri\vendor\codeigniter4\framework\system\View\View.php(222): CodeIgniter\View\View->CodeIgniter\View\{closure}()
#5 C:\xampp\htdocs\sdmpusri\vendor\codeigniter4\framework\system\Common.php(1217): CodeIgniter\View\View->render('campur/vk_dash', Array, true)
#6 C:\xampp\htdocs\sdmpusri\app\Controllers\Kepeg.php(22): view('campur/vk_dash', Array)
#7 C:\xampp\htdocs\sdmpusri\vendor\codeigniter4\framework\system\CodeIgniter.php(936): App\Controllers\Kepeg->dashkepeg()
#8 C:\xampp\htdocs\sdmpusri\vendor\codeigniter4\framework\system\CodeIgniter.php(432): CodeIgniter\CodeIgniter->runController(Object(App\Controllers\Kepeg))
#9 C:\xampp\htdocs\sdmpusri\vendor\codeigniter4\framework\system\CodeIgniter.php(333): CodeIgniter\CodeIgniter->handleRequest(NULL, Object(Config\Cache), false)
#10 C:\xampp\htdocs\sdmpusri\public\index.php(44): CodeIgniter\CodeIgniter->run()
#11 C:\xampp\htdocs\sdmpusri\vendor\codeigniter4\framework\system\Commands\Server\rewrite.php(45): require_once('C:\\xampp\\htdocs...')
#12 {main}
CRITICAL - 2021-05-23 08:47:47 --> Invalid file: layout/v_footer.php
#0 C:\xampp\htdocs\sdmpusri\vendor\codeigniter4\framework\system\View\View.php(203): CodeIgniter\Exceptions\FrameworkException::forInvalidFile('layout/v_footer...')
#1 C:\xampp\htdocs\sdmpusri\vendor\codeigniter4\framework\system\Common.php(1217): CodeIgniter\View\View->render('layout/v_footer', Array, true)
#2 C:\xampp\htdocs\sdmpusri\app\Views\campur\vk_dash.php(22): view('layout/v_footer')
#3 C:\xampp\htdocs\sdmpusri\vendor\codeigniter4\framework\system\View\View.php(220): include('C:\\xampp\\htdocs...')
#4 C:\xampp\htdocs\sdmpusri\vendor\codeigniter4\framework\system\View\View.php(222): CodeIgniter\View\View->CodeIgniter\View\{closure}()
#5 C:\xampp\htdocs\sdmpusri\vendor\codeigniter4\framework\system\Common.php(1217): CodeIgniter\View\View->render('campur/vk_dash', Array, true)
#6 C:\xampp\htdocs\sdmpusri\app\Controllers\Kepeg.php(22): view('campur/vk_dash', Array)
#7 C:\xampp\htdocs\sdmpusri\vendor\codeigniter4\framework\system\CodeIgniter.php(936): App\Controllers\Kepeg->dashkepeg()
#8 C:\xampp\htdocs\sdmpusri\vendor\codeigniter4\framework\system\CodeIgniter.php(432): CodeIgniter\CodeIgniter->runController(Object(App\Controllers\Kepeg))
#9 C:\xampp\htdocs\sdmpusri\vendor\codeigniter4\framework\system\CodeIgniter.php(333): CodeIgniter\CodeIgniter->handleRequest(NULL, Object(Config\Cache), false)
#10 C:\xampp\htdocs\sdmpusri\public\index.php(44): CodeIgniter\CodeIgniter->run()
#11 C:\xampp\htdocs\sdmpusri\vendor\codeigniter4\framework\system\Commands\Server\rewrite.php(45): require_once('C:\\xampp\\htdocs...')
#12 {main}
CRITICAL - 2021-05-23 08:47:48 --> Invalid file: layout/v_footer.php
#0 C:\xampp\htdocs\sdmpusri\vendor\codeigniter4\framework\system\View\View.php(203): CodeIgniter\Exceptions\FrameworkException::forInvalidFile('layout/v_footer...')
#1 C:\xampp\htdocs\sdmpusri\vendor\codeigniter4\framework\system\Common.php(1217): CodeIgniter\View\View->render('layout/v_footer', Array, true)
#2 C:\xampp\htdocs\sdmpusri\app\Views\campur\vk_dash.php(22): view('layout/v_footer')
#3 C:\xampp\htdocs\sdmpusri\vendor\codeigniter4\framework\system\View\View.php(220): include('C:\\xampp\\htdocs...')
#4 C:\xampp\htdocs\sdmpusri\vendor\codeigniter4\framework\system\View\View.php(222): CodeIgniter\View\View->CodeIgniter\View\{closure}()
#5 C:\xampp\htdocs\sdmpusri\vendor\codeigniter4\framework\system\Common.php(1217): CodeIgniter\View\View->render('campur/vk_dash', Array, true)
#6 C:\xampp\htdocs\sdmpusri\app\Controllers\Kepeg.php(22): view('campur/vk_dash', Array)
#7 C:\xampp\htdocs\sdmpusri\vendor\codeigniter4\framework\system\CodeIgniter.php(936): App\Controllers\Kepeg->dashkepeg()
#8 C:\xampp\htdocs\sdmpusri\vendor\codeigniter4\framework\system\CodeIgniter.php(432): CodeIgniter\CodeIgniter->runController(Object(App\Controllers\Kepeg))
#9 C:\xampp\htdocs\sdmpusri\vendor\codeigniter4\framework\system\CodeIgniter.php(333): CodeIgniter\CodeIgniter->handleRequest(NULL, Object(Config\Cache), false)
#10 C:\xampp\htdocs\sdmpusri\public\index.php(44): CodeIgniter\CodeIgniter->run()
#11 C:\xampp\htdocs\sdmpusri\vendor\codeigniter4\framework\system\Commands\Server\rewrite.php(45): require_once('C:\\xampp\\htdocs...')
#12 {main}
CRITICAL - 2021-05-23 08:49:20 --> Class "Carbon\Carbon" not found
#0 C:\xampp\htdocs\sdmpusri\vendor\codeigniter4\framework\system\CodeIgniter.php(936): App\Controllers\Kepeg->datakepeg()
#1 C:\xampp\htdocs\sdmpusri\vendor\codeigniter4\framework\system\CodeIgniter.php(432): CodeIgniter\CodeIgniter->runController(Object(App\Controllers\Kepeg))
#2 C:\xampp\htdocs\sdmpusri\vendor\codeigniter4\framework\system\CodeIgniter.php(333): CodeIgniter\CodeIgniter->handleRequest(NULL, Object(Config\Cache), false)
#3 C:\xampp\htdocs\sdmpusri\public\index.php(44): CodeIgniter\CodeIgniter->run()
#4 C:\xampp\htdocs\sdmpusri\vendor\codeigniter4\framework\system\Commands\Server\rewrite.php(45): require_once('C:\\xampp\\htdocs...')
#5 {main}
CRITICAL - 2021-05-23 08:50:47 --> Class "App\Controllers\Carbon" not found
#0 C:\xampp\htdocs\sdmpusri\vendor\codeigniter4\framework\system\CodeIgniter.php(936): App\Controllers\Kepeg->datakepeg()
#1 C:\xampp\htdocs\sdmpusri\vendor\codeigniter4\framework\system\CodeIgniter.php(432): CodeIgniter\CodeIgniter->runController(Object(App\Controllers\Kepeg))
#2 C:\xampp\htdocs\sdmpusri\vendor\codeigniter4\framework\system\CodeIgniter.php(333): CodeIgniter\CodeIgniter->handleRequest(NULL, Object(Config\Cache), false)
#3 C:\xampp\htdocs\sdmpusri\public\index.php(44): CodeIgniter\CodeIgniter->run()
#4 C:\xampp\htdocs\sdmpusri\vendor\codeigniter4\framework\system\Commands\Server\rewrite.php(45): require_once('C:\\xampp\\htdocs...')
#5 {main}
CRITICAL - 2021-05-23 08:50:49 --> Class "App\Controllers\Carbon" not found
#0 C:\xampp\htdocs\sdmpusri\vendor\codeigniter4\framework\system\CodeIgniter.php(936): App\Controllers\Kepeg->datakepeg()
#1 C:\xampp\htdocs\sdmpusri\vendor\codeigniter4\framework\system\CodeIgniter.php(432): CodeIgniter\CodeIgniter->runController(Object(App\Controllers\Kepeg))
#2 C:\xampp\htdocs\sdmpusri\vendor\codeigniter4\framework\system\CodeIgniter.php(333): CodeIgniter\CodeIgniter->handleRequest(NULL, Object(Config\Cache), false)
#3 C:\xampp\htdocs\sdmpusri\public\index.php(44): CodeIgniter\CodeIgniter->run()
#4 C:\xampp\htdocs\sdmpusri\vendor\codeigniter4\framework\system\Commands\Server\rewrite.php(45): require_once('C:\\xampp\\htdocs...')
#5 {main}
CRITICAL - 2021-05-23 08:52:52 --> Class "Carbon\Carbon" not found
#0 C:\xampp\htdocs\sdmpusri\vendor\codeigniter4\framework\system\CodeIgniter.php(936): App\Controllers\Kepeg->datakepeg()
#1 C:\xampp\htdocs\sdmpusri\vendor\codeigniter4\framework\system\CodeIgniter.php(432): CodeIgniter\CodeIgniter->runController(Object(App\Controllers\Kepeg))
#2 C:\xampp\htdocs\sdmpusri\vendor\codeigniter4\framework\system\CodeIgniter.php(333): CodeIgniter\CodeIgniter->handleRequest(NULL, Object(Config\Cache), false)
#3 C:\xampp\htdocs\sdmpusri\public\index.php(44): CodeIgniter\CodeIgniter->run()
#4 C:\xampp\htdocs\sdmpusri\vendor\codeigniter4\framework\system\Commands\Server\rewrite.php(45): require_once('C:\\xampp\\htdocs...')
#5 {main}
ERROR - 2021-05-23 08:58:50 --> Table 'db_skeleton.tbl_expired' doesn't exist
CRITICAL - 2021-05-23 08:58:50 --> Table 'db_skeleton.tbl_expired' doesn't exist
#0 C:\xampp\htdocs\sdmpusri\vendor\codeigniter4\framework\system\Database\MySQLi\Connection.php(329): mysqli->query('SELECT t1.id_us...')
#1 C:\xampp\htdocs\sdmpusri\vendor\codeigniter4\framework\system\Database\BaseConnection.php(732): CodeIgniter\Database\MySQLi\Connection->execute('SELECT t1.id_us...')
#2 C:\xampp\htdocs\sdmpusri\vendor\codeigniter4\framework\system\Database\BaseConnection.php(647): CodeIgniter\Database\BaseConnection->simpleQuery('SELECT t1.id_us...')
#3 C:\xampp\htdocs\sdmpusri\app\Models\KepegModel.php(12): CodeIgniter\Database\BaseConnection->query('SELECT t1.id_us...')
#4 C:\xampp\htdocs\sdmpusri\app\Controllers\Kepeg.php(30): App\Models\KepegModel->tampilpegawai()
#5 C:\xampp\htdocs\sdmpusri\vendor\codeigniter4\framework\system\CodeIgniter.php(931): App\Controllers\Kepeg->datakepeg()
#6 C:\xampp\htdocs\sdmpusri\vendor\codeigniter4\framework\system\CodeIgniter.php(439): CodeIgniter\CodeIgniter->runController(Object(App\Controllers\Kepeg))
#7 C:\xampp\htdocs\sdmpusri\vendor\codeigniter4\framework\system\CodeIgniter.php(339): CodeIgniter\CodeIgniter->handleRequest(NULL, Object(Config\Cache), false)
#8 C:\xampp\htdocs\sdmpusri\public\index.php(44): CodeIgniter\CodeIgniter->run()
#9 C:\xampp\htdocs\sdmpusri\vendor\codeigniter4\framework\system\Commands\Server\rewrite.php(45): require_once('C:\\xampp\\htdocs...')
#10 {main}
CRITICAL - 2021-05-23 09:04:31 --> Cannot declare class App\Database\Migrations\TblExpired, because the name is already in use
#0 [internal function]: CodeIgniter\Debug\Exceptions->shutdownHandler()
#1 {main}
ERROR - 2021-05-23 09:05:37 --> Table 'db_skeleton.tbl_expired' doesn't exist
CRITICAL - 2021-05-23 09:05:37 --> Table 'db_skeleton.tbl_expired' doesn't exist
#0 C:\xampp\htdocs\sdmpusri\vendor\codeigniter4\framework\system\Database\MySQLi\Connection.php(329): mysqli->query('SELECT t1.id_us...')
#1 C:\xampp\htdocs\sdmpusri\vendor\codeigniter4\framework\system\Database\BaseConnection.php(732): CodeIgniter\Database\MySQLi\Connection->execute('SELECT t1.id_us...')
#2 C:\xampp\htdocs\sdmpusri\vendor\codeigniter4\framework\system\Database\BaseConnection.php(647): CodeIgniter\Database\BaseConnection->simpleQuery('SELECT t1.id_us...')
#3 C:\xampp\htdocs\sdmpusri\app\Models\KepegModel.php(12): CodeIgniter\Database\BaseConnection->query('SELECT t1.id_us...')
#4 C:\xampp\htdocs\sdmpusri\app\Controllers\Kepeg.php(30): App\Models\KepegModel->tampilpegawai()
#5 C:\xampp\htdocs\sdmpusri\vendor\codeigniter4\framework\system\CodeIgniter.php(931): App\Controllers\Kepeg->datakepeg()
#6 C:\xampp\htdocs\sdmpusri\vendor\codeigniter4\framework\system\CodeIgniter.php(439): CodeIgniter\CodeIgniter->runController(Object(App\Controllers\Kepeg))
#7 C:\xampp\htdocs\sdmpusri\vendor\codeigniter4\framework\system\CodeIgniter.php(339): CodeIgniter\CodeIgniter->handleRequest(NULL, Object(Config\Cache), false)
#8 C:\xampp\htdocs\sdmpusri\public\index.php(44): CodeIgniter\CodeIgniter->run()
#9 C:\xampp\htdocs\sdmpusri\vendor\codeigniter4\framework\system\Commands\Server\rewrite.php(45): require_once('C:\\xampp\\htdocs...')
#10 {main}
ERROR - 2021-05-23 09:05:39 --> Table 'db_skeleton.tbl_expired' doesn't exist
CRITICAL - 2021-05-23 09:05:39 --> Table 'db_skeleton.tbl_expired' doesn't exist
#0 C:\xampp\htdocs\sdmpusri\vendor\codeigniter4\framework\system\Database\MySQLi\Connection.php(329): mysqli->query('SELECT t1.id_us...')
#1 C:\xampp\htdocs\sdmpusri\vendor\codeigniter4\framework\system\Database\BaseConnection.php(732): CodeIgniter\Database\MySQLi\Connection->execute('SELECT t1.id_us...')
#2 C:\xampp\htdocs\sdmpusri\vendor\codeigniter4\framework\system\Database\BaseConnection.php(647): CodeIgniter\Database\BaseConnection->simpleQuery('SELECT t1.id_us...')
#3 C:\xampp\htdocs\sdmpusri\app\Models\KepegModel.php(12): CodeIgniter\Database\BaseConnection->query('SELECT t1.id_us...')
#4 C:\xampp\htdocs\sdmpusri\app\Controllers\Kepeg.php(30): App\Models\KepegModel->tampilpegawai()
#5 C:\xampp\htdocs\sdmpusri\vendor\codeigniter4\framework\system\CodeIgniter.php(931): App\Controllers\Kepeg->datakepeg()
#6 C:\xampp\htdocs\sdmpusri\vendor\codeigniter4\framework\system\CodeIgniter.php(439): CodeIgniter\CodeIgniter->runController(Object(App\Controllers\Kepeg))
#7 C:\xampp\htdocs\sdmpusri\vendor\codeigniter4\framework\system\CodeIgniter.php(339): CodeIgniter\CodeIgniter->handleRequest(NULL, Object(Config\Cache), false)
#8 C:\xampp\htdocs\sdmpusri\public\index.php(44): CodeIgniter\CodeIgniter->run()
#9 C:\xampp\htdocs\sdmpusri\vendor\codeigniter4\framework\system\Commands\Server\rewrite.php(45): require_once('C:\\xampp\\htdocs...')
#10 {main}
ERROR - 2021-05-23 09:05:40 --> Table 'db_skeleton.tbl_expired' doesn't exist
CRITICAL - 2021-05-23 09:05:40 --> Table 'db_skeleton.tbl_expired' doesn't exist
#0 C:\xampp\htdocs\sdmpusri\vendor\codeigniter4\framework\system\Database\MySQLi\Connection.php(329): mysqli->query('SELECT t1.id_us...')
#1 C:\xampp\htdocs\sdmpusri\vendor\codeigniter4\framework\system\Database\BaseConnection.php(732): CodeIgniter\Database\MySQLi\Connection->execute('SELECT t1.id_us...')
#2 C:\xampp\htdocs\sdmpusri\vendor\codeigniter4\framework\system\Database\BaseConnection.php(647): CodeIgniter\Database\BaseConnection->simpleQuery('SELECT t1.id_us...')
#3 C:\xampp\htdocs\sdmpusri\app\Models\KepegModel.php(12): CodeIgniter\Database\BaseConnection->query('SELECT t1.id_us...')
#4 C:\xampp\htdocs\sdmpusri\app\Controllers\Kepeg.php(30): App\Models\KepegModel->tampilpegawai()
#5 C:\xampp\htdocs\sdmpusri\vendor\codeigniter4\framework\system\CodeIgniter.php(931): App\Controllers\Kepeg->datakepeg()
#6 C:\xampp\htdocs\sdmpusri\vendor\codeigniter4\framework\system\CodeIgniter.php(439): CodeIgniter\CodeIgniter->runController(Object(App\Controllers\Kepeg))
#7 C:\xampp\htdocs\sdmpusri\vendor\codeigniter4\framework\system\CodeIgniter.php(339): CodeIgniter\CodeIgniter->handleRequest(NULL, Object(Config\Cache), false)
#8 C:\xampp\htdocs\sdmpusri\public\index.php(44): CodeIgniter\CodeIgniter->run()
#9 C:\xampp\htdocs\sdmpusri\vendor\codeigniter4\framework\system\Commands\Server\rewrite.php(45): require_once('C:\\xampp\\htdocs...')
#10 {main}
ERROR - 2021-05-23 09:07:55 --> Table 'db_skeleton.tbl_pegawai' doesn't exist
CRITICAL - 2021-05-23 09:07:55 --> Table 'db_skeleton.tbl_pegawai' doesn't exist
#0 C:\xampp\htdocs\sdmpusri\vendor\codeigniter4\framework\system\Database\MySQLi\Connection.php(329): mysqli->query('SELECT t1.id_us...')
#1 C:\xampp\htdocs\sdmpusri\vendor\codeigniter4\framework\system\Database\BaseConnection.php(732): CodeIgniter\Database\MySQLi\Connection->execute('SELECT t1.id_us...')
#2 C:\xampp\htdocs\sdmpusri\vendor\codeigniter4\framework\system\Database\BaseConnection.php(647): CodeIgniter\Database\BaseConnection->simpleQuery('SELECT t1.id_us...')
#3 C:\xampp\htdocs\sdmpusri\app\Models\KepegModel.php(12): CodeIgniter\Database\BaseConnection->query('SELECT t1.id_us...')
#4 C:\xampp\htdocs\sdmpusri\app\Controllers\Kepeg.php(30): App\Models\KepegModel->tampilpegawai()
#5 C:\xampp\htdocs\sdmpusri\vendor\codeigniter4\framework\system\CodeIgniter.php(931): App\Controllers\Kepeg->datakepeg()
#6 C:\xampp\htdocs\sdmpusri\vendor\codeigniter4\framework\system\CodeIgniter.php(439): CodeIgniter\CodeIgniter->runController(Object(App\Controllers\Kepeg))
#7 C:\xampp\htdocs\sdmpusri\vendor\codeigniter4\framework\system\CodeIgniter.php(339): CodeIgniter\CodeIgniter->handleRequest(NULL, Object(Config\Cache), false)
#8 C:\xampp\htdocs\sdmpusri\public\index.php(44): CodeIgniter\CodeIgniter->run()
#9 C:\xampp\htdocs\sdmpusri\vendor\codeigniter4\framework\system\Commands\Server\rewrite.php(45): require_once('C:\\xampp\\htdocs...')
#10 {main}
ERROR - 2021-05-23 09:07:57 --> Table 'db_skeleton.tbl_pegawai' doesn't exist
CRITICAL - 2021-05-23 09:07:57 --> Table 'db_skeleton.tbl_pegawai' doesn't exist
#0 C:\xampp\htdocs\sdmpusri\vendor\codeigniter4\framework\system\Database\MySQLi\Connection.php(329): mysqli->query('SELECT t1.id_us...')
#1 C:\xampp\htdocs\sdmpusri\vendor\codeigniter4\framework\system\Database\BaseConnection.php(732): CodeIgniter\Database\MySQLi\Connection->execute('SELECT t1.id_us...')
#2 C:\xampp\htdocs\sdmpusri\vendor\codeigniter4\framework\system\Database\BaseConnection.php(647): CodeIgniter\Database\BaseConnection->simpleQuery('SELECT t1.id_us...')
#3 C:\xampp\htdocs\sdmpusri\app\Models\KepegModel.php(12): CodeIgniter\Database\BaseConnection->query('SELECT t1.id_us...')
#4 C:\xampp\htdocs\sdmpusri\app\Controllers\Kepeg.php(30): App\Models\KepegModel->tampilpegawai()
#5 C:\xampp\htdocs\sdmpusri\vendor\codeigniter4\framework\system\CodeIgniter.php(931): App\Controllers\Kepeg->datakepeg()
#6 C:\xampp\htdocs\sdmpusri\vendor\codeigniter4\framework\system\CodeIgniter.php(439): CodeIgniter\CodeIgniter->runController(Object(App\Controllers\Kepeg))
#7 C:\xampp\htdocs\sdmpusri\vendor\codeigniter4\framework\system\CodeIgniter.php(339): CodeIgniter\CodeIgniter->handleRequest(NULL, Object(Config\Cache), false)
#8 C:\xampp\htdocs\sdmpusri\public\index.php(44): CodeIgniter\CodeIgniter->run()
#9 C:\xampp\htdocs\sdmpusri\vendor\codeigniter4\framework\system\Commands\Server\rewrite.php(45): require_once('C:\\xampp\\htdocs...')
#10 {main}
ERROR - 2021-05-23 09:10:58 --> Table 'db_skeleton.tbl_pegawai' doesn't exist
CRITICAL - 2021-05-23 09:10:58 --> Table 'db_skeleton.tbl_pegawai' doesn't exist
#0 C:\xampp\htdocs\sdmpusri\vendor\codeigniter4\framework\system\Database\MySQLi\Connection.php(329): mysqli->query('SELECT t1.id_us...')
#1 C:\xampp\htdocs\sdmpusri\vendor\codeigniter4\framework\system\Database\BaseConnection.php(732): CodeIgniter\Database\MySQLi\Connection->execute('SELECT t1.id_us...')
#2 C:\xampp\htdocs\sdmpusri\vendor\codeigniter4\framework\system\Database\BaseConnection.php(647): CodeIgniter\Database\BaseConnection->simpleQuery('SELECT t1.id_us...')
#3 C:\xampp\htdocs\sdmpusri\app\Models\KepegModel.php(12): CodeIgniter\Database\BaseConnection->query('SELECT t1.id_us...')
#4 C:\xampp\htdocs\sdmpusri\app\Controllers\Kepeg.php(30): App\Models\KepegModel->tampilpegawai()
#5 C:\xampp\htdocs\sdmpusri\vendor\codeigniter4\framework\system\CodeIgniter.php(931): App\Controllers\Kepeg->datakepeg()
#6 C:\xampp\htdocs\sdmpusri\vendor\codeigniter4\framework\system\CodeIgniter.php(439): CodeIgniter\CodeIgniter->runController(Object(App\Controllers\Kepeg))
#7 C:\xampp\htdocs\sdmpusri\vendor\codeigniter4\framework\system\CodeIgniter.php(339): CodeIgniter\CodeIgniter->handleRequest(NULL, Object(Config\Cache), false)
#8 C:\xampp\htdocs\sdmpusri\public\index.php(44): CodeIgniter\CodeIgniter->run()
#9 C:\xampp\htdocs\sdmpusri\vendor\codeigniter4\framework\system\Commands\Server\rewrite.php(45): require_once('C:\\xampp\\htdocs...')
#10 {main}
ERROR - 2021-05-23 09:10:59 --> Table 'db_skeleton.tbl_pegawai' doesn't exist
CRITICAL - 2021-05-23 09:10:59 --> Table 'db_skeleton.tbl_pegawai' doesn't exist
#0 C:\xampp\htdocs\sdmpusri\vendor\codeigniter4\framework\system\Database\MySQLi\Connection.php(329): mysqli->query('SELECT t1.id_us...')
#1 C:\xampp\htdocs\sdmpusri\vendor\codeigniter4\framework\system\Database\BaseConnection.php(732): CodeIgniter\Database\MySQLi\Connection->execute('SELECT t1.id_us...')
#2 C:\xampp\htdocs\sdmpusri\vendor\codeigniter4\framework\system\Database\BaseConnection.php(647): CodeIgniter\Database\BaseConnection->simpleQuery('SELECT t1.id_us...')
#3 C:\xampp\htdocs\sdmpusri\app\Models\KepegModel.php(12): CodeIgniter\Database\BaseConnection->query('SELECT t1.id_us...')
#4 C:\xampp\htdocs\sdmpusri\app\Controllers\Kepeg.php(30): App\Models\KepegModel->tampilpegawai()
#5 C:\xampp\htdocs\sdmpusri\vendor\codeigniter4\framework\system\CodeIgniter.php(931): App\Controllers\Kepeg->datakepeg()
#6 C:\xampp\htdocs\sdmpusri\vendor\codeigniter4\framework\system\CodeIgniter.php(439): CodeIgniter\CodeIgniter->runController(Object(App\Controllers\Kepeg))
#7 C:\xampp\htdocs\sdmpusri\vendor\codeigniter4\framework\system\CodeIgniter.php(339): CodeIgniter\CodeIgniter->handleRequest(NULL, Object(Config\Cache), false)
#8 C:\xampp\htdocs\sdmpusri\public\index.php(44): CodeIgniter\CodeIgniter->run()
#9 C:\xampp\htdocs\sdmpusri\vendor\codeigniter4\framework\system\Commands\Server\rewrite.php(45): require_once('C:\\xampp\\htdocs...')
#10 {main}
ERROR - 2021-05-23 09:11:00 --> Table 'db_skeleton.tbl_pegawai' doesn't exist
CRITICAL - 2021-05-23 09:11:00 --> Table 'db_skeleton.tbl_pegawai' doesn't exist
#0 C:\xampp\htdocs\sdmpusri\vendor\codeigniter4\framework\system\Database\MySQLi\Connection.php(329): mysqli->query('SELECT t1.id_us...')
#1 C:\xampp\htdocs\sdmpusri\vendor\codeigniter4\framework\system\Database\BaseConnection.php(732): CodeIgniter\Database\MySQLi\Connection->execute('SELECT t1.id_us...')
#2 C:\xampp\htdocs\sdmpusri\vendor\codeigniter4\framework\system\Database\BaseConnection.php(647): CodeIgniter\Database\BaseConnection->simpleQuery('SELECT t1.id_us...')
#3 C:\xampp\htdocs\sdmpusri\app\Models\KepegModel.php(12): CodeIgniter\Database\BaseConnection->query('SELECT t1.id_us...')
#4 C:\xampp\htdocs\sdmpusri\app\Controllers\Kepeg.php(30): App\Models\KepegModel->tampilpegawai()
#5 C:\xampp\htdocs\sdmpusri\vendor\codeigniter4\framework\system\CodeIgniter.php(931): App\Controllers\Kepeg->datakepeg()
#6 C:\xampp\htdocs\sdmpusri\vendor\codeigniter4\framework\system\CodeIgniter.php(439): CodeIgniter\CodeIgniter->runController(Object(App\Controllers\Kepeg))
#7 C:\xampp\htdocs\sdmpusri\vendor\codeigniter4\framework\system\CodeIgniter.php(339): CodeIgniter\CodeIgniter->handleRequest(NULL, Object(Config\Cache), false)
#8 C:\xampp\htdocs\sdmpusri\public\index.php(44): CodeIgniter\CodeIgniter->run()
#9 C:\xampp\htdocs\sdmpusri\vendor\codeigniter4\framework\system\Commands\Server\rewrite.php(45): require_once('C:\\xampp\\htdocs...')
#10 {main}
ERROR - 2021-05-23 09:11:57 --> Table 'db_skeleton.tbl_pegawai' doesn't exist
CRITICAL - 2021-05-23 09:11:57 --> Table 'db_skeleton.tbl_pegawai' doesn't exist
#0 C:\xampp\htdocs\sdmpusri\vendor\codeigniter4\framework\system\Database\MySQLi\Connection.php(329): mysqli->query('SELECT t1.id_us...')
#1 C:\xampp\htdocs\sdmpusri\vendor\codeigniter4\framework\system\Database\BaseConnection.php(732): CodeIgniter\Database\MySQLi\Connection->execute('SELECT t1.id_us...')
#2 C:\xampp\htdocs\sdmpusri\vendor\codeigniter4\framework\system\Database\BaseConnection.php(647): CodeIgniter\Database\BaseConnection->simpleQuery('SELECT t1.id_us...')
#3 C:\xampp\htdocs\sdmpusri\app\Models\KepegModel.php(12): CodeIgniter\Database\BaseConnection->query('SELECT t1.id_us...')
#4 C:\xampp\htdocs\sdmpusri\app\Controllers\Kepeg.php(30): App\Models\KepegModel->tampilpegawai()
#5 C:\xampp\htdocs\sdmpusri\vendor\codeigniter4\framework\system\CodeIgniter.php(931): App\Controllers\Kepeg->datakepeg()
#6 C:\xampp\htdocs\sdmpusri\vendor\codeigniter4\framework\system\CodeIgniter.php(439): CodeIgniter\CodeIgniter->runController(Object(App\Controllers\Kepeg))
#7 C:\xampp\htdocs\sdmpusri\vendor\codeigniter4\framework\system\CodeIgniter.php(339): CodeIgniter\CodeIgniter->handleRequest(NULL, Object(Config\Cache), false)
#8 C:\xampp\htdocs\sdmpusri\public\index.php(44): CodeIgniter\CodeIgniter->run()
#9 C:\xampp\htdocs\sdmpusri\vendor\codeigniter4\framework\system\Commands\Server\rewrite.php(45): require_once('C:\\xampp\\htdocs...')
#10 {main}
ERROR - 2021-05-23 09:11:58 --> Table 'db_skeleton.tbl_pegawai' doesn't exist
CRITICAL - 2021-05-23 09:11:58 --> Table 'db_skeleton.tbl_pegawai' doesn't exist
#0 C:\xampp\htdocs\sdmpusri\vendor\codeigniter4\framework\system\Database\MySQLi\Connection.php(329): mysqli->query('SELECT t1.id_us...')
#1 C:\xampp\htdocs\sdmpusri\vendor\codeigniter4\framework\system\Database\BaseConnection.php(732): CodeIgniter\Database\MySQLi\Connection->execute('SELECT t1.id_us...')
#2 C:\xampp\htdocs\sdmpusri\vendor\codeigniter4\framework\system\Database\BaseConnection.php(647): CodeIgniter\Database\BaseConnection->simpleQuery('SELECT t1.id_us...')
#3 C:\xampp\htdocs\sdmpusri\app\Models\KepegModel.php(12): CodeIgniter\Database\BaseConnection->query('SELECT t1.id_us...')
#4 C:\xampp\htdocs\sdmpusri\app\Controllers\Kepeg.php(30): App\Models\KepegModel->tampilpegawai()
#5 C:\xampp\htdocs\sdmpusri\vendor\codeigniter4\framework\system\CodeIgniter.php(931): App\Controllers\Kepeg->datakepeg()
#6 C:\xampp\htdocs\sdmpusri\vendor\codeigniter4\framework\system\CodeIgniter.php(439): CodeIgniter\CodeIgniter->runController(Object(App\Controllers\Kepeg))
#7 C:\xampp\htdocs\sdmpusri\vendor\codeigniter4\framework\system\CodeIgniter.php(339): CodeIgniter\CodeIgniter->handleRequest(NULL, Object(Config\Cache), false)
#8 C:\xampp\htdocs\sdmpusri\public\index.php(44): CodeIgniter\CodeIgniter->run()
#9 C:\xampp\htdocs\sdmpusri\vendor\codeigniter4\framework\system\Commands\Server\rewrite.php(45): require_once('C:\\xampp\\htdocs...')
#10 {main}
ERROR - 2021-05-23 09:11:59 --> Table 'db_skeleton.tbl_pegawai' doesn't exist
CRITICAL - 2021-05-23 09:11:59 --> Table 'db_skeleton.tbl_pegawai' doesn't exist
#0 C:\xampp\htdocs\sdmpusri\vendor\codeigniter4\framework\system\Database\MySQLi\Connection.php(329): mysqli->query('SELECT t1.id_us...')
#1 C:\xampp\htdocs\sdmpusri\vendor\codeigniter4\framework\system\Database\BaseConnection.php(732): CodeIgniter\Database\MySQLi\Connection->execute('SELECT t1.id_us...')
#2 C:\xampp\htdocs\sdmpusri\vendor\codeigniter4\framework\system\Database\BaseConnection.php(647): CodeIgniter\Database\BaseConnection->simpleQuery('SELECT t1.id_us...')
#3 C:\xampp\htdocs\sdmpusri\app\Models\KepegModel.php(12): CodeIgniter\Database\BaseConnection->query('SELECT t1.id_us...')
#4 C:\xampp\htdocs\sdmpusri\app\Controllers\Kepeg.php(30): App\Models\KepegModel->tampilpegawai()
#5 C:\xampp\htdocs\sdmpusri\vendor\codeigniter4\framework\system\CodeIgniter.php(931): App\Controllers\Kepeg->datakepeg()
#6 C:\xampp\htdocs\sdmpusri\vendor\codeigniter4\framework\system\CodeIgniter.php(439): CodeIgniter\CodeIgniter->runController(Object(App\Controllers\Kepeg))
#7 C:\xampp\htdocs\sdmpusri\vendor\codeigniter4\framework\system\CodeIgniter.php(339): CodeIgniter\CodeIgniter->handleRequest(NULL, Object(Config\Cache), false)
#8 C:\xampp\htdocs\sdmpusri\public\index.php(44): CodeIgniter\CodeIgniter->run()
#9 C:\xampp\htdocs\sdmpusri\vendor\codeigniter4\framework\system\Commands\Server\rewrite.php(45): require_once('C:\\xampp\\htdocs...')
#10 {main}
ERROR - 2021-05-23 09:12:00 --> Table 'db_skeleton.tbl_pegawai' doesn't exist
CRITICAL - 2021-05-23 09:12:00 --> Table 'db_skeleton.tbl_pegawai' doesn't exist
#0 C:\xampp\htdocs\sdmpusri\vendor\codeigniter4\framework\system\Database\MySQLi\Connection.php(329): mysqli->query('SELECT t1.id_us...')
#1 C:\xampp\htdocs\sdmpusri\vendor\codeigniter4\framework\system\Database\BaseConnection.php(732): CodeIgniter\Database\MySQLi\Connection->execute('SELECT t1.id_us...')
#2 C:\xampp\htdocs\sdmpusri\vendor\codeigniter4\framework\system\Database\BaseConnection.php(647): CodeIgniter\Database\BaseConnection->simpleQuery('SELECT t1.id_us...')
#3 C:\xampp\htdocs\sdmpusri\app\Models\KepegModel.php(12): CodeIgniter\Database\BaseConnection->query('SELECT t1.id_us...')
#4 C:\xampp\htdocs\sdmpusri\app\Controllers\Kepeg.php(30): App\Models\KepegModel->tampilpegawai()
#5 C:\xampp\htdocs\sdmpusri\vendor\codeigniter4\framework\system\CodeIgniter.php(931): App\Controllers\Kepeg->datakepeg()
#6 C:\xampp\htdocs\sdmpusri\vendor\codeigniter4\framework\system\CodeIgniter.php(439): CodeIgniter\CodeIgniter->runController(Object(App\Controllers\Kepeg))
#7 C:\xampp\htdocs\sdmpusri\vendor\codeigniter4\framework\system\CodeIgniter.php(339): CodeIgniter\CodeIgniter->handleRequest(NULL, Object(Config\Cache), false)
#8 C:\xampp\htdocs\sdmpusri\public\index.php(44): CodeIgniter\CodeIgniter->run()
#9 C:\xampp\htdocs\sdmpusri\vendor\codeigniter4\framework\system\Commands\Server\rewrite.php(45): require_once('C:\\xampp\\htdocs...')
#10 {main}
ERROR - 2021-05-23 09:12:00 --> Table 'db_skeleton.tbl_pegawai' doesn't exist
CRITICAL - 2021-05-23 09:12:00 --> Table 'db_skeleton.tbl_pegawai' doesn't exist
#0 C:\xampp\htdocs\sdmpusri\vendor\codeigniter4\framework\system\Database\MySQLi\Connection.php(329): mysqli->query('SELECT t1.id_us...')
#1 C:\xampp\htdocs\sdmpusri\vendor\codeigniter4\framework\system\Database\BaseConnection.php(732): CodeIgniter\Database\MySQLi\Connection->execute('SELECT t1.id_us...')
#2 C:\xampp\htdocs\sdmpusri\vendor\codeigniter4\framework\system\Database\BaseConnection.php(647): CodeIgniter\Database\BaseConnection->simpleQuery('SELECT t1.id_us...')
#3 C:\xampp\htdocs\sdmpusri\app\Models\KepegModel.php(12): CodeIgniter\Database\BaseConnection->query('SELECT t1.id_us...')
#4 C:\xampp\htdocs\sdmpusri\app\Controllers\Kepeg.php(30): App\Models\KepegModel->tampilpegawai()
#5 C:\xampp\htdocs\sdmpusri\vendor\codeigniter4\framework\system\CodeIgniter.php(931): App\Controllers\Kepeg->datakepeg()
#6 C:\xampp\htdocs\sdmpusri\vendor\codeigniter4\framework\system\CodeIgniter.php(439): CodeIgniter\CodeIgniter->runController(Object(App\Controllers\Kepeg))
#7 C:\xampp\htdocs\sdmpusri\vendor\codeigniter4\framework\system\CodeIgniter.php(339): CodeIgniter\CodeIgniter->handleRequest(NULL, Object(Config\Cache), false)
#8 C:\xampp\htdocs\sdmpusri\public\index.php(44): CodeIgniter\CodeIgniter->run()
#9 C:\xampp\htdocs\sdmpusri\vendor\codeigniter4\framework\system\Commands\Server\rewrite.php(45): require_once('C:\\xampp\\htdocs...')
#10 {main}
CRITICAL - 2021-05-23 09:13:39 --> Invalid file: layout/v_header.php
#0 C:\xampp\htdocs\sdmpusri\vendor\codeigniter4\framework\system\View\View.php(213): CodeIgniter\Exceptions\FrameworkException::forInvalidFile('layout/v_header...')
#1 C:\xampp\htdocs\sdmpusri\vendor\codeigniter4\framework\system\Common.php(1250): CodeIgniter\View\View->render('layout/v_header', Array, true)
#2 C:\xampp\htdocs\sdmpusri\app\Views\campur\vk_datakepeg.php(2): view('layout/v_header')
#3 C:\xampp\htdocs\sdmpusri\vendor\codeigniter4\framework\system\View\View.php(230): include('C:\\xampp\\htdocs...')
#4 C:\xampp\htdocs\sdmpusri\vendor\codeigniter4\framework\system\View\View.php(232): CodeIgniter\View\View->CodeIgniter\View\{closure}()
#5 C:\xampp\htdocs\sdmpusri\vendor\codeigniter4\framework\system\Common.php(1250): CodeIgniter\View\View->render('campur/vk_datak...', Array, true)
#6 C:\xampp\htdocs\sdmpusri\app\Controllers\Kepeg.php(35): view('campur/vk_datak...', Array)
#7 C:\xampp\htdocs\sdmpusri\vendor\codeigniter4\framework\system\CodeIgniter.php(931): App\Controllers\Kepeg->datakepeg()
#8 C:\xampp\htdocs\sdmpusri\vendor\codeigniter4\framework\system\CodeIgniter.php(439): CodeIgniter\CodeIgniter->runController(Object(App\Controllers\Kepeg))
#9 C:\xampp\htdocs\sdmpusri\vendor\codeigniter4\framework\system\CodeIgniter.php(339): CodeIgniter\CodeIgniter->handleRequest(NULL, Object(Config\Cache), false)
#10 C:\xampp\htdocs\sdmpusri\public\index.php(44): CodeIgniter\CodeIgniter->run()
#11 C:\xampp\htdocs\sdmpusri\vendor\codeigniter4\framework\system\Commands\Server\rewrite.php(45): require_once('C:\\xampp\\htdocs...')
#12 {main}
CRITICAL - 2021-05-23 09:15:27 --> Invalid file: layout/v_footer.php
#0 C:\xampp\htdocs\sdmpusri\vendor\codeigniter4\framework\system\View\View.php(213): CodeIgniter\Exceptions\FrameworkException::forInvalidFile('layout/v_footer...')
#1 C:\xampp\htdocs\sdmpusri\vendor\codeigniter4\framework\system\Common.php(1250): CodeIgniter\View\View->render('layout/v_footer', Array, true)
#2 C:\xampp\htdocs\sdmpusri\app\Views\campur\vk_datakepeg.php(100): view('layout/v_footer')
#3 C:\xampp\htdocs\sdmpusri\vendor\codeigniter4\framework\system\View\View.php(230): include('C:\\xampp\\htdocs...')
#4 C:\xampp\htdocs\sdmpusri\vendor\codeigniter4\framework\system\View\View.php(232): CodeIgniter\View\View->CodeIgniter\View\{closure}()
#5 C:\xampp\htdocs\sdmpusri\vendor\codeigniter4\framework\system\Common.php(1250): CodeIgniter\View\View->render('campur/vk_datak...', Array, true)
#6 C:\xampp\htdocs\sdmpusri\app\Controllers\Kepeg.php(35): view('campur/vk_datak...', Array)
#7 C:\xampp\htdocs\sdmpusri\vendor\codeigniter4\framework\system\CodeIgniter.php(931): App\Controllers\Kepeg->datakepeg()
#8 C:\xampp\htdocs\sdmpusri\vendor\codeigniter4\framework\system\CodeIgniter.php(439): CodeIgniter\CodeIgniter->runController(Object(App\Controllers\Kepeg))
#9 C:\xampp\htdocs\sdmpusri\vendor\codeigniter4\framework\system\CodeIgniter.php(339): CodeIgniter\CodeIgniter->handleRequest(NULL, Object(Config\Cache), false)
#10 C:\xampp\htdocs\sdmpusri\public\index.php(44): CodeIgniter\CodeIgniter->run()
#11 C:\xampp\htdocs\sdmpusri\vendor\codeigniter4\framework\system\Commands\Server\rewrite.php(45): require_once('C:\\xampp\\htdocs...')
#12 {main}
CRITICAL - 2021-05-23 09:19:22 --> Invalid file: layout/v_header.php
#0 C:\xampp\htdocs\sdmpusri\vendor\codeigniter4\framework\system\View\View.php(213): CodeIgniter\Exceptions\FrameworkException::forInvalidFile('layout/v_header...')
#1 C:\xampp\htdocs\sdmpusri\vendor\codeigniter4\framework\system\Common.php(1250): CodeIgniter\View\View->render('layout/v_header', Array, true)
#2 C:\xampp\htdocs\sdmpusri\app\Views\campur\vk_datakepeg.php(2): view('layout/v_header')
#3 C:\xampp\htdocs\sdmpusri\vendor\codeigniter4\framework\system\View\View.php(230): include('C:\\xampp\\htdocs...')
#4 C:\xampp\htdocs\sdmpusri\vendor\codeigniter4\framework\system\View\View.php(232): CodeIgniter\View\View->CodeIgniter\View\{closure}()
#5 C:\xampp\htdocs\sdmpusri\vendor\codeigniter4\framework\system\Common.php(1250): CodeIgniter\View\View->render('campur/vk_datak...', Array, true)
#6 C:\xampp\htdocs\sdmpusri\app\Controllers\Kepeg.php(35): view('campur/vk_datak...', Array)
#7 C:\xampp\htdocs\sdmpusri\vendor\codeigniter4\framework\system\CodeIgniter.php(931): App\Controllers\Kepeg->datakepeg()
#8 C:\xampp\htdocs\sdmpusri\vendor\codeigniter4\framework\system\CodeIgniter.php(439): CodeIgniter\CodeIgniter->runController(Object(App\Controllers\Kepeg))
#9 C:\xampp\htdocs\sdmpusri\vendor\codeigniter4\framework\system\CodeIgniter.php(339): CodeIgniter\CodeIgniter->handleRequest(NULL, Object(Config\Cache), false)
#10 C:\xampp\htdocs\sdmpusri\public\index.php(44): CodeIgniter\CodeIgniter->run()
#11 C:\xampp\htdocs\sdmpusri\vendor\codeigniter4\framework\system\Commands\Server\rewrite.php(45): require_once('C:\\xampp\\htdocs...')
#12 {main}
CRITICAL - 2021-05-23 09:21:16 --> Invalid file: layout/v_footer.php
#0 C:\xampp\htdocs\sdmpusri\vendor\codeigniter4\framework\system\View\View.php(213): CodeIgniter\Exceptions\FrameworkException::forInvalidFile('layout/v_footer...')
#1 C:\xampp\htdocs\sdmpusri\vendor\codeigniter4\framework\system\Common.php(1250): CodeIgniter\View\View->render('layout/v_footer', Array, true)
#2 C:\xampp\htdocs\sdmpusri\app\Views\campur\vk_datakepeg.php(101): view('layout/v_footer')
#3 C:\xampp\htdocs\sdmpusri\vendor\codeigniter4\framework\system\View\View.php(230): include('C:\\xampp\\htdocs...')
#4 C:\xampp\htdocs\sdmpusri\vendor\codeigniter4\framework\system\View\View.php(232): CodeIgniter\View\View->CodeIgniter\View\{closure}()
#5 C:\xampp\htdocs\sdmpusri\vendor\codeigniter4\framework\system\Common.php(1250): CodeIgniter\View\View->render('campur/vk_datak...', Array, true)
#6 C:\xampp\htdocs\sdmpusri\app\Controllers\Kepeg.php(35): view('campur/vk_datak...', Array)
#7 C:\xampp\htdocs\sdmpusri\vendor\codeigniter4\framework\system\CodeIgniter.php(931): App\Controllers\Kepeg->datakepeg()
#8 C:\xampp\htdocs\sdmpusri\vendor\codeigniter4\framework\system\CodeIgniter.php(439): CodeIgniter\CodeIgniter->runController(Object(App\Controllers\Kepeg))
#9 C:\xampp\htdocs\sdmpusri\vendor\codeigniter4\framework\system\CodeIgniter.php(339): CodeIgniter\CodeIgniter->handleRequest(NULL, Object(Config\Cache), false)
#10 C:\xampp\htdocs\sdmpusri\public\index.php(44): CodeIgniter\CodeIgniter->run()
#11 C:\xampp\htdocs\sdmpusri\vendor\codeigniter4\framework\system\Commands\Server\rewrite.php(45): require_once('C:\\xampp\\htdocs...')
#12 {main}
CRITICAL - 2021-05-23 09:34:22 --> Cannot declare class App\Database\Seeds\UserSeeder, because the name is already in use
#0 [internal function]: CodeIgniter\Debug\Exceptions->shutdownHandler()
#1 {main}
CRITICAL - 2021-05-23 09:40:23 --> Invalid file: campur/vk_ubahdatakepeg.php
#0 C:\xampp\htdocs\sdmpusri\vendor\codeigniter4\framework\system\View\View.php(213): CodeIgniter\Exceptions\FrameworkException::forInvalidFile('campur/vk_ubahd...')
#1 C:\xampp\htdocs\sdmpusri\vendor\codeigniter4\framework\system\Common.php(1250): CodeIgniter\View\View->render('campur/vk_ubahd...', Array, true)
#2 C:\xampp\htdocs\sdmpusri\app\Controllers\Kepeg.php(47): view('campur/vk_ubahd...', Array)
#3 C:\xampp\htdocs\sdmpusri\vendor\codeigniter4\framework\system\CodeIgniter.php(931): App\Controllers\Kepeg->ubahpeg('1')
#4 C:\xampp\htdocs\sdmpusri\vendor\codeigniter4\framework\system\CodeIgniter.php(439): CodeIgniter\CodeIgniter->runController(Object(App\Controllers\Kepeg))
#5 C:\xampp\htdocs\sdmpusri\vendor\codeigniter4\framework\system\CodeIgniter.php(339): CodeIgniter\CodeIgniter->handleRequest(NULL, Object(Config\Cache), false)
#6 C:\xampp\htdocs\sdmpusri\public\index.php(44): CodeIgniter\CodeIgniter->run()
#7 C:\xampp\htdocs\sdmpusri\vendor\codeigniter4\framework\system\Commands\Server\rewrite.php(45): require_once('C:\\xampp\\htdocs...')
#8 {main}
CRITICAL - 2021-05-23 09:40:33 --> Too few arguments to function App\Controllers\Kepeg::ubahpeg(), 0 passed in C:\xampp\htdocs\sdmpusri\vendor\codeigniter4\framework\system\CodeIgniter.php on line 931 and exactly 1 expected
#0 C:\xampp\htdocs\sdmpusri\vendor\codeigniter4\framework\system\CodeIgniter.php(931): App\Controllers\Kepeg->ubahpeg()
#1 C:\xampp\htdocs\sdmpusri\vendor\codeigniter4\framework\system\CodeIgniter.php(439): CodeIgniter\CodeIgniter->runController(Object(App\Controllers\Kepeg))
#2 C:\xampp\htdocs\sdmpusri\vendor\codeigniter4\framework\system\CodeIgniter.php(339): CodeIgniter\CodeIgniter->handleRequest(NULL, Object(Config\Cache), false)
#3 C:\xampp\htdocs\sdmpusri\public\index.php(44): CodeIgniter\CodeIgniter->run()
#4 C:\xampp\htdocs\sdmpusri\vendor\codeigniter4\framework\system\Commands\Server\rewrite.php(45): require_once('C:\\xampp\\htdocs...')
#5 {main}
CRITICAL - 2021-05-23 09:45:40 --> Too few arguments to function App\Controllers\Kepeg::ubahpeg(), 0 passed in C:\xampp\htdocs\sdmpusri\vendor\codeigniter4\framework\system\CodeIgniter.php on line 931 and exactly 1 expected
#0 C:\xampp\htdocs\sdmpusri\vendor\codeigniter4\framework\system\CodeIgniter.php(931): App\Controllers\Kepeg->ubahpeg()
#1 C:\xampp\htdocs\sdmpusri\vendor\codeigniter4\framework\system\CodeIgniter.php(439): CodeIgniter\CodeIgniter->runController(Object(App\Controllers\Kepeg))
#2 C:\xampp\htdocs\sdmpusri\vendor\codeigniter4\framework\system\CodeIgniter.php(339): CodeIgniter\CodeIgniter->handleRequest(NULL, Object(Config\Cache), false)
#3 C:\xampp\htdocs\sdmpusri\public\index.php(44): CodeIgniter\CodeIgniter->run()
#4 C:\xampp\htdocs\sdmpusri\vendor\codeigniter4\framework\system\Commands\Server\rewrite.php(45): require_once('C:\\xampp\\htdocs...')
#5 {main}
CRITICAL - 2021-05-23 09:45:41 --> Too few arguments to function App\Controllers\Kepeg::ubahpeg(), 0 passed in C:\xampp\htdocs\sdmpusri\vendor\codeigniter4\framework\system\CodeIgniter.php on line 931 and exactly 1 expected
#0 C:\xampp\htdocs\sdmpusri\vendor\codeigniter4\framework\system\CodeIgniter.php(931): App\Controllers\Kepeg->ubahpeg()
#1 C:\xampp\htdocs\sdmpusri\vendor\codeigniter4\framework\system\CodeIgniter.php(439): CodeIgniter\CodeIgniter->runController(Object(App\Controllers\Kepeg))
#2 C:\xampp\htdocs\sdmpusri\vendor\codeigniter4\framework\system\CodeIgniter.php(339): CodeIgniter\CodeIgniter->handleRequest(NULL, Object(Config\Cache), false)
#3 C:\xampp\htdocs\sdmpusri\public\index.php(44): CodeIgniter\CodeIgniter->run()
#4 C:\xampp\htdocs\sdmpusri\vendor\codeigniter4\framework\system\Commands\Server\rewrite.php(45): require_once('C:\\xampp\\htdocs...')
#5 {main}
CRITICAL - 2021-05-23 09:45:42 --> Too few arguments to function App\Controllers\Kepeg::ubahpeg(), 0 passed in C:\xampp\htdocs\sdmpusri\vendor\codeigniter4\framework\system\CodeIgniter.php on line 931 and exactly 1 expected
#0 C:\xampp\htdocs\sdmpusri\vendor\codeigniter4\framework\system\CodeIgniter.php(931): App\Controllers\Kepeg->ubahpeg()
#1 C:\xampp\htdocs\sdmpusri\vendor\codeigniter4\framework\system\CodeIgniter.php(439): CodeIgniter\CodeIgniter->runController(Object(App\Controllers\Kepeg))
#2 C:\xampp\htdocs\sdmpusri\vendor\codeigniter4\framework\system\CodeIgniter.php(339): CodeIgniter\CodeIgniter->handleRequest(NULL, Object(Config\Cache), false)
#3 C:\xampp\htdocs\sdmpusri\public\index.php(44): CodeIgniter\CodeIgniter->run()
#4 C:\xampp\htdocs\sdmpusri\vendor\codeigniter4\framework\system\Commands\Server\rewrite.php(45): require_once('C:\\xampp\\htdocs...')
#5 {main}
CRITICAL - 2021-05-23 09:45:48 --> Invalid file: campur/vk_ubahdatakepeg.php
#0 C:\xampp\htdocs\sdmpusri\vendor\codeigniter4\framework\system\View\View.php(213): CodeIgniter\Exceptions\FrameworkException::forInvalidFile('campur/vk_ubahd...')
#1 C:\xampp\htdocs\sdmpusri\vendor\codeigniter4\framework\system\Common.php(1250): CodeIgniter\View\View->render('campur/vk_ubahd...', Array, true)
#2 C:\xampp\htdocs\sdmpusri\app\Controllers\Kepeg.php(47): view('campur/vk_ubahd...', Array)
#3 C:\xampp\htdocs\sdmpusri\vendor\codeigniter4\framework\system\CodeIgniter.php(931): App\Controllers\Kepeg->ubahpeg('1')
#4 C:\xampp\htdocs\sdmpusri\vendor\codeigniter4\framework\system\CodeIgniter.php(439): CodeIgniter\CodeIgniter->runController(Object(App\Controllers\Kepeg))
#5 C:\xampp\htdocs\sdmpusri\vendor\codeigniter4\framework\system\CodeIgniter.php(339): CodeIgniter\CodeIgniter->handleRequest(NULL, Object(Config\Cache), false)
#6 C:\xampp\htdocs\sdmpusri\public\index.php(44): CodeIgniter\CodeIgniter->run()
#7 C:\xampp\htdocs\sdmpusri\vendor\codeigniter4\framework\system\Commands\Server\rewrite.php(45): require_once('C:\\xampp\\htdocs...')
#8 {main}
CRITICAL - 2021-05-23 09:46:10 --> Invalid file: campur/vk_ubahdatakepeg.php
#0 C:\xampp\htdocs\sdmpusri\vendor\codeigniter4\framework\system\View\View.php(213): CodeIgniter\Exceptions\FrameworkException::forInvalidFile('campur/vk_ubahd...')
#1 C:\xampp\htdocs\sdmpusri\vendor\codeigniter4\framework\system\Common.php(1250): CodeIgniter\View\View->render('campur/vk_ubahd...', Array, true)
#2 C:\xampp\htdocs\sdmpusri\app\Controllers\Kepeg.php(47): view('campur/vk_ubahd...', Array)
#3 C:\xampp\htdocs\sdmpusri\vendor\codeigniter4\framework\system\CodeIgniter.php(931): App\Controllers\Kepeg->ubahpeg('22')
#4 C:\xampp\htdocs\sdmpusri\vendor\codeigniter4\framework\system\CodeIgniter.php(439): CodeIgniter\CodeIgniter->runController(Object(App\Controllers\Kepeg))
#5 C:\xampp\htdocs\sdmpusri\vendor\codeigniter4\framework\system\CodeIgniter.php(339): CodeIgniter\CodeIgniter->handleRequest(NULL, Object(Config\Cache), false)
#6 C:\xampp\htdocs\sdmpusri\public\index.php(44): CodeIgniter\CodeIgniter->run()
#7 C:\xampp\htdocs\sdmpusri\vendor\codeigniter4\framework\system\Commands\Server\rewrite.php(45): require_once('C:\\xampp\\htdocs...')
#8 {main}
CRITICAL - 2021-05-23 09:47:11 --> Invalid file: campur/vk_ubahdatakepeg.php
#0 C:\xampp\htdocs\sdmpusri\vendor\codeigniter4\framework\system\View\View.php(213): CodeIgniter\Exceptions\FrameworkException::forInvalidFile('campur/vk_ubahd...')
#1 C:\xampp\htdocs\sdmpusri\vendor\codeigniter4\framework\system\Common.php(1250): CodeIgniter\View\View->render('campur/vk_ubahd...', Array, true)
#2 C:\xampp\htdocs\sdmpusri\app\Controllers\Kepeg.php(47): view('campur/vk_ubahd...', Array)
#3 C:\xampp\htdocs\sdmpusri\vendor\codeigniter4\framework\system\CodeIgniter.php(931): App\Controllers\Kepeg->ubahpeg('2')
#4 C:\xampp\htdocs\sdmpusri\vendor\codeigniter4\framework\system\CodeIgniter.php(439): CodeIgniter\CodeIgniter->runController(Object(App\Controllers\Kepeg))
#5 C:\xampp\htdocs\sdmpusri\vendor\codeigniter4\framework\system\CodeIgniter.php(339): CodeIgniter\CodeIgniter->handleRequest(NULL, Object(Config\Cache), false)
#6 C:\xampp\htdocs\sdmpusri\public\index.php(44): CodeIgniter\CodeIgniter->run()
#7 C:\xampp\htdocs\sdmpusri\vendor\codeigniter4\framework\system\Commands\Server\rewrite.php(45): require_once('C:\\xampp\\htdocs...')
#8 {main}
CRITICAL - 2021-05-23 09:48:44 --> Invalid file: campur/v_header.php
#0 C:\xampp\htdocs\sdmpusri\vendor\codeigniter4\framework\system\View\View.php(213): CodeIgniter\Exceptions\FrameworkException::forInvalidFile('campur/v_header...')
#1 C:\xampp\htdocs\sdmpusri\vendor\codeigniter4\framework\system\Common.php(1250): CodeIgniter\View\View->render('campur/v_header', Array, true)
#2 C:\xampp\htdocs\sdmpusri\app\Views\campur\vk_ubahdatakepeg.php(2): view('campur/v_header')
#3 C:\xampp\htdocs\sdmpusri\vendor\codeigniter4\framework\system\View\View.php(230): include('C:\\xampp\\htdocs...')
#4 C:\xampp\htdocs\sdmpusri\vendor\codeigniter4\framework\system\View\View.php(232): CodeIgniter\View\View->CodeIgniter\View\{closure}()
#5 C:\xampp\htdocs\sdmpusri\vendor\codeigniter4\framework\system\Common.php(1250): CodeIgniter\View\View->render('campur/vk_ubahd...', Array, true)
#6 C:\xampp\htdocs\sdmpusri\app\Controllers\Kepeg.php(47): view('campur/vk_ubahd...', Array)
#7 C:\xampp\htdocs\sdmpusri\vendor\codeigniter4\framework\system\CodeIgniter.php(931): App\Controllers\Kepeg->ubahpeg('2')
#8 C:\xampp\htdocs\sdmpusri\vendor\codeigniter4\framework\system\CodeIgniter.php(439): CodeIgniter\CodeIgniter->runController(Object(App\Controllers\Kepeg))
#9 C:\xampp\htdocs\sdmpusri\vendor\codeigniter4\framework\system\CodeIgniter.php(339): CodeIgniter\CodeIgniter->handleRequest(NULL, Object(Config\Cache), false)
#10 C:\xampp\htdocs\sdmpusri\public\index.php(44): CodeIgniter\CodeIgniter->run()
#11 C:\xampp\htdocs\sdmpusri\vendor\codeigniter4\framework\system\Commands\Server\rewrite.php(45): require_once('C:\\xampp\\htdocs...')
#12 {main}
CRITICAL - 2021-05-23 09:48:45 --> Invalid file: campur/v_header.php
#0 C:\xampp\htdocs\sdmpusri\vendor\codeigniter4\framework\system\View\View.php(213): CodeIgniter\Exceptions\FrameworkException::forInvalidFile('campur/v_header...')
#1 C:\xampp\htdocs\sdmpusri\vendor\codeigniter4\framework\system\Common.php(1250): CodeIgniter\View\View->render('campur/v_header', Array, true)
#2 C:\xampp\htdocs\sdmpusri\app\Views\campur\vk_ubahdatakepeg.php(2): view('campur/v_header')
#3 C:\xampp\htdocs\sdmpusri\vendor\codeigniter4\framework\system\View\View.php(230): include('C:\\xampp\\htdocs...')
#4 C:\xampp\htdocs\sdmpusri\vendor\codeigniter4\framework\system\View\View.php(232): CodeIgniter\View\View->CodeIgniter\View\{closure}()
#5 C:\xampp\htdocs\sdmpusri\vendor\codeigniter4\framework\system\Common.php(1250): CodeIgniter\View\View->render('campur/vk_ubahd...', Array, true)
#6 C:\xampp\htdocs\sdmpusri\app\Controllers\Kepeg.php(47): view('campur/vk_ubahd...', Array)
#7 C:\xampp\htdocs\sdmpusri\vendor\codeigniter4\framework\system\CodeIgniter.php(931): App\Controllers\Kepeg->ubahpeg('2')
#8 C:\xampp\htdocs\sdmpusri\vendor\codeigniter4\framework\system\CodeIgniter.php(439): CodeIgniter\CodeIgniter->runController(Object(App\Controllers\Kepeg))
#9 C:\xampp\htdocs\sdmpusri\vendor\codeigniter4\framework\system\CodeIgniter.php(339): CodeIgniter\CodeIgniter->handleRequest(NULL, Object(Config\Cache), false)
#10 C:\xampp\htdocs\sdmpusri\public\index.php(44): CodeIgniter\CodeIgniter->run()
#11 C:\xampp\htdocs\sdmpusri\vendor\codeigniter4\framework\system\Commands\Server\rewrite.php(45): require_once('C:\\xampp\\htdocs...')
#12 {main}
CRITICAL - 2021-05-23 09:48:56 --> Invalid file: campur/vk_nav.php
#0 C:\xampp\htdocs\sdmpusri\vendor\codeigniter4\framework\system\View\View.php(213): CodeIgniter\Exceptions\FrameworkException::forInvalidFile('campur/vk_nav.p...')
#1 C:\xampp\htdocs\sdmpusri\vendor\codeigniter4\framework\system\Common.php(1250): CodeIgniter\View\View->render('campur/vk_nav', Array, true)
#2 C:\xampp\htdocs\sdmpusri\app\Views\campur\vk_ubahdatakepeg.php(3): view('campur/vk_nav')
#3 C:\xampp\htdocs\sdmpusri\vendor\codeigniter4\framework\system\View\View.php(230): include('C:\\xampp\\htdocs...')
#4 C:\xampp\htdocs\sdmpusri\vendor\codeigniter4\framework\system\View\View.php(232): CodeIgniter\View\View->CodeIgniter\View\{closure}()
#5 C:\xampp\htdocs\sdmpusri\vendor\codeigniter4\framework\system\Common.php(1250): CodeIgniter\View\View->render('campur/vk_ubahd...', Array, true)
#6 C:\xampp\htdocs\sdmpusri\app\Controllers\Kepeg.php(47): view('campur/vk_ubahd...', Array)
#7 C:\xampp\htdocs\sdmpusri\vendor\codeigniter4\framework\system\CodeIgniter.php(931): App\Controllers\Kepeg->ubahpeg('2')
#8 C:\xampp\htdocs\sdmpusri\vendor\codeigniter4\framework\system\CodeIgniter.php(439): CodeIgniter\CodeIgniter->runController(Object(App\Controllers\Kepeg))
#9 C:\xampp\htdocs\sdmpusri\vendor\codeigniter4\framework\system\CodeIgniter.php(339): CodeIgniter\CodeIgniter->handleRequest(NULL, Object(Config\Cache), false)
#10 C:\xampp\htdocs\sdmpusri\public\index.php(44): CodeIgniter\CodeIgniter->run()
#11 C:\xampp\htdocs\sdmpusri\vendor\codeigniter4\framework\system\Commands\Server\rewrite.php(45): require_once('C:\\xampp\\htdocs...')
#12 {main}
CRITICAL - 2021-05-23 09:49:04 --> Invalid file: campur/v_footer.php
#0 C:\xampp\htdocs\sdmpusri\vendor\codeigniter4\framework\system\View\View.php(213): CodeIgniter\Exceptions\FrameworkException::forInvalidFile('campur/v_footer...')
#1 C:\xampp\htdocs\sdmpusri\vendor\codeigniter4\framework\system\Common.php(1250): CodeIgniter\View\View->render('campur/v_footer', Array, true)
#2 C:\xampp\htdocs\sdmpusri\app\Views\campur\vk_ubahdatakepeg.php(70): view('campur/v_footer')
#3 C:\xampp\htdocs\sdmpusri\vendor\codeigniter4\framework\system\View\View.php(230): include('C:\\xampp\\htdocs...')
#4 C:\xampp\htdocs\sdmpusri\vendor\codeigniter4\framework\system\View\View.php(232): CodeIgniter\View\View->CodeIgniter\View\{closure}()
#5 C:\xampp\htdocs\sdmpusri\vendor\codeigniter4\framework\system\Common.php(1250): CodeIgniter\View\View->render('campur/vk_ubahd...', Array, true)
#6 C:\xampp\htdocs\sdmpusri\app\Controllers\Kepeg.php(47): view('campur/vk_ubahd...', Array)
#7 C:\xampp\htdocs\sdmpusri\vendor\codeigniter4\framework\system\CodeIgniter.php(931): App\Controllers\Kepeg->ubahpeg('2')
#8 C:\xampp\htdocs\sdmpusri\vendor\codeigniter4\framework\system\CodeIgniter.php(439): CodeIgniter\CodeIgniter->runController(Object(App\Controllers\Kepeg))
#9 C:\xampp\htdocs\sdmpusri\vendor\codeigniter4\framework\system\CodeIgniter.php(339): CodeIgniter\CodeIgniter->handleRequest(NULL, Object(Config\Cache), false)
#10 C:\xampp\htdocs\sdmpusri\public\index.php(44): CodeIgniter\CodeIgniter->run()
#11 C:\xampp\htdocs\sdmpusri\vendor\codeigniter4\framework\system\Commands\Server\rewrite.php(45): require_once('C:\\xampp\\htdocs...')
#12 {main}
CRITICAL - 2021-05-23 09:50:05 --> Too few arguments to function App\Controllers\Kepeg::ubahpeg(), 0 passed in C:\xampp\htdocs\sdmpusri\vendor\codeigniter4\framework\system\CodeIgniter.php on line 931 and exactly 1 expected
#0 C:\xampp\htdocs\sdmpusri\vendor\codeigniter4\framework\system\CodeIgniter.php(931): App\Controllers\Kepeg->ubahpeg()
#1 C:\xampp\htdocs\sdmpusri\vendor\codeigniter4\framework\system\CodeIgniter.php(439): CodeIgniter\CodeIgniter->runController(Object(App\Controllers\Kepeg))
#2 C:\xampp\htdocs\sdmpusri\vendor\codeigniter4\framework\system\CodeIgniter.php(339): CodeIgniter\CodeIgniter->handleRequest(NULL, Object(Config\Cache), false)
#3 C:\xampp\htdocs\sdmpusri\public\index.php(44): CodeIgniter\CodeIgniter->run()
#4 C:\xampp\htdocs\sdmpusri\vendor\codeigniter4\framework\system\Commands\Server\rewrite.php(45): require_once('C:\\xampp\\htdocs...')
#5 {main}
CRITICAL - 2021-05-23 21:51:45 --> Undefined property: CodeIgniter\View\View::$session
#0 C:\xampp\htdocs\sdmpusri\app\Views\campur\v_obat_html.php(5): CodeIgniter\Debug\Exceptions->errorHandler(2, 'Undefined prope...', 'C:\\xampp\\htdocs...', 5)
#1 C:\xampp\htdocs\sdmpusri\vendor\codeigniter4\framework\system\View\View.php(230): include('C:\\xampp\\htdocs...')
#2 C:\xampp\htdocs\sdmpusri\vendor\codeigniter4\framework\system\View\View.php(232): CodeIgniter\View\View->CodeIgniter\View\{closure}()
#3 C:\xampp\htdocs\sdmpusri\vendor\codeigniter4\framework\system\Common.php(1250): CodeIgniter\View\View->render('campur/v_obat_h...', Array, true)
#4 C:\xampp\htdocs\sdmpusri\app\Views\layouts\v_content.php(17): view('campur/v_obat_h...')
#5 C:\xampp\htdocs\sdmpusri\vendor\codeigniter4\framework\system\View\View.php(230): include('C:\\xampp\\htdocs...')
#6 C:\xampp\htdocs\sdmpusri\vendor\codeigniter4\framework\system\View\View.php(232): CodeIgniter\View\View->CodeIgniter\View\{closure}()
#7 C:\xampp\htdocs\sdmpusri\vendor\codeigniter4\framework\system\Common.php(1250): CodeIgniter\View\View->render('layouts/v_conte...', Array, true)
#8 C:\xampp\htdocs\sdmpusri\app\Views\layouts\v_wrapper.php(5): view('layouts/v_conte...')
#9 C:\xampp\htdocs\sdmpusri\vendor\codeigniter4\framework\system\View\View.php(230): include('C:\\xampp\\htdocs...')
#10 C:\xampp\htdocs\sdmpusri\vendor\codeigniter4\framework\system\View\View.php(232): CodeIgniter\View\View->CodeIgniter\View\{closure}()
#11 C:\xampp\htdocs\sdmpusri\vendor\codeigniter4\framework\system\Common.php(1250): CodeIgniter\View\View->render('layouts/v_wrapp...', Array, true)
#12 C:\xampp\htdocs\sdmpusri\app\Controllers\Obat.php(55): view('layouts/v_wrapp...', Array)
#13 C:\xampp\htdocs\sdmpusri\vendor\codeigniter4\framework\system\CodeIgniter.php(931): App\Controllers\Obat->cobahtml()
#14 C:\xampp\htdocs\sdmpusri\vendor\codeigniter4\framework\system\CodeIgniter.php(439): CodeIgniter\CodeIgniter->runController(Object(App\Controllers\Obat))
#15 C:\xampp\htdocs\sdmpusri\vendor\codeigniter4\framework\system\CodeIgniter.php(339): CodeIgniter\CodeIgniter->handleRequest(NULL, Object(Config\Cache), false)
#16 C:\xampp\htdocs\sdmpusri\public\index.php(44): CodeIgniter\CodeIgniter->run()
#17 C:\xampp\htdocs\sdmpusri\vendor\codeigniter4\framework\system\Commands\Server\rewrite.php(45): require_once('C:\\xampp\\htdocs...')
#18 {main}
CRITICAL - 2021-05-23 22:04:15 --> Undefined variable $namapegawai
#0 C:\xampp\htdocs\sdmpusri\app\Views\campur\v_obat_html.php(14): CodeIgniter\Debug\Exceptions->errorHandler(2, 'Undefined varia...', 'C:\\xampp\\htdocs...', 14)
#1 C:\xampp\htdocs\sdmpusri\vendor\codeigniter4\framework\system\View\View.php(230): include('C:\\xampp\\htdocs...')
#2 C:\xampp\htdocs\sdmpusri\vendor\codeigniter4\framework\system\View\View.php(232): CodeIgniter\View\View->CodeIgniter\View\{closure}()
#3 C:\xampp\htdocs\sdmpusri\vendor\codeigniter4\framework\system\Common.php(1250): CodeIgniter\View\View->render('campur/v_obat_h...', Array, true)
#4 C:\xampp\htdocs\sdmpusri\app\Views\layouts\v_content.php(17): view('campur/v_obat_h...')
#5 C:\xampp\htdocs\sdmpusri\vendor\codeigniter4\framework\system\View\View.php(230): include('C:\\xampp\\htdocs...')
#6 C:\xampp\htdocs\sdmpusri\vendor\codeigniter4\framework\system\View\View.php(232): CodeIgniter\View\View->CodeIgniter\View\{closure}()
#7 C:\xampp\htdocs\sdmpusri\vendor\codeigniter4\framework\system\Common.php(1250): CodeIgniter\View\View->render('layouts/v_conte...', Array, true)
#8 C:\xampp\htdocs\sdmpusri\app\Views\layouts\v_wrapper.php(5): view('layouts/v_conte...')
#9 C:\xampp\htdocs\sdmpusri\vendor\codeigniter4\framework\system\View\View.php(230): include('C:\\xampp\\htdocs...')
#10 C:\xampp\htdocs\sdmpusri\vendor\codeigniter4\framework\system\View\View.php(232): CodeIgniter\View\View->CodeIgniter\View\{closure}()
#11 C:\xampp\htdocs\sdmpusri\vendor\codeigniter4\framework\system\Common.php(1250): CodeIgniter\View\View->render('layouts/v_wrapp...', Array, true)
#12 C:\xampp\htdocs\sdmpusri\app\Controllers\Obat.php(55): view('layouts/v_wrapp...', Array)
#13 C:\xampp\htdocs\sdmpusri\vendor\codeigniter4\framework\system\CodeIgniter.php(931): App\Controllers\Obat->cobahtml()
#14 C:\xampp\htdocs\sdmpusri\vendor\codeigniter4\framework\system\CodeIgniter.php(439): CodeIgniter\CodeIgniter->runController(Object(App\Controllers\Obat))
#15 C:\xampp\htdocs\sdmpusri\vendor\codeigniter4\framework\system\CodeIgniter.php(339): CodeIgniter\CodeIgniter->handleRequest(NULL, Object(Config\Cache), false)
#16 C:\xampp\htdocs\sdmpusri\public\index.php(44): CodeIgniter\CodeIgniter->run()
#17 C:\xampp\htdocs\sdmpusri\vendor\codeigniter4\framework\system\Commands\Server\rewrite.php(45): require_once('C:\\xampp\\htdocs...')
#18 {main}
CRITICAL - 2021-05-23 22:10:28 --> Undefined variable $program
#0 C:\xampp\htdocs\sdmpusri\app\Views\campur\v_obat_html.php(132): CodeIgniter\Debug\Exceptions->errorHandler(2, 'Undefined varia...', 'C:\\xampp\\htdocs...', 132)
#1 C:\xampp\htdocs\sdmpusri\vendor\codeigniter4\framework\system\View\View.php(230): include('C:\\xampp\\htdocs...')
#2 C:\xampp\htdocs\sdmpusri\vendor\codeigniter4\framework\system\View\View.php(232): CodeIgniter\View\View->CodeIgniter\View\{closure}()
#3 C:\xampp\htdocs\sdmpusri\vendor\codeigniter4\framework\system\Common.php(1250): CodeIgniter\View\View->render('campur/v_obat_h...', Array, true)
#4 C:\xampp\htdocs\sdmpusri\app\Views\layouts\v_content.php(17): view('campur/v_obat_h...')
#5 C:\xampp\htdocs\sdmpusri\vendor\codeigniter4\framework\system\View\View.php(230): include('C:\\xampp\\htdocs...')
#6 C:\xampp\htdocs\sdmpusri\vendor\codeigniter4\framework\system\View\View.php(232): CodeIgniter\View\View->CodeIgniter\View\{closure}()
#7 C:\xampp\htdocs\sdmpusri\vendor\codeigniter4\framework\system\Common.php(1250): CodeIgniter\View\View->render('layouts/v_conte...', Array, true)
#8 C:\xampp\htdocs\sdmpusri\app\Views\layouts\v_wrapper.php(5): view('layouts/v_conte...')
#9 C:\xampp\htdocs\sdmpusri\vendor\codeigniter4\framework\system\View\View.php(230): include('C:\\xampp\\htdocs...')
#10 C:\xampp\htdocs\sdmpusri\vendor\codeigniter4\framework\system\View\View.php(232): CodeIgniter\View\View->CodeIgniter\View\{closure}()
#11 C:\xampp\htdocs\sdmpusri\vendor\codeigniter4\framework\system\Common.php(1250): CodeIgniter\View\View->render('layouts/v_wrapp...', Array, true)
#12 C:\xampp\htdocs\sdmpusri\app\Controllers\Obat.php(55): view('layouts/v_wrapp...', Array)
#13 C:\xampp\htdocs\sdmpusri\vendor\codeigniter4\framework\system\CodeIgniter.php(931): App\Controllers\Obat->cobahtml()
#14 C:\xampp\htdocs\sdmpusri\vendor\codeigniter4\framework\system\CodeIgniter.php(439): CodeIgniter\CodeIgniter->runController(Object(App\Controllers\Obat))
#15 C:\xampp\htdocs\sdmpusri\vendor\codeigniter4\framework\system\CodeIgniter.php(339): CodeIgniter\CodeIgniter->handleRequest(NULL, Object(Config\Cache), false)
#16 C:\xampp\htdocs\sdmpusri\public\index.php(44): CodeIgniter\CodeIgniter->run()
#17 C:\xampp\htdocs\sdmpusri\vendor\codeigniter4\framework\system\Commands\Server\rewrite.php(45): require_once('C:\\xampp\\htdocs...')
#18 {main}
CRITICAL - 2021-05-23 22:14:02 --> Class "DataStructure" not found
#0 C:\xampp\htdocs\sdmpusri\vendor\codeigniter4\framework\system\View\View.php(230): include()
#1 C:\xampp\htdocs\sdmpusri\vendor\codeigniter4\framework\system\View\View.php(232): CodeIgniter\View\View->CodeIgniter\View\{closure}()
#2 C:\xampp\htdocs\sdmpusri\vendor\codeigniter4\framework\system\Common.php(1250): CodeIgniter\View\View->render('campur/v_obat_h...', Array, true)
#3 C:\xampp\htdocs\sdmpusri\app\Views\layouts\v_content.php(17): view('campur/v_obat_h...')
#4 C:\xampp\htdocs\sdmpusri\vendor\codeigniter4\framework\system\View\View.php(230): include('C:\\xampp\\htdocs...')
#5 C:\xampp\htdocs\sdmpusri\vendor\codeigniter4\framework\system\View\View.php(232): CodeIgniter\View\View->CodeIgniter\View\{closure}()
#6 C:\xampp\htdocs\sdmpusri\vendor\codeigniter4\framework\system\Common.php(1250): CodeIgniter\View\View->render('layouts/v_conte...', Array, true)
#7 C:\xampp\htdocs\sdmpusri\app\Views\layouts\v_wrapper.php(5): view('layouts/v_conte...')
#8 C:\xampp\htdocs\sdmpusri\vendor\codeigniter4\framework\system\View\View.php(230): include('C:\\xampp\\htdocs...')
#9 C:\xampp\htdocs\sdmpusri\vendor\codeigniter4\framework\system\View\View.php(232): CodeIgniter\View\View->CodeIgniter\View\{closure}()
#10 C:\xampp\htdocs\sdmpusri\vendor\codeigniter4\framework\system\Common.php(1250): CodeIgniter\View\View->render('layouts/v_wrapp...', Array, true)
#11 C:\xampp\htdocs\sdmpusri\app\Controllers\Obat.php(55): view('layouts/v_wrapp...', Array)
#12 C:\xampp\htdocs\sdmpusri\vendor\codeigniter4\framework\system\CodeIgniter.php(931): App\Controllers\Obat->cobahtml()
#13 C:\xampp\htdocs\sdmpusri\vendor\codeigniter4\framework\system\CodeIgniter.php(439): CodeIgniter\CodeIgniter->runController(Object(App\Controllers\Obat))
#14 C:\xampp\htdocs\sdmpusri\vendor\codeigniter4\framework\system\CodeIgniter.php(339): CodeIgniter\CodeIgniter->handleRequest(NULL, Object(Config\Cache), false)
#15 C:\xampp\htdocs\sdmpusri\public\index.php(44): CodeIgniter\CodeIgniter->run()
#16 C:\xampp\htdocs\sdmpusri\vendor\codeigniter4\framework\system\Commands\Server\rewrite.php(45): require_once('C:\\xampp\\htdocs...')
#17 {main}
CRITICAL - 2021-05-23 22:14:52 --> Undefined variable $contentData
#0 C:\xampp\htdocs\sdmpusri\app\Views\campur\v_obat_html.php(145): CodeIgniter\Debug\Exceptions->errorHandler(2, 'Undefined varia...', 'C:\\xampp\\htdocs...', 145)
#1 C:\xampp\htdocs\sdmpusri\vendor\codeigniter4\framework\system\View\View.php(230): include('C:\\xampp\\htdocs...')
#2 C:\xampp\htdocs\sdmpusri\vendor\codeigniter4\framework\system\View\View.php(232): CodeIgniter\View\View->CodeIgniter\View\{closure}()
#3 C:\xampp\htdocs\sdmpusri\vendor\codeigniter4\framework\system\Common.php(1250): CodeIgniter\View\View->render('campur/v_obat_h...', Array, true)
#4 C:\xampp\htdocs\sdmpusri\app\Views\layouts\v_content.php(17): view('campur/v_obat_h...')
#5 C:\xampp\htdocs\sdmpusri\vendor\codeigniter4\framework\system\View\View.php(230): include('C:\\xampp\\htdocs...')
#6 C:\xampp\htdocs\sdmpusri\vendor\codeigniter4\framework\system\View\View.php(232): CodeIgniter\View\View->CodeIgniter\View\{closure}()
#7 C:\xampp\htdocs\sdmpusri\vendor\codeigniter4\framework\system\Common.php(1250): CodeIgniter\View\View->render('layouts/v_conte...', Array, true)
#8 C:\xampp\htdocs\sdmpusri\app\Views\layouts\v_wrapper.php(5): view('layouts/v_conte...')
#9 C:\xampp\htdocs\sdmpusri\vendor\codeigniter4\framework\system\View\View.php(230): include('C:\\xampp\\htdocs...')
#10 C:\xampp\htdocs\sdmpusri\vendor\codeigniter4\framework\system\View\View.php(232): CodeIgniter\View\View->CodeIgniter\View\{closure}()
#11 C:\xampp\htdocs\sdmpusri\vendor\codeigniter4\framework\system\Common.php(1250): CodeIgniter\View\View->render('layouts/v_wrapp...', Array, true)
#12 C:\xampp\htdocs\sdmpusri\app\Controllers\Obat.php(55): view('layouts/v_wrapp...', Array)
#13 C:\xampp\htdocs\sdmpusri\vendor\codeigniter4\framework\system\CodeIgniter.php(931): App\Controllers\Obat->cobahtml()
#14 C:\xampp\htdocs\sdmpusri\vendor\codeigniter4\framework\system\CodeIgniter.php(439): CodeIgniter\CodeIgniter->runController(Object(App\Controllers\Obat))
#15 C:\xampp\htdocs\sdmpusri\vendor\codeigniter4\framework\system\CodeIgniter.php(339): CodeIgniter\CodeIgniter->handleRequest(NULL, Object(Config\Cache), false)
#16 C:\xampp\htdocs\sdmpusri\public\index.php(44): CodeIgniter\CodeIgniter->run()
#17 C:\xampp\htdocs\sdmpusri\vendor\codeigniter4\framework\system\Commands\Server\rewrite.php(45): require_once('C:\\xampp\\htdocs...')
#18 {main}
CRITICAL - 2021-05-23 22:18:28 --> Undefined property: CodeIgniter\View\View::$session
#0 C:\xampp\htdocs\sdmpusri\app\Views\campur\v_obat_html.php(24): CodeIgniter\Debug\Exceptions->errorHandler(2, 'Undefined prope...', 'C:\\xampp\\htdocs...', 24)
#1 C:\xampp\htdocs\sdmpusri\vendor\codeigniter4\framework\system\View\View.php(230): include('C:\\xampp\\htdocs...')
#2 C:\xampp\htdocs\sdmpusri\vendor\codeigniter4\framework\system\View\View.php(232): CodeIgniter\View\View->CodeIgniter\View\{closure}()
#3 C:\xampp\htdocs\sdmpusri\vendor\codeigniter4\framework\system\Common.php(1250): CodeIgniter\View\View->render('campur/v_obat_h...', Array, true)
#4 C:\xampp\htdocs\sdmpusri\app\Views\layouts\v_content.php(17): view('campur/v_obat_h...')
#5 C:\xampp\htdocs\sdmpusri\vendor\codeigniter4\framework\system\View\View.php(230): include('C:\\xampp\\htdocs...')
#6 C:\xampp\htdocs\sdmpusri\vendor\codeigniter4\framework\system\View\View.php(232): CodeIgniter\View\View->CodeIgniter\View\{closure}()
#7 C:\xampp\htdocs\sdmpusri\vendor\codeigniter4\framework\system\Common.php(1250): CodeIgniter\View\View->render('layouts/v_conte...', Array, true)
#8 C:\xampp\htdocs\sdmpusri\app\Views\layouts\v_wrapper.php(5): view('layouts/v_conte...')
#9 C:\xampp\htdocs\sdmpusri\vendor\codeigniter4\framework\system\View\View.php(230): include('C:\\xampp\\htdocs...')
#10 C:\xampp\htdocs\sdmpusri\vendor\codeigniter4\framework\system\View\View.php(232): CodeIgniter\View\View->CodeIgniter\View\{closure}()
#11 C:\xampp\htdocs\sdmpusri\vendor\codeigniter4\framework\system\Common.php(1250): CodeIgniter\View\View->render('layouts/v_wrapp...', Array, true)
#12 C:\xampp\htdocs\sdmpusri\app\Controllers\Obat.php(55): view('layouts/v_wrapp...', Array)
#13 C:\xampp\htdocs\sdmpusri\vendor\codeigniter4\framework\system\CodeIgniter.php(931): App\Controllers\Obat->cobahtml()
#14 C:\xampp\htdocs\sdmpusri\vendor\codeigniter4\framework\system\CodeIgniter.php(439): CodeIgniter\CodeIgniter->runController(Object(App\Controllers\Obat))
#15 C:\xampp\htdocs\sdmpusri\vendor\codeigniter4\framework\system\CodeIgniter.php(339): CodeIgniter\CodeIgniter->handleRequest(NULL, Object(Config\Cache), false)
#16 C:\xampp\htdocs\sdmpusri\public\index.php(44): CodeIgniter\CodeIgniter->run()
#17 C:\xampp\htdocs\sdmpusri\vendor\codeigniter4\framework\system\Commands\Server\rewrite.php(45): require_once('C:\\xampp\\htdocs...')
#18 {main}
CRITICAL - 2021-05-23 22:18:57 --> Undefined variable $financial_items
#0 C:\xampp\htdocs\sdmpusri\app\Views\campur\v_obat_html.php(50): CodeIgniter\Debug\Exceptions->errorHandler(2, 'Undefined varia...', 'C:\\xampp\\htdocs...', 50)
#1 C:\xampp\htdocs\sdmpusri\vendor\codeigniter4\framework\system\View\View.php(230): include('C:\\xampp\\htdocs...')
#2 C:\xampp\htdocs\sdmpusri\vendor\codeigniter4\framework\system\View\View.php(232): CodeIgniter\View\View->CodeIgniter\View\{closure}()
#3 C:\xampp\htdocs\sdmpusri\vendor\codeigniter4\framework\system\Common.php(1250): CodeIgniter\View\View->render('campur/v_obat_h...', Array, true)
#4 C:\xampp\htdocs\sdmpusri\app\Views\layouts\v_content.php(17): view('campur/v_obat_h...')
#5 C:\xampp\htdocs\sdmpusri\vendor\codeigniter4\framework\system\View\View.php(230): include('C:\\xampp\\htdocs...')
#6 C:\xampp\htdocs\sdmpusri\vendor\codeigniter4\framework\system\View\View.php(232): CodeIgniter\View\View->CodeIgniter\View\{closure}()
#7 C:\xampp\htdocs\sdmpusri\vendor\codeigniter4\framework\system\Common.php(1250): CodeIgniter\View\View->render('layouts/v_conte...', Array, true)
#8 C:\xampp\htdocs\sdmpusri\app\Views\layouts\v_wrapper.php(5): view('layouts/v_conte...')
#9 C:\xampp\htdocs\sdmpusri\vendor\codeigniter4\framework\system\View\View.php(230): include('C:\\xampp\\htdocs...')
#10 C:\xampp\htdocs\sdmpusri\vendor\codeigniter4\framework\system\View\View.php(232): CodeIgniter\View\View->CodeIgniter\View\{closure}()
#11 C:\xampp\htdocs\sdmpusri\vendor\codeigniter4\framework\system\Common.php(1250): CodeIgniter\View\View->render('layouts/v_wrapp...', Array, true)
#12 C:\xampp\htdocs\sdmpusri\app\Controllers\Obat.php(55): view('layouts/v_wrapp...', Array)
#13 C:\xampp\htdocs\sdmpusri\vendor\codeigniter4\framework\system\CodeIgniter.php(931): App\Controllers\Obat->cobahtml()
#14 C:\xampp\htdocs\sdmpusri\vendor\codeigniter4\framework\system\CodeIgniter.php(439): CodeIgniter\CodeIgniter->runController(Object(App\Controllers\Obat))
#15 C:\xampp\htdocs\sdmpusri\vendor\codeigniter4\framework\system\CodeIgniter.php(339): CodeIgniter\CodeIgniter->handleRequest(NULL, Object(Config\Cache), false)
#16 C:\xampp\htdocs\sdmpusri\public\index.php(44): CodeIgniter\CodeIgniter->run()
#17 C:\xampp\htdocs\sdmpusri\vendor\codeigniter4\framework\system\Commands\Server\rewrite.php(45): require_once('C:\\xampp\\htdocs...')
#18 {main}
CRITICAL - 2021-05-23 22:19:48 --> Undefined variable $financial_items
#0 C:\xampp\htdocs\sdmpusri\app\Views\campur\v_obat_html.php(50): CodeIgniter\Debug\Exceptions->errorHandler(2, 'Undefined varia...', 'C:\\xampp\\htdocs...', 50)
#1 C:\xampp\htdocs\sdmpusri\vendor\codeigniter4\framework\system\View\View.php(230): include('C:\\xampp\\htdocs...')
#2 C:\xampp\htdocs\sdmpusri\vendor\codeigniter4\framework\system\View\View.php(232): CodeIgniter\View\View->CodeIgniter\View\{closure}()
#3 C:\xampp\htdocs\sdmpusri\vendor\codeigniter4\framework\system\Common.php(1250): CodeIgniter\View\View->render('campur/v_obat_h...', Array, true)
#4 C:\xampp\htdocs\sdmpusri\app\Views\layouts\v_content.php(17): view('campur/v_obat_h...')
#5 C:\xampp\htdocs\sdmpusri\vendor\codeigniter4\framework\system\View\View.php(230): include('C:\\xampp\\htdocs...')
#6 C:\xampp\htdocs\sdmpusri\vendor\codeigniter4\framework\system\View\View.php(232): CodeIgniter\View\View->CodeIgniter\View\{closure}()
#7 C:\xampp\htdocs\sdmpusri\vendor\codeigniter4\framework\system\Common.php(1250): CodeIgniter\View\View->render('layouts/v_conte...', Array, true)
#8 C:\xampp\htdocs\sdmpusri\app\Views\layouts\v_wrapper.php(5): view('layouts/v_conte...')
#9 C:\xampp\htdocs\sdmpusri\vendor\codeigniter4\framework\system\View\View.php(230): include('C:\\xampp\\htdocs...')
#10 C:\xampp\htdocs\sdmpusri\vendor\codeigniter4\framework\system\View\View.php(232): CodeIgniter\View\View->CodeIgniter\View\{closure}()
#11 C:\xampp\htdocs\sdmpusri\vendor\codeigniter4\framework\system\Common.php(1250): CodeIgniter\View\View->render('layouts/v_wrapp...', Array, true)
#12 C:\xampp\htdocs\sdmpusri\app\Controllers\Obat.php(55): view('layouts/v_wrapp...', Array)
#13 C:\xampp\htdocs\sdmpusri\vendor\codeigniter4\framework\system\CodeIgniter.php(931): App\Controllers\Obat->cobahtml()
#14 C:\xampp\htdocs\sdmpusri\vendor\codeigniter4\framework\system\CodeIgniter.php(439): CodeIgniter\CodeIgniter->runController(Object(App\Controllers\Obat))
#15 C:\xampp\htdocs\sdmpusri\vendor\codeigniter4\framework\system\CodeIgniter.php(339): CodeIgniter\CodeIgniter->handleRequest(NULL, Object(Config\Cache), false)
#16 C:\xampp\htdocs\sdmpusri\public\index.php(44): CodeIgniter\CodeIgniter->run()
#17 C:\xampp\htdocs\sdmpusri\vendor\codeigniter4\framework\system\Commands\Server\rewrite.php(45): require_once('C:\\xampp\\htdocs...')
#18 {main}
CRITICAL - 2021-05-23 23:58:14 --> Undefined variable $barang
#0 C:\xampp\htdocs\sdmpusri\app\Controllers\Barang.php(98): CodeIgniter\Debug\Exceptions->errorHandler(2, 'Undefined varia...', 'C:\\xampp\\htdocs...', 98)
#1 C:\xampp\htdocs\sdmpusri\vendor\codeigniter4\framework\system\CodeIgniter.php(931): App\Controllers\Barang->cobahtml()
#2 C:\xampp\htdocs\sdmpusri\vendor\codeigniter4\framework\system\CodeIgniter.php(439): CodeIgniter\CodeIgniter->runController(Object(App\Controllers\Barang))
#3 C:\xampp\htdocs\sdmpusri\vendor\codeigniter4\framework\system\CodeIgniter.php(339): CodeIgniter\CodeIgniter->handleRequest(NULL, Object(Config\Cache), false)
#4 C:\xampp\htdocs\sdmpusri\public\index.php(44): CodeIgniter\CodeIgniter->run()
#5 C:\xampp\htdocs\sdmpusri\vendor\codeigniter4\framework\system\Commands\Server\rewrite.php(45): require_once('C:\\xampp\\htdocs...')
#6 {main}
CRITICAL - 2021-05-23 23:58:32 --> Undefined variable $financial_items
#0 C:\xampp\htdocs\sdmpusri\app\Views\campur\v_obat_html.php(50): CodeIgniter\Debug\Exceptions->errorHandler(2, 'Undefined varia...', 'C:\\xampp\\htdocs...', 50)
#1 C:\xampp\htdocs\sdmpusri\vendor\codeigniter4\framework\system\View\View.php(230): include('C:\\xampp\\htdocs...')
#2 C:\xampp\htdocs\sdmpusri\vendor\codeigniter4\framework\system\View\View.php(232): CodeIgniter\View\View->CodeIgniter\View\{closure}()
#3 C:\xampp\htdocs\sdmpusri\vendor\codeigniter4\framework\system\Common.php(1250): CodeIgniter\View\View->render('campur/v_obat_h...', Array, true)
#4 C:\xampp\htdocs\sdmpusri\app\Views\layouts\v_content.php(17): view('campur/v_obat_h...')
#5 C:\xampp\htdocs\sdmpusri\vendor\codeigniter4\framework\system\View\View.php(230): include('C:\\xampp\\htdocs...')
#6 C:\xampp\htdocs\sdmpusri\vendor\codeigniter4\framework\system\View\View.php(232): CodeIgniter\View\View->CodeIgniter\View\{closure}()
#7 C:\xampp\htdocs\sdmpusri\vendor\codeigniter4\framework\system\Common.php(1250): CodeIgniter\View\View->render('layouts/v_conte...', Array, true)
#8 C:\xampp\htdocs\sdmpusri\app\Views\layouts\v_wrapper.php(5): view('layouts/v_conte...')
#9 C:\xampp\htdocs\sdmpusri\vendor\codeigniter4\framework\system\View\View.php(230): include('C:\\xampp\\htdocs...')
#10 C:\xampp\htdocs\sdmpusri\vendor\codeigniter4\framework\system\View\View.php(232): CodeIgniter\View\View->CodeIgniter\View\{closure}()
#11 C:\xampp\htdocs\sdmpusri\vendor\codeigniter4\framework\system\Common.php(1250): CodeIgniter\View\View->render('layouts/v_wrapp...', Array, true)
#12 C:\xampp\htdocs\sdmpusri\app\Controllers\Obat.php(55): view('layouts/v_wrapp...', Array)
#13 C:\xampp\htdocs\sdmpusri\vendor\codeigniter4\framework\system\CodeIgniter.php(931): App\Controllers\Obat->cobahtml()
#14 C:\xampp\htdocs\sdmpusri\vendor\codeigniter4\framework\system\CodeIgniter.php(439): CodeIgniter\CodeIgniter->runController(Object(App\Controllers\Obat))
#15 C:\xampp\htdocs\sdmpusri\vendor\codeigniter4\framework\system\CodeIgniter.php(339): CodeIgniter\CodeIgniter->handleRequest(NULL, Object(Config\Cache), false)
#16 C:\xampp\htdocs\sdmpusri\public\index.php(44): CodeIgniter\CodeIgniter->run()
#17 C:\xampp\htdocs\sdmpusri\vendor\codeigniter4\framework\system\Commands\Server\rewrite.php(45): require_once('C:\\xampp\\htdocs...')
#18 {main}
CRITICAL - 2021-05-23 23:58:43 --> Call to undefined method CodeIgniter\View\View::view()
#0 C:\xampp\htdocs\sdmpusri\vendor\codeigniter4\framework\system\View\View.php(230): include()
#1 C:\xampp\htdocs\sdmpusri\vendor\codeigniter4\framework\system\View\View.php(232): CodeIgniter\View\View->CodeIgniter\View\{closure}()
#2 C:\xampp\htdocs\sdmpusri\vendor\codeigniter4\framework\system\Common.php(1250): CodeIgniter\View\View->render('campur/v_obat_h...', Array, true)
#3 C:\xampp\htdocs\sdmpusri\app\Views\layouts\v_content.php(17): view('campur/v_obat_h...')
#4 C:\xampp\htdocs\sdmpusri\vendor\codeigniter4\framework\system\View\View.php(230): include('C:\\xampp\\htdocs...')
#5 C:\xampp\htdocs\sdmpusri\vendor\codeigniter4\framework\system\View\View.php(232): CodeIgniter\View\View->CodeIgniter\View\{closure}()
#6 C:\xampp\htdocs\sdmpusri\vendor\codeigniter4\framework\system\Common.php(1250): CodeIgniter\View\View->render('layouts/v_conte...', Array, true)
#7 C:\xampp\htdocs\sdmpusri\app\Views\layouts\v_wrapper.php(5): view('layouts/v_conte...')
#8 C:\xampp\htdocs\sdmpusri\vendor\codeigniter4\framework\system\View\View.php(230): include('C:\\xampp\\htdocs...')
#9 C:\xampp\htdocs\sdmpusri\vendor\codeigniter4\framework\system\View\View.php(232): CodeIgniter\View\View->CodeIgniter\View\{closure}()
#10 C:\xampp\htdocs\sdmpusri\vendor\codeigniter4\framework\system\Common.php(1250): CodeIgniter\View\View->render('layouts/v_wrapp...', Array, true)
#11 C:\xampp\htdocs\sdmpusri\app\Controllers\Obat.php(55): view('layouts/v_wrapp...', Array)
#12 C:\xampp\htdocs\sdmpusri\vendor\codeigniter4\framework\system\CodeIgniter.php(931): App\Controllers\Obat->cobahtml()
#13 C:\xampp\htdocs\sdmpusri\vendor\codeigniter4\framework\system\CodeIgniter.php(439): CodeIgniter\CodeIgniter->runController(Object(App\Controllers\Obat))
#14 C:\xampp\htdocs\sdmpusri\vendor\codeigniter4\framework\system\CodeIgniter.php(339): CodeIgniter\CodeIgniter->handleRequest(NULL, Object(Config\Cache), false)
#15 C:\xampp\htdocs\sdmpusri\public\index.php(44): CodeIgniter\CodeIgniter->run()
#16 C:\xampp\htdocs\sdmpusri\vendor\codeigniter4\framework\system\Commands\Server\rewrite.php(45): require_once('C:\\xampp\\htdocs...')
#17 {main}
CRITICAL - 2021-05-23 23:59:56 --> Call to undefined method CodeIgniter\View\View::view()
#0 C:\xampp\htdocs\sdmpusri\vendor\codeigniter4\framework\system\View\View.php(230): include()
#1 C:\xampp\htdocs\sdmpusri\vendor\codeigniter4\framework\system\View\View.php(232): CodeIgniter\View\View->CodeIgniter\View\{closure}()
#2 C:\xampp\htdocs\sdmpusri\vendor\codeigniter4\framework\system\Common.php(1250): CodeIgniter\View\View->render('campur/v_obat_h...', Array, true)
#3 C:\xampp\htdocs\sdmpusri\app\Views\layouts\v_content.php(17): view('campur/v_obat_h...')
#4 C:\xampp\htdocs\sdmpusri\vendor\codeigniter4\framework\system\View\View.php(230): include('C:\\xampp\\htdocs...')
#5 C:\xampp\htdocs\sdmpusri\vendor\codeigniter4\framework\system\View\View.php(232): CodeIgniter\View\View->CodeIgniter\View\{closure}()
#6 C:\xampp\htdocs\sdmpusri\vendor\codeigniter4\framework\system\Common.php(1250): CodeIgniter\View\View->render('layouts/v_conte...', Array, true)
#7 C:\xampp\htdocs\sdmpusri\app\Views\layouts\v_wrapper.php(5): view('layouts/v_conte...')
#8 C:\xampp\htdocs\sdmpusri\vendor\codeigniter4\framework\system\View\View.php(230): include('C:\\xampp\\htdocs...')
#9 C:\xampp\htdocs\sdmpusri\vendor\codeigniter4\framework\system\View\View.php(232): CodeIgniter\View\View->CodeIgniter\View\{closure}()
#10 C:\xampp\htdocs\sdmpusri\vendor\codeigniter4\framework\system\Common.php(1250): CodeIgniter\View\View->render('layouts/v_wrapp...', Array, true)
#11 C:\xampp\htdocs\sdmpusri\app\Controllers\Obat.php(55): view('layouts/v_wrapp...', Array)
#12 C:\xampp\htdocs\sdmpusri\vendor\codeigniter4\framework\system\CodeIgniter.php(931): App\Controllers\Obat->cobahtml()
#13 C:\xampp\htdocs\sdmpusri\vendor\codeigniter4\framework\system\CodeIgniter.php(439): CodeIgniter\CodeIgniter->runController(Object(App\Controllers\Obat))
#14 C:\xampp\htdocs\sdmpusri\vendor\codeigniter4\framework\system\CodeIgniter.php(339): CodeIgniter\CodeIgniter->handleRequest(NULL, Object(Config\Cache), false)
#15 C:\xampp\htdocs\sdmpusri\public\index.php(44): CodeIgniter\CodeIgniter->run()
#16 C:\xampp\htdocs\sdmpusri\vendor\codeigniter4\framework\system\Commands\Server\rewrite.php(45): require_once('C:\\xampp\\htdocs...')
#17 {main}
