CRITICAL - 2021-05-12 14:06:30 --> Undefined variable $gedung
#0 C:\xampp\htdocs\santrikoding\app\Views\layouts\v_footer.php(2): CodeIgniter\Debug\Exceptions->errorHandler(2, 'Undefined varia...', 'C:\\xampp\\htdocs...', 2)
#1 C:\xampp\htdocs\santrikoding\vendor\codeigniter4\framework\system\View\View.php(220): include('C:\\xampp\\htdocs...')
#2 C:\xampp\htdocs\santrikoding\vendor\codeigniter4\framework\system\View\View.php(222): CodeIgniter\View\View->CodeIgniter\View\{closure}()
#3 C:\xampp\htdocs\santrikoding\vendor\codeigniter4\framework\system\Common.php(1217): CodeIgniter\View\View->render('layouts/v_foote...', Array, true)
#4 C:\xampp\htdocs\santrikoding\app\Views\layouts\v_wrapper.php(6): view('layouts/v_foote...')
#5 C:\xampp\htdocs\santrikoding\vendor\codeigniter4\framework\system\View\View.php(220): include('C:\\xampp\\htdocs...')
#6 C:\xampp\htdocs\santrikoding\vendor\codeigniter4\framework\system\View\View.php(222): CodeIgniter\View\View->CodeIgniter\View\{closure}()
#7 C:\xampp\htdocs\santrikoding\vendor\codeigniter4\framework\system\Common.php(1217): CodeIgniter\View\View->render('layouts/v_wrapp...', Array, true)
#8 C:\xampp\htdocs\santrikoding\app\Controllers\Fakultas.php(27): view('layouts/v_wrapp...', Array)
#9 C:\xampp\htdocs\santrikoding\vendor\codeigniter4\framework\system\CodeIgniter.php(936): App\Controllers\Fakultas->index()
#10 C:\xampp\htdocs\santrikoding\vendor\codeigniter4\framework\system\CodeIgniter.php(432): CodeIgniter\CodeIgniter->runController(Object(App\Controllers\Fakultas))
#11 C:\xampp\htdocs\santrikoding\vendor\codeigniter4\framework\system\CodeIgniter.php(333): CodeIgniter\CodeIgniter->handleRequest(NULL, Object(Config\Cache), false)
#12 C:\xampp\htdocs\santrikoding\public\index.php(44): CodeIgniter\CodeIgniter->run()
#13 C:\xampp\htdocs\santrikoding\vendor\codeigniter4\framework\system\Commands\Server\rewrite.php(45): require_once('C:\\xampp\\htdocs...')
#14 {main}
CRITICAL - 2021-05-12 14:06:41 --> Undefined variable $gedung
#0 C:\xampp\htdocs\santrikoding\app\Views\layouts\v_footer.php(2): CodeIgniter\Debug\Exceptions->errorHandler(2, 'Undefined varia...', 'C:\\xampp\\htdocs...', 2)
#1 C:\xampp\htdocs\santrikoding\vendor\codeigniter4\framework\system\View\View.php(220): include('C:\\xampp\\htdocs...')
#2 C:\xampp\htdocs\santrikoding\vendor\codeigniter4\framework\system\View\View.php(222): CodeIgniter\View\View->CodeIgniter\View\{closure}()
#3 C:\xampp\htdocs\santrikoding\vendor\codeigniter4\framework\system\Common.php(1217): CodeIgniter\View\View->render('layouts/v_foote...', Array, true)
#4 C:\xampp\htdocs\santrikoding\app\Views\layouts\v_wrapper.php(6): view('layouts/v_foote...')
#5 C:\xampp\htdocs\santrikoding\vendor\codeigniter4\framework\system\View\View.php(220): include('C:\\xampp\\htdocs...')
#6 C:\xampp\htdocs\santrikoding\vendor\codeigniter4\framework\system\View\View.php(222): CodeIgniter\View\View->CodeIgniter\View\{closure}()
#7 C:\xampp\htdocs\santrikoding\vendor\codeigniter4\framework\system\Common.php(1217): CodeIgniter\View\View->render('layouts/v_wrapp...', Array, true)
#8 C:\xampp\htdocs\santrikoding\app\Controllers\Fakultas.php(27): view('layouts/v_wrapp...', Array)
#9 C:\xampp\htdocs\santrikoding\vendor\codeigniter4\framework\system\CodeIgniter.php(936): App\Controllers\Fakultas->index()
#10 C:\xampp\htdocs\santrikoding\vendor\codeigniter4\framework\system\CodeIgniter.php(432): CodeIgniter\CodeIgniter->runController(Object(App\Controllers\Fakultas))
#11 C:\xampp\htdocs\santrikoding\vendor\codeigniter4\framework\system\CodeIgniter.php(333): CodeIgniter\CodeIgniter->handleRequest(NULL, Object(Config\Cache), false)
#12 C:\xampp\htdocs\santrikoding\public\index.php(44): CodeIgniter\CodeIgniter->run()
#13 C:\xampp\htdocs\santrikoding\vendor\codeigniter4\framework\system\Commands\Server\rewrite.php(45): require_once('C:\\xampp\\htdocs...')
#14 {main}
CRITICAL - 2021-05-12 14:07:56 --> Undefined variable $gedung
#0 C:\xampp\htdocs\santrikoding\app\Views\layouts\v_footer.php(2): CodeIgniter\Debug\Exceptions->errorHandler(2, 'Undefined varia...', 'C:\\xampp\\htdocs...', 2)
#1 C:\xampp\htdocs\santrikoding\vendor\codeigniter4\framework\system\View\View.php(220): include('C:\\xampp\\htdocs...')
#2 C:\xampp\htdocs\santrikoding\vendor\codeigniter4\framework\system\View\View.php(222): CodeIgniter\View\View->CodeIgniter\View\{closure}()
#3 C:\xampp\htdocs\santrikoding\vendor\codeigniter4\framework\system\Common.php(1217): CodeIgniter\View\View->render('layouts/v_foote...', Array, true)
#4 C:\xampp\htdocs\santrikoding\app\Views\layouts\v_wrapper.php(6): view('layouts/v_foote...')
#5 C:\xampp\htdocs\santrikoding\vendor\codeigniter4\framework\system\View\View.php(220): include('C:\\xampp\\htdocs...')
#6 C:\xampp\htdocs\santrikoding\vendor\codeigniter4\framework\system\View\View.php(222): CodeIgniter\View\View->CodeIgniter\View\{closure}()
#7 C:\xampp\htdocs\santrikoding\vendor\codeigniter4\framework\system\Common.php(1217): CodeIgniter\View\View->render('layouts/v_wrapp...', Array, true)
#8 C:\xampp\htdocs\santrikoding\app\Controllers\Fakultas.php(27): view('layouts/v_wrapp...', Array)
#9 C:\xampp\htdocs\santrikoding\vendor\codeigniter4\framework\system\CodeIgniter.php(936): App\Controllers\Fakultas->index()
#10 C:\xampp\htdocs\santrikoding\vendor\codeigniter4\framework\system\CodeIgniter.php(432): CodeIgniter\CodeIgniter->runController(Object(App\Controllers\Fakultas))
#11 C:\xampp\htdocs\santrikoding\vendor\codeigniter4\framework\system\CodeIgniter.php(333): CodeIgniter\CodeIgniter->handleRequest(NULL, Object(Config\Cache), false)
#12 C:\xampp\htdocs\santrikoding\public\index.php(44): CodeIgniter\CodeIgniter->run()
#13 C:\xampp\htdocs\santrikoding\vendor\codeigniter4\framework\system\Commands\Server\rewrite.php(45): require_once('C:\\xampp\\htdocs...')
#14 {main}
CRITICAL - 2021-05-12 14:08:03 --> Undefined variable $gedung
#0 C:\xampp\htdocs\santrikoding\app\Views\layouts\v_footer.php(2): CodeIgniter\Debug\Exceptions->errorHandler(2, 'Undefined varia...', 'C:\\xampp\\htdocs...', 2)
#1 C:\xampp\htdocs\santrikoding\vendor\codeigniter4\framework\system\View\View.php(220): include('C:\\xampp\\htdocs...')
#2 C:\xampp\htdocs\santrikoding\vendor\codeigniter4\framework\system\View\View.php(222): CodeIgniter\View\View->CodeIgniter\View\{closure}()
#3 C:\xampp\htdocs\santrikoding\vendor\codeigniter4\framework\system\Common.php(1217): CodeIgniter\View\View->render('layouts/v_foote...', Array, true)
#4 C:\xampp\htdocs\santrikoding\app\Views\layouts\v_wrapper.php(6): view('layouts/v_foote...')
#5 C:\xampp\htdocs\santrikoding\vendor\codeigniter4\framework\system\View\View.php(220): include('C:\\xampp\\htdocs...')
#6 C:\xampp\htdocs\santrikoding\vendor\codeigniter4\framework\system\View\View.php(222): CodeIgniter\View\View->CodeIgniter\View\{closure}()
#7 C:\xampp\htdocs\santrikoding\vendor\codeigniter4\framework\system\Common.php(1217): CodeIgniter\View\View->render('layouts/v_wrapp...', Array, true)
#8 C:\xampp\htdocs\santrikoding\app\Controllers\Fakultas.php(27): view('layouts/v_wrapp...', Array)
#9 C:\xampp\htdocs\santrikoding\vendor\codeigniter4\framework\system\CodeIgniter.php(936): App\Controllers\Fakultas->index()
#10 C:\xampp\htdocs\santrikoding\vendor\codeigniter4\framework\system\CodeIgniter.php(432): CodeIgniter\CodeIgniter->runController(Object(App\Controllers\Fakultas))
#11 C:\xampp\htdocs\santrikoding\vendor\codeigniter4\framework\system\CodeIgniter.php(333): CodeIgniter\CodeIgniter->handleRequest(NULL, Object(Config\Cache), false)
#12 C:\xampp\htdocs\santrikoding\public\index.php(44): CodeIgniter\CodeIgniter->run()
#13 C:\xampp\htdocs\santrikoding\vendor\codeigniter4\framework\system\Commands\Server\rewrite.php(45): require_once('C:\\xampp\\htdocs...')
#14 {main}
CRITICAL - 2021-05-12 14:08:54 --> Undefined variable $gedung
#0 C:\xampp\htdocs\santrikoding\app\Views\layouts\v_footer.php(2): CodeIgniter\Debug\Exceptions->errorHandler(2, 'Undefined varia...', 'C:\\xampp\\htdocs...', 2)
#1 C:\xampp\htdocs\santrikoding\vendor\codeigniter4\framework\system\View\View.php(220): include('C:\\xampp\\htdocs...')
#2 C:\xampp\htdocs\santrikoding\vendor\codeigniter4\framework\system\View\View.php(222): CodeIgniter\View\View->CodeIgniter\View\{closure}()
#3 C:\xampp\htdocs\santrikoding\vendor\codeigniter4\framework\system\Common.php(1217): CodeIgniter\View\View->render('layouts/v_foote...', Array, true)
#4 C:\xampp\htdocs\santrikoding\app\Views\layouts\v_wrapper.php(6): view('layouts/v_foote...')
#5 C:\xampp\htdocs\santrikoding\vendor\codeigniter4\framework\system\View\View.php(220): include('C:\\xampp\\htdocs...')
#6 C:\xampp\htdocs\santrikoding\vendor\codeigniter4\framework\system\View\View.php(222): CodeIgniter\View\View->CodeIgniter\View\{closure}()
#7 C:\xampp\htdocs\santrikoding\vendor\codeigniter4\framework\system\Common.php(1217): CodeIgniter\View\View->render('layouts/v_wrapp...', Array, true)
#8 C:\xampp\htdocs\santrikoding\app\Controllers\Fakultas.php(27): view('layouts/v_wrapp...', Array)
#9 C:\xampp\htdocs\santrikoding\vendor\codeigniter4\framework\system\CodeIgniter.php(936): App\Controllers\Fakultas->index()
#10 C:\xampp\htdocs\santrikoding\vendor\codeigniter4\framework\system\CodeIgniter.php(432): CodeIgniter\CodeIgniter->runController(Object(App\Controllers\Fakultas))
#11 C:\xampp\htdocs\santrikoding\vendor\codeigniter4\framework\system\CodeIgniter.php(333): CodeIgniter\CodeIgniter->handleRequest(NULL, Object(Config\Cache), false)
#12 C:\xampp\htdocs\santrikoding\public\index.php(44): CodeIgniter\CodeIgniter->run()
#13 C:\xampp\htdocs\santrikoding\vendor\codeigniter4\framework\system\Commands\Server\rewrite.php(45): require_once('C:\\xampp\\htdocs...')
#14 {main}
CRITICAL - 2021-05-12 14:09:09 --> Undefined variable $gedung
#0 C:\xampp\htdocs\santrikoding\app\Views\layouts\v_footer.php(2): CodeIgniter\Debug\Exceptions->errorHandler(2, 'Undefined varia...', 'C:\\xampp\\htdocs...', 2)
#1 C:\xampp\htdocs\santrikoding\vendor\codeigniter4\framework\system\View\View.php(220): include('C:\\xampp\\htdocs...')
#2 C:\xampp\htdocs\santrikoding\vendor\codeigniter4\framework\system\View\View.php(222): CodeIgniter\View\View->CodeIgniter\View\{closure}()
#3 C:\xampp\htdocs\santrikoding\vendor\codeigniter4\framework\system\Common.php(1217): CodeIgniter\View\View->render('layouts/v_foote...', Array, true)
#4 C:\xampp\htdocs\santrikoding\app\Views\layouts\v_wrapper.php(6): view('layouts/v_foote...')
#5 C:\xampp\htdocs\santrikoding\vendor\codeigniter4\framework\system\View\View.php(220): include('C:\\xampp\\htdocs...')
#6 C:\xampp\htdocs\santrikoding\vendor\codeigniter4\framework\system\View\View.php(222): CodeIgniter\View\View->CodeIgniter\View\{closure}()
#7 C:\xampp\htdocs\santrikoding\vendor\codeigniter4\framework\system\Common.php(1217): CodeIgniter\View\View->render('layouts/v_wrapp...', Array, true)
#8 C:\xampp\htdocs\santrikoding\app\Controllers\Fakultas.php(27): view('layouts/v_wrapp...', Array)
#9 C:\xampp\htdocs\santrikoding\vendor\codeigniter4\framework\system\CodeIgniter.php(936): App\Controllers\Fakultas->index()
#10 C:\xampp\htdocs\santrikoding\vendor\codeigniter4\framework\system\CodeIgniter.php(432): CodeIgniter\CodeIgniter->runController(Object(App\Controllers\Fakultas))
#11 C:\xampp\htdocs\santrikoding\vendor\codeigniter4\framework\system\CodeIgniter.php(333): CodeIgniter\CodeIgniter->handleRequest(NULL, Object(Config\Cache), false)
#12 C:\xampp\htdocs\santrikoding\public\index.php(44): CodeIgniter\CodeIgniter->run()
#13 C:\xampp\htdocs\santrikoding\vendor\codeigniter4\framework\system\Commands\Server\rewrite.php(45): require_once('C:\\xampp\\htdocs...')
#14 {main}
CRITICAL - 2021-05-12 14:09:12 --> Undefined variable $gedung
#0 C:\xampp\htdocs\santrikoding\app\Views\layouts\v_footer.php(2): CodeIgniter\Debug\Exceptions->errorHandler(2, 'Undefined varia...', 'C:\\xampp\\htdocs...', 2)
#1 C:\xampp\htdocs\santrikoding\vendor\codeigniter4\framework\system\View\View.php(220): include('C:\\xampp\\htdocs...')
#2 C:\xampp\htdocs\santrikoding\vendor\codeigniter4\framework\system\View\View.php(222): CodeIgniter\View\View->CodeIgniter\View\{closure}()
#3 C:\xampp\htdocs\santrikoding\vendor\codeigniter4\framework\system\Common.php(1217): CodeIgniter\View\View->render('layouts/v_foote...', Array, true)
#4 C:\xampp\htdocs\santrikoding\app\Views\layouts\v_wrapper.php(6): view('layouts/v_foote...')
#5 C:\xampp\htdocs\santrikoding\vendor\codeigniter4\framework\system\View\View.php(220): include('C:\\xampp\\htdocs...')
#6 C:\xampp\htdocs\santrikoding\vendor\codeigniter4\framework\system\View\View.php(222): CodeIgniter\View\View->CodeIgniter\View\{closure}()
#7 C:\xampp\htdocs\santrikoding\vendor\codeigniter4\framework\system\Common.php(1217): CodeIgniter\View\View->render('layouts/v_wrapp...', Array, true)
#8 C:\xampp\htdocs\santrikoding\app\Controllers\Fakultas.php(27): view('layouts/v_wrapp...', Array)
#9 C:\xampp\htdocs\santrikoding\vendor\codeigniter4\framework\system\CodeIgniter.php(936): App\Controllers\Fakultas->index()
#10 C:\xampp\htdocs\santrikoding\vendor\codeigniter4\framework\system\CodeIgniter.php(432): CodeIgniter\CodeIgniter->runController(Object(App\Controllers\Fakultas))
#11 C:\xampp\htdocs\santrikoding\vendor\codeigniter4\framework\system\CodeIgniter.php(333): CodeIgniter\CodeIgniter->handleRequest(NULL, Object(Config\Cache), false)
#12 C:\xampp\htdocs\santrikoding\public\index.php(44): CodeIgniter\CodeIgniter->run()
#13 C:\xampp\htdocs\santrikoding\vendor\codeigniter4\framework\system\Commands\Server\rewrite.php(45): require_once('C:\\xampp\\htdocs...')
#14 {main}
CRITICAL - 2021-05-12 14:12:04 --> Undefined variable $gedung
#0 C:\xampp\htdocs\santrikoding\app\Views\layouts\v_footer.php(2): CodeIgniter\Debug\Exceptions->errorHandler(2, 'Undefined varia...', 'C:\\xampp\\htdocs...', 2)
#1 C:\xampp\htdocs\santrikoding\vendor\codeigniter4\framework\system\View\View.php(220): include('C:\\xampp\\htdocs...')
#2 C:\xampp\htdocs\santrikoding\vendor\codeigniter4\framework\system\View\View.php(222): CodeIgniter\View\View->CodeIgniter\View\{closure}()
#3 C:\xampp\htdocs\santrikoding\vendor\codeigniter4\framework\system\Common.php(1217): CodeIgniter\View\View->render('layouts/v_foote...', Array, true)
#4 C:\xampp\htdocs\santrikoding\app\Views\layouts\v_wrapper.php(6): view('layouts/v_foote...')
#5 C:\xampp\htdocs\santrikoding\vendor\codeigniter4\framework\system\View\View.php(220): include('C:\\xampp\\htdocs...')
#6 C:\xampp\htdocs\santrikoding\vendor\codeigniter4\framework\system\View\View.php(222): CodeIgniter\View\View->CodeIgniter\View\{closure}()
#7 C:\xampp\htdocs\santrikoding\vendor\codeigniter4\framework\system\Common.php(1217): CodeIgniter\View\View->render('layouts/v_wrapp...', Array, true)
#8 C:\xampp\htdocs\santrikoding\app\Controllers\Fakultas.php(27): view('layouts/v_wrapp...', Array)
#9 C:\xampp\htdocs\santrikoding\vendor\codeigniter4\framework\system\CodeIgniter.php(936): App\Controllers\Fakultas->index()
#10 C:\xampp\htdocs\santrikoding\vendor\codeigniter4\framework\system\CodeIgniter.php(432): CodeIgniter\CodeIgniter->runController(Object(App\Controllers\Fakultas))
#11 C:\xampp\htdocs\santrikoding\vendor\codeigniter4\framework\system\CodeIgniter.php(333): CodeIgniter\CodeIgniter->handleRequest(NULL, Object(Config\Cache), false)
#12 C:\xampp\htdocs\santrikoding\public\index.php(44): CodeIgniter\CodeIgniter->run()
#13 C:\xampp\htdocs\santrikoding\vendor\codeigniter4\framework\system\Commands\Server\rewrite.php(45): require_once('C:\\xampp\\htdocs...')
#14 {main}
CRITICAL - 2021-05-12 14:12:06 --> Undefined variable $gedung
#0 C:\xampp\htdocs\santrikoding\app\Views\layouts\v_footer.php(2): CodeIgniter\Debug\Exceptions->errorHandler(2, 'Undefined varia...', 'C:\\xampp\\htdocs...', 2)
#1 C:\xampp\htdocs\santrikoding\vendor\codeigniter4\framework\system\View\View.php(220): include('C:\\xampp\\htdocs...')
#2 C:\xampp\htdocs\santrikoding\vendor\codeigniter4\framework\system\View\View.php(222): CodeIgniter\View\View->CodeIgniter\View\{closure}()
#3 C:\xampp\htdocs\santrikoding\vendor\codeigniter4\framework\system\Common.php(1217): CodeIgniter\View\View->render('layouts/v_foote...', Array, true)
#4 C:\xampp\htdocs\santrikoding\app\Views\welcome_message.php(72): view('layouts/v_foote...')
#5 C:\xampp\htdocs\santrikoding\vendor\codeigniter4\framework\system\View\View.php(220): include('C:\\xampp\\htdocs...')
#6 C:\xampp\htdocs\santrikoding\vendor\codeigniter4\framework\system\View\View.php(222): CodeIgniter\View\View->CodeIgniter\View\{closure}()
#7 C:\xampp\htdocs\santrikoding\vendor\codeigniter4\framework\system\Common.php(1217): CodeIgniter\View\View->render('welcome_message', Array, true)
#8 C:\xampp\htdocs\santrikoding\app\Controllers\Home.php(11): view('welcome_message', Array)
#9 C:\xampp\htdocs\santrikoding\vendor\codeigniter4\framework\system\CodeIgniter.php(936): App\Controllers\Home->index()
#10 C:\xampp\htdocs\santrikoding\vendor\codeigniter4\framework\system\CodeIgniter.php(432): CodeIgniter\CodeIgniter->runController(Object(App\Controllers\Home))
#11 C:\xampp\htdocs\santrikoding\vendor\codeigniter4\framework\system\CodeIgniter.php(333): CodeIgniter\CodeIgniter->handleRequest(NULL, Object(Config\Cache), false)
#12 C:\xampp\htdocs\santrikoding\public\index.php(44): CodeIgniter\CodeIgniter->run()
#13 C:\xampp\htdocs\santrikoding\vendor\codeigniter4\framework\system\Commands\Server\rewrite.php(45): require_once('C:\\xampp\\htdocs...')
#14 {main}
CRITICAL - 2021-05-12 14:13:00 --> Undefined variable $gedung
#0 C:\xampp\htdocs\santrikoding\app\Views\layouts\v_footer.php(2): CodeIgniter\Debug\Exceptions->errorHandler(2, 'Undefined varia...', 'C:\\xampp\\htdocs...', 2)
#1 C:\xampp\htdocs\santrikoding\vendor\codeigniter4\framework\system\View\View.php(220): include('C:\\xampp\\htdocs...')
#2 C:\xampp\htdocs\santrikoding\vendor\codeigniter4\framework\system\View\View.php(222): CodeIgniter\View\View->CodeIgniter\View\{closure}()
#3 C:\xampp\htdocs\santrikoding\vendor\codeigniter4\framework\system\Common.php(1217): CodeIgniter\View\View->render('layouts/v_foote...', Array, true)
#4 C:\xampp\htdocs\santrikoding\app\Views\welcome_message.php(72): view('layouts/v_foote...')
#5 C:\xampp\htdocs\santrikoding\vendor\codeigniter4\framework\system\View\View.php(220): include('C:\\xampp\\htdocs...')
#6 C:\xampp\htdocs\santrikoding\vendor\codeigniter4\framework\system\View\View.php(222): CodeIgniter\View\View->CodeIgniter\View\{closure}()
#7 C:\xampp\htdocs\santrikoding\vendor\codeigniter4\framework\system\Common.php(1217): CodeIgniter\View\View->render('welcome_message', Array, true)
#8 C:\xampp\htdocs\santrikoding\app\Controllers\Home.php(11): view('welcome_message', Array)
#9 C:\xampp\htdocs\santrikoding\vendor\codeigniter4\framework\system\CodeIgniter.php(936): App\Controllers\Home->index()
#10 C:\xampp\htdocs\santrikoding\vendor\codeigniter4\framework\system\CodeIgniter.php(432): CodeIgniter\CodeIgniter->runController(Object(App\Controllers\Home))
#11 C:\xampp\htdocs\santrikoding\vendor\codeigniter4\framework\system\CodeIgniter.php(333): CodeIgniter\CodeIgniter->handleRequest(NULL, Object(Config\Cache), false)
#12 C:\xampp\htdocs\santrikoding\public\index.php(44): CodeIgniter\CodeIgniter->run()
#13 C:\xampp\htdocs\santrikoding\vendor\codeigniter4\framework\system\Commands\Server\rewrite.php(45): require_once('C:\\xampp\\htdocs...')
#14 {main}
CRITICAL - 2021-05-12 14:34:57 --> Undefined variable $gedung
#0 C:\xampp\htdocs\santrikoding\app\Views\layouts\v_footer.php(2): CodeIgniter\Debug\Exceptions->errorHandler(2, 'Undefined varia...', 'C:\\xampp\\htdocs...', 2)
#1 C:\xampp\htdocs\santrikoding\vendor\codeigniter4\framework\system\View\View.php(220): include('C:\\xampp\\htdocs...')
#2 C:\xampp\htdocs\santrikoding\vendor\codeigniter4\framework\system\View\View.php(222): CodeIgniter\View\View->CodeIgniter\View\{closure}()
#3 C:\xampp\htdocs\santrikoding\vendor\codeigniter4\framework\system\Common.php(1217): CodeIgniter\View\View->render('layouts/v_foote...', Array, true)
#4 C:\xampp\htdocs\santrikoding\app\Views\layouts\v_wrapper.php(6): view('layouts/v_foote...')
#5 C:\xampp\htdocs\santrikoding\vendor\codeigniter4\framework\system\View\View.php(220): include('C:\\xampp\\htdocs...')
#6 C:\xampp\htdocs\santrikoding\vendor\codeigniter4\framework\system\View\View.php(222): CodeIgniter\View\View->CodeIgniter\View\{closure}()
#7 C:\xampp\htdocs\santrikoding\vendor\codeigniter4\framework\system\Common.php(1217): CodeIgniter\View\View->render('layouts/v_wrapp...', Array, true)
#8 C:\xampp\htdocs\santrikoding\app\Controllers\Fakultas.php(27): view('layouts/v_wrapp...', Array)
#9 C:\xampp\htdocs\santrikoding\vendor\codeigniter4\framework\system\CodeIgniter.php(936): App\Controllers\Fakultas->index()
#10 C:\xampp\htdocs\santrikoding\vendor\codeigniter4\framework\system\CodeIgniter.php(432): CodeIgniter\CodeIgniter->runController(Object(App\Controllers\Fakultas))
#11 C:\xampp\htdocs\santrikoding\vendor\codeigniter4\framework\system\CodeIgniter.php(333): CodeIgniter\CodeIgniter->handleRequest(NULL, Object(Config\Cache), false)
#12 C:\xampp\htdocs\santrikoding\public\index.php(44): CodeIgniter\CodeIgniter->run()
#13 C:\xampp\htdocs\santrikoding\vendor\codeigniter4\framework\system\Commands\Server\rewrite.php(45): require_once('C:\\xampp\\htdocs...')
#14 {main}
CRITICAL - 2021-05-12 14:34:58 --> Undefined variable $gedung
#0 C:\xampp\htdocs\santrikoding\app\Views\layouts\v_footer.php(2): CodeIgniter\Debug\Exceptions->errorHandler(2, 'Undefined varia...', 'C:\\xampp\\htdocs...', 2)
#1 C:\xampp\htdocs\santrikoding\vendor\codeigniter4\framework\system\View\View.php(220): include('C:\\xampp\\htdocs...')
#2 C:\xampp\htdocs\santrikoding\vendor\codeigniter4\framework\system\View\View.php(222): CodeIgniter\View\View->CodeIgniter\View\{closure}()
#3 C:\xampp\htdocs\santrikoding\vendor\codeigniter4\framework\system\Common.php(1217): CodeIgniter\View\View->render('layouts/v_foote...', Array, true)
#4 C:\xampp\htdocs\santrikoding\app\Views\layouts\v_wrapper.php(6): view('layouts/v_foote...')
#5 C:\xampp\htdocs\santrikoding\vendor\codeigniter4\framework\system\View\View.php(220): include('C:\\xampp\\htdocs...')
#6 C:\xampp\htdocs\santrikoding\vendor\codeigniter4\framework\system\View\View.php(222): CodeIgniter\View\View->CodeIgniter\View\{closure}()
#7 C:\xampp\htdocs\santrikoding\vendor\codeigniter4\framework\system\Common.php(1217): CodeIgniter\View\View->render('layouts/v_wrapp...', Array, true)
#8 C:\xampp\htdocs\santrikoding\app\Controllers\Barang.php(18): view('layouts/v_wrapp...', Array)
#9 C:\xampp\htdocs\santrikoding\vendor\codeigniter4\framework\system\CodeIgniter.php(936): App\Controllers\Barang->index()
#10 C:\xampp\htdocs\santrikoding\vendor\codeigniter4\framework\system\CodeIgniter.php(432): CodeIgniter\CodeIgniter->runController(Object(App\Controllers\Barang))
#11 C:\xampp\htdocs\santrikoding\vendor\codeigniter4\framework\system\CodeIgniter.php(333): CodeIgniter\CodeIgniter->handleRequest(NULL, Object(Config\Cache), false)
#12 C:\xampp\htdocs\santrikoding\public\index.php(44): CodeIgniter\CodeIgniter->run()
#13 C:\xampp\htdocs\santrikoding\vendor\codeigniter4\framework\system\Commands\Server\rewrite.php(45): require_once('C:\\xampp\\htdocs...')
#14 {main}
CRITICAL - 2021-05-12 14:35:03 --> Undefined variable $gedung
#0 C:\xampp\htdocs\santrikoding\app\Views\layouts\v_footer.php(2): CodeIgniter\Debug\Exceptions->errorHandler(2, 'Undefined varia...', 'C:\\xampp\\htdocs...', 2)
#1 C:\xampp\htdocs\santrikoding\vendor\codeigniter4\framework\system\View\View.php(220): include('C:\\xampp\\htdocs...')
#2 C:\xampp\htdocs\santrikoding\vendor\codeigniter4\framework\system\View\View.php(222): CodeIgniter\View\View->CodeIgniter\View\{closure}()
#3 C:\xampp\htdocs\santrikoding\vendor\codeigniter4\framework\system\Common.php(1217): CodeIgniter\View\View->render('layouts/v_foote...', Array, true)
#4 C:\xampp\htdocs\santrikoding\app\Views\layouts\v_wrapper.php(6): view('layouts/v_foote...')
#5 C:\xampp\htdocs\santrikoding\vendor\codeigniter4\framework\system\View\View.php(220): include('C:\\xampp\\htdocs...')
#6 C:\xampp\htdocs\santrikoding\vendor\codeigniter4\framework\system\View\View.php(222): CodeIgniter\View\View->CodeIgniter\View\{closure}()
#7 C:\xampp\htdocs\santrikoding\vendor\codeigniter4\framework\system\Common.php(1217): CodeIgniter\View\View->render('layouts/v_wrapp...', Array, true)
#8 C:\xampp\htdocs\santrikoding\app\Controllers\Barang.php(27): view('layouts/v_wrapp...', Array)
#9 C:\xampp\htdocs\santrikoding\vendor\codeigniter4\framework\system\CodeIgniter.php(936): App\Controllers\Barang->tambah()
#10 C:\xampp\htdocs\santrikoding\vendor\codeigniter4\framework\system\CodeIgniter.php(432): CodeIgniter\CodeIgniter->runController(Object(App\Controllers\Barang))
#11 C:\xampp\htdocs\santrikoding\vendor\codeigniter4\framework\system\CodeIgniter.php(333): CodeIgniter\CodeIgniter->handleRequest(NULL, Object(Config\Cache), false)
#12 C:\xampp\htdocs\santrikoding\public\index.php(44): CodeIgniter\CodeIgniter->run()
#13 C:\xampp\htdocs\santrikoding\vendor\codeigniter4\framework\system\Commands\Server\rewrite.php(45): require_once('C:\\xampp\\htdocs...')
#14 {main}
CRITICAL - 2021-05-12 14:35:36 --> Too few arguments to function App\Controllers\Barang::edit(), 0 passed in C:\xampp\htdocs\santrikoding\vendor\codeigniter4\framework\system\CodeIgniter.php on line 936 and exactly 1 expected
#0 C:\xampp\htdocs\santrikoding\vendor\codeigniter4\framework\system\CodeIgniter.php(936): App\Controllers\Barang->edit()
#1 C:\xampp\htdocs\santrikoding\vendor\codeigniter4\framework\system\CodeIgniter.php(432): CodeIgniter\CodeIgniter->runController(Object(App\Controllers\Barang))
#2 C:\xampp\htdocs\santrikoding\vendor\codeigniter4\framework\system\CodeIgniter.php(333): CodeIgniter\CodeIgniter->handleRequest(NULL, Object(Config\Cache), false)
#3 C:\xampp\htdocs\santrikoding\public\index.php(44): CodeIgniter\CodeIgniter->run()
#4 C:\xampp\htdocs\santrikoding\vendor\codeigniter4\framework\system\Commands\Server\rewrite.php(45): require_once('C:\\xampp\\htdocs...')
#5 {main}
CRITICAL - 2021-05-12 14:41:30 --> Call to undefined method App\Models\Barang_model::metodmodel
#0 C:\xampp\htdocs\santrikoding\app\Controllers\Barang.php(98): CodeIgniter\Model->__call('metodmodel', Array)
#1 C:\xampp\htdocs\santrikoding\vendor\codeigniter4\framework\system\CodeIgniter.php(936): App\Controllers\Barang->cobahtml()
#2 C:\xampp\htdocs\santrikoding\vendor\codeigniter4\framework\system\CodeIgniter.php(432): CodeIgniter\CodeIgniter->runController(Object(App\Controllers\Barang))
#3 C:\xampp\htdocs\santrikoding\vendor\codeigniter4\framework\system\CodeIgniter.php(333): CodeIgniter\CodeIgniter->handleRequest(NULL, Object(Config\Cache), false)
#4 C:\xampp\htdocs\santrikoding\public\index.php(44): CodeIgniter\CodeIgniter->run()
#5 C:\xampp\htdocs\santrikoding\vendor\codeigniter4\framework\system\Commands\Server\rewrite.php(45): require_once('C:\\xampp\\htdocs...')
#6 {main}
CRITICAL - 2021-05-12 14:42:35 --> Call to undefined method App\Models\Barang_model::metodmodel
#0 C:\xampp\htdocs\santrikoding\app\Controllers\Barang.php(98): CodeIgniter\Model->__call('metodmodel', Array)
#1 C:\xampp\htdocs\santrikoding\vendor\codeigniter4\framework\system\CodeIgniter.php(936): App\Controllers\Barang->cobahtml()
#2 C:\xampp\htdocs\santrikoding\vendor\codeigniter4\framework\system\CodeIgniter.php(432): CodeIgniter\CodeIgniter->runController(Object(App\Controllers\Barang))
#3 C:\xampp\htdocs\santrikoding\vendor\codeigniter4\framework\system\CodeIgniter.php(333): CodeIgniter\CodeIgniter->handleRequest(NULL, Object(Config\Cache), false)
#4 C:\xampp\htdocs\santrikoding\public\index.php(44): CodeIgniter\CodeIgniter->run()
#5 C:\xampp\htdocs\santrikoding\vendor\codeigniter4\framework\system\Commands\Server\rewrite.php(45): require_once('C:\\xampp\\htdocs...')
#6 {main}
CRITICAL - 2021-05-12 14:43:57 --> Invalid file: v_barangcoba.php
#0 C:\xampp\htdocs\santrikoding\vendor\codeigniter4\framework\system\View\View.php(203): CodeIgniter\Exceptions\FrameworkException::forInvalidFile('v_barangcoba.ph...')
#1 C:\xampp\htdocs\santrikoding\vendor\codeigniter4\framework\system\Common.php(1217): CodeIgniter\View\View->render('v_barangcoba', Array, true)
#2 C:\xampp\htdocs\santrikoding\app\Views\layouts\v_content.php(14): view('v_barangcoba')
#3 C:\xampp\htdocs\santrikoding\vendor\codeigniter4\framework\system\View\View.php(220): include('C:\\xampp\\htdocs...')
#4 C:\xampp\htdocs\santrikoding\vendor\codeigniter4\framework\system\View\View.php(222): CodeIgniter\View\View->CodeIgniter\View\{closure}()
#5 C:\xampp\htdocs\santrikoding\vendor\codeigniter4\framework\system\Common.php(1217): CodeIgniter\View\View->render('layouts/v_conte...', Array, true)
#6 C:\xampp\htdocs\santrikoding\app\Views\layouts\v_wrapper.php(5): view('layouts/v_conte...')
#7 C:\xampp\htdocs\santrikoding\vendor\codeigniter4\framework\system\View\View.php(220): include('C:\\xampp\\htdocs...')
#8 C:\xampp\htdocs\santrikoding\vendor\codeigniter4\framework\system\View\View.php(222): CodeIgniter\View\View->CodeIgniter\View\{closure}()
#9 C:\xampp\htdocs\santrikoding\vendor\codeigniter4\framework\system\Common.php(1217): CodeIgniter\View\View->render('layouts/v_wrapp...', Array, true)
#10 C:\xampp\htdocs\santrikoding\app\Controllers\Barang.php(101): view('layouts/v_wrapp...', Array)
#11 C:\xampp\htdocs\santrikoding\vendor\codeigniter4\framework\system\CodeIgniter.php(936): App\Controllers\Barang->cobahtml()
#12 C:\xampp\htdocs\santrikoding\vendor\codeigniter4\framework\system\CodeIgniter.php(432): CodeIgniter\CodeIgniter->runController(Object(App\Controllers\Barang))
#13 C:\xampp\htdocs\santrikoding\vendor\codeigniter4\framework\system\CodeIgniter.php(333): CodeIgniter\CodeIgniter->handleRequest(NULL, Object(Config\Cache), false)
#14 C:\xampp\htdocs\santrikoding\public\index.php(44): CodeIgniter\CodeIgniter->run()
#15 C:\xampp\htdocs\santrikoding\vendor\codeigniter4\framework\system\Commands\Server\rewrite.php(45): require_once('C:\\xampp\\htdocs...')
#16 {main}
CRITICAL - 2021-05-12 14:44:34 --> Invalid file: v_barangcoba.php
#0 C:\xampp\htdocs\santrikoding\vendor\codeigniter4\framework\system\View\View.php(203): CodeIgniter\Exceptions\FrameworkException::forInvalidFile('v_barangcoba.ph...')
#1 C:\xampp\htdocs\santrikoding\vendor\codeigniter4\framework\system\Common.php(1217): CodeIgniter\View\View->render('v_barangcoba', Array, true)
#2 C:\xampp\htdocs\santrikoding\app\Views\layouts\v_content.php(14): view('v_barangcoba')
#3 C:\xampp\htdocs\santrikoding\vendor\codeigniter4\framework\system\View\View.php(220): include('C:\\xampp\\htdocs...')
#4 C:\xampp\htdocs\santrikoding\vendor\codeigniter4\framework\system\View\View.php(222): CodeIgniter\View\View->CodeIgniter\View\{closure}()
#5 C:\xampp\htdocs\santrikoding\vendor\codeigniter4\framework\system\Common.php(1217): CodeIgniter\View\View->render('layouts/v_conte...', Array, true)
#6 C:\xampp\htdocs\santrikoding\app\Views\layouts\v_wrapper.php(5): view('layouts/v_conte...')
#7 C:\xampp\htdocs\santrikoding\vendor\codeigniter4\framework\system\View\View.php(220): include('C:\\xampp\\htdocs...')
#8 C:\xampp\htdocs\santrikoding\vendor\codeigniter4\framework\system\View\View.php(222): CodeIgniter\View\View->CodeIgniter\View\{closure}()
#9 C:\xampp\htdocs\santrikoding\vendor\codeigniter4\framework\system\Common.php(1217): CodeIgniter\View\View->render('layouts/v_wrapp...', Array, true)
#10 C:\xampp\htdocs\santrikoding\app\Controllers\Barang.php(101): view('layouts/v_wrapp...', Array)
#11 C:\xampp\htdocs\santrikoding\vendor\codeigniter4\framework\system\CodeIgniter.php(936): App\Controllers\Barang->cobahtml()
#12 C:\xampp\htdocs\santrikoding\vendor\codeigniter4\framework\system\CodeIgniter.php(432): CodeIgniter\CodeIgniter->runController(Object(App\Controllers\Barang))
#13 C:\xampp\htdocs\santrikoding\vendor\codeigniter4\framework\system\CodeIgniter.php(333): CodeIgniter\CodeIgniter->handleRequest(NULL, Object(Config\Cache), false)
#14 C:\xampp\htdocs\santrikoding\public\index.php(44): CodeIgniter\CodeIgniter->run()
#15 C:\xampp\htdocs\santrikoding\vendor\codeigniter4\framework\system\Commands\Server\rewrite.php(45): require_once('C:\\xampp\\htdocs...')
#16 {main}
CRITICAL - 2021-05-12 14:45:04 --> Invalid file: v_barangcoba.php
#0 C:\xampp\htdocs\santrikoding\vendor\codeigniter4\framework\system\View\View.php(203): CodeIgniter\Exceptions\FrameworkException::forInvalidFile('v_barangcoba.ph...')
#1 C:\xampp\htdocs\santrikoding\vendor\codeigniter4\framework\system\Common.php(1217): CodeIgniter\View\View->render('v_barangcoba', Array, true)
#2 C:\xampp\htdocs\santrikoding\app\Views\layouts\v_content.php(14): view('v_barangcoba')
#3 C:\xampp\htdocs\santrikoding\vendor\codeigniter4\framework\system\View\View.php(220): include('C:\\xampp\\htdocs...')
#4 C:\xampp\htdocs\santrikoding\vendor\codeigniter4\framework\system\View\View.php(222): CodeIgniter\View\View->CodeIgniter\View\{closure}()
#5 C:\xampp\htdocs\santrikoding\vendor\codeigniter4\framework\system\Common.php(1217): CodeIgniter\View\View->render('layouts/v_conte...', Array, true)
#6 C:\xampp\htdocs\santrikoding\app\Views\layouts\v_wrapper.php(5): view('layouts/v_conte...')
#7 C:\xampp\htdocs\santrikoding\vendor\codeigniter4\framework\system\View\View.php(220): include('C:\\xampp\\htdocs...')
#8 C:\xampp\htdocs\santrikoding\vendor\codeigniter4\framework\system\View\View.php(222): CodeIgniter\View\View->CodeIgniter\View\{closure}()
#9 C:\xampp\htdocs\santrikoding\vendor\codeigniter4\framework\system\Common.php(1217): CodeIgniter\View\View->render('layouts/v_wrapp...', Array, true)
#10 C:\xampp\htdocs\santrikoding\app\Controllers\Barang.php(101): view('layouts/v_wrapp...', Array)
#11 C:\xampp\htdocs\santrikoding\vendor\codeigniter4\framework\system\CodeIgniter.php(936): App\Controllers\Barang->cobahtml()
#12 C:\xampp\htdocs\santrikoding\vendor\codeigniter4\framework\system\CodeIgniter.php(432): CodeIgniter\CodeIgniter->runController(Object(App\Controllers\Barang))
#13 C:\xampp\htdocs\santrikoding\vendor\codeigniter4\framework\system\CodeIgniter.php(333): CodeIgniter\CodeIgniter->handleRequest(NULL, Object(Config\Cache), false)
#14 C:\xampp\htdocs\santrikoding\public\index.php(44): CodeIgniter\CodeIgniter->run()
#15 C:\xampp\htdocs\santrikoding\vendor\codeigniter4\framework\system\Commands\Server\rewrite.php(45): require_once('C:\\xampp\\htdocs...')
#16 {main}
CRITICAL - 2021-05-12 14:45:25 --> Invalid file: v_barangcoba.php
#0 C:\xampp\htdocs\santrikoding\vendor\codeigniter4\framework\system\View\View.php(203): CodeIgniter\Exceptions\FrameworkException::forInvalidFile('v_barangcoba.ph...')
#1 C:\xampp\htdocs\santrikoding\vendor\codeigniter4\framework\system\Common.php(1217): CodeIgniter\View\View->render('v_barangcoba', Array, true)
#2 C:\xampp\htdocs\santrikoding\app\Views\layouts\v_content.php(14): view('v_barangcoba')
#3 C:\xampp\htdocs\santrikoding\vendor\codeigniter4\framework\system\View\View.php(220): include('C:\\xampp\\htdocs...')
#4 C:\xampp\htdocs\santrikoding\vendor\codeigniter4\framework\system\View\View.php(222): CodeIgniter\View\View->CodeIgniter\View\{closure}()
#5 C:\xampp\htdocs\santrikoding\vendor\codeigniter4\framework\system\Common.php(1217): CodeIgniter\View\View->render('layouts/v_conte...', Array, true)
#6 C:\xampp\htdocs\santrikoding\app\Views\layouts\v_wrapper.php(5): view('layouts/v_conte...')
#7 C:\xampp\htdocs\santrikoding\vendor\codeigniter4\framework\system\View\View.php(220): include('C:\\xampp\\htdocs...')
#8 C:\xampp\htdocs\santrikoding\vendor\codeigniter4\framework\system\View\View.php(222): CodeIgniter\View\View->CodeIgniter\View\{closure}()
#9 C:\xampp\htdocs\santrikoding\vendor\codeigniter4\framework\system\Common.php(1217): CodeIgniter\View\View->render('layouts/v_wrapp...', Array, true)
#10 C:\xampp\htdocs\santrikoding\app\Controllers\Barang.php(101): view('layouts/v_wrapp...', Array)
#11 C:\xampp\htdocs\santrikoding\vendor\codeigniter4\framework\system\CodeIgniter.php(936): App\Controllers\Barang->cobahtml()
#12 C:\xampp\htdocs\santrikoding\vendor\codeigniter4\framework\system\CodeIgniter.php(432): CodeIgniter\CodeIgniter->runController(Object(App\Controllers\Barang))
#13 C:\xampp\htdocs\santrikoding\vendor\codeigniter4\framework\system\CodeIgniter.php(333): CodeIgniter\CodeIgniter->handleRequest(NULL, Object(Config\Cache), false)
#14 C:\xampp\htdocs\santrikoding\public\index.php(44): CodeIgniter\CodeIgniter->run()
#15 C:\xampp\htdocs\santrikoding\vendor\codeigniter4\framework\system\Commands\Server\rewrite.php(45): require_once('C:\\xampp\\htdocs...')
#16 {main}
CRITICAL - 2021-05-12 14:45:47 --> Undefined variable $getBarang3
#0 C:\xampp\htdocs\santrikoding\app\Views\barang\v_barangcoba.php(22): CodeIgniter\Debug\Exceptions->errorHandler(2, 'Undefined varia...', 'C:\\xampp\\htdocs...', 22)
#1 C:\xampp\htdocs\santrikoding\vendor\codeigniter4\framework\system\View\View.php(220): include('C:\\xampp\\htdocs...')
#2 C:\xampp\htdocs\santrikoding\vendor\codeigniter4\framework\system\View\View.php(222): CodeIgniter\View\View->CodeIgniter\View\{closure}()
#3 C:\xampp\htdocs\santrikoding\vendor\codeigniter4\framework\system\Common.php(1217): CodeIgniter\View\View->render('barang/v_barang...', Array, true)
#4 C:\xampp\htdocs\santrikoding\app\Views\layouts\v_content.php(14): view('barang/v_barang...')
#5 C:\xampp\htdocs\santrikoding\vendor\codeigniter4\framework\system\View\View.php(220): include('C:\\xampp\\htdocs...')
#6 C:\xampp\htdocs\santrikoding\vendor\codeigniter4\framework\system\View\View.php(222): CodeIgniter\View\View->CodeIgniter\View\{closure}()
#7 C:\xampp\htdocs\santrikoding\vendor\codeigniter4\framework\system\Common.php(1217): CodeIgniter\View\View->render('layouts/v_conte...', Array, true)
#8 C:\xampp\htdocs\santrikoding\app\Views\layouts\v_wrapper.php(5): view('layouts/v_conte...')
#9 C:\xampp\htdocs\santrikoding\vendor\codeigniter4\framework\system\View\View.php(220): include('C:\\xampp\\htdocs...')
#10 C:\xampp\htdocs\santrikoding\vendor\codeigniter4\framework\system\View\View.php(222): CodeIgniter\View\View->CodeIgniter\View\{closure}()
#11 C:\xampp\htdocs\santrikoding\vendor\codeigniter4\framework\system\Common.php(1217): CodeIgniter\View\View->render('layouts/v_wrapp...', Array, true)
#12 C:\xampp\htdocs\santrikoding\app\Controllers\Barang.php(101): view('layouts/v_wrapp...', Array)
#13 C:\xampp\htdocs\santrikoding\vendor\codeigniter4\framework\system\CodeIgniter.php(936): App\Controllers\Barang->cobahtml()
#14 C:\xampp\htdocs\santrikoding\vendor\codeigniter4\framework\system\CodeIgniter.php(432): CodeIgniter\CodeIgniter->runController(Object(App\Controllers\Barang))
#15 C:\xampp\htdocs\santrikoding\vendor\codeigniter4\framework\system\CodeIgniter.php(333): CodeIgniter\CodeIgniter->handleRequest(NULL, Object(Config\Cache), false)
#16 C:\xampp\htdocs\santrikoding\public\index.php(44): CodeIgniter\CodeIgniter->run()
#17 C:\xampp\htdocs\santrikoding\vendor\codeigniter4\framework\system\Commands\Server\rewrite.php(45): require_once('C:\\xampp\\htdocs...')
#18 {main}
CRITICAL - 2021-05-12 14:46:38 --> Undefined variable $data
#0 C:\xampp\htdocs\santrikoding\app\Views\barang\v_barangcoba.php(3): CodeIgniter\Debug\Exceptions->errorHandler(2, 'Undefined varia...', 'C:\\xampp\\htdocs...', 3)
#1 C:\xampp\htdocs\santrikoding\vendor\codeigniter4\framework\system\View\View.php(220): include('C:\\xampp\\htdocs...')
#2 C:\xampp\htdocs\santrikoding\vendor\codeigniter4\framework\system\View\View.php(222): CodeIgniter\View\View->CodeIgniter\View\{closure}()
#3 C:\xampp\htdocs\santrikoding\vendor\codeigniter4\framework\system\Common.php(1217): CodeIgniter\View\View->render('barang/v_barang...', Array, true)
#4 C:\xampp\htdocs\santrikoding\app\Views\layouts\v_content.php(14): view('barang/v_barang...')
#5 C:\xampp\htdocs\santrikoding\vendor\codeigniter4\framework\system\View\View.php(220): include('C:\\xampp\\htdocs...')
#6 C:\xampp\htdocs\santrikoding\vendor\codeigniter4\framework\system\View\View.php(222): CodeIgniter\View\View->CodeIgniter\View\{closure}()
#7 C:\xampp\htdocs\santrikoding\vendor\codeigniter4\framework\system\Common.php(1217): CodeIgniter\View\View->render('layouts/v_conte...', Array, true)
#8 C:\xampp\htdocs\santrikoding\app\Views\layouts\v_wrapper.php(5): view('layouts/v_conte...')
#9 C:\xampp\htdocs\santrikoding\vendor\codeigniter4\framework\system\View\View.php(220): include('C:\\xampp\\htdocs...')
#10 C:\xampp\htdocs\santrikoding\vendor\codeigniter4\framework\system\View\View.php(222): CodeIgniter\View\View->CodeIgniter\View\{closure}()
#11 C:\xampp\htdocs\santrikoding\vendor\codeigniter4\framework\system\Common.php(1217): CodeIgniter\View\View->render('layouts/v_wrapp...', Array, true)
#12 C:\xampp\htdocs\santrikoding\app\Controllers\Barang.php(101): view('layouts/v_wrapp...', Array)
#13 C:\xampp\htdocs\santrikoding\vendor\codeigniter4\framework\system\CodeIgniter.php(936): App\Controllers\Barang->cobahtml()
#14 C:\xampp\htdocs\santrikoding\vendor\codeigniter4\framework\system\CodeIgniter.php(432): CodeIgniter\CodeIgniter->runController(Object(App\Controllers\Barang))
#15 C:\xampp\htdocs\santrikoding\vendor\codeigniter4\framework\system\CodeIgniter.php(333): CodeIgniter\CodeIgniter->handleRequest(NULL, Object(Config\Cache), false)
#16 C:\xampp\htdocs\santrikoding\public\index.php(44): CodeIgniter\CodeIgniter->run()
#17 C:\xampp\htdocs\santrikoding\vendor\codeigniter4\framework\system\Commands\Server\rewrite.php(45): require_once('C:\\xampp\\htdocs...')
#18 {main}
CRITICAL - 2021-05-12 14:51:10 --> syntax error, unexpected variable "$builder"
#0 C:\xampp\htdocs\santrikoding\vendor\codeigniter4\framework\system\Autoloader\Autoloader.php(265): CodeIgniter\Autoloader\Autoloader->includeFile('C:\\xampp\\htdocs...')
#1 C:\xampp\htdocs\santrikoding\vendor\codeigniter4\framework\system\Autoloader\Autoloader.php(228): CodeIgniter\Autoloader\Autoloader->loadInNamespace('App\\Models\\Bara...')
#2 C:\xampp\htdocs\santrikoding\app\Controllers\Barang.php(95): CodeIgniter\Autoloader\Autoloader->loadClass('App\\Models\\Bara...')
#3 C:\xampp\htdocs\santrikoding\vendor\codeigniter4\framework\system\CodeIgniter.php(936): App\Controllers\Barang->cobahtml()
#4 C:\xampp\htdocs\santrikoding\vendor\codeigniter4\framework\system\CodeIgniter.php(432): CodeIgniter\CodeIgniter->runController(Object(App\Controllers\Barang))
#5 C:\xampp\htdocs\santrikoding\vendor\codeigniter4\framework\system\CodeIgniter.php(333): CodeIgniter\CodeIgniter->handleRequest(NULL, Object(Config\Cache), false)
#6 C:\xampp\htdocs\santrikoding\public\index.php(44): CodeIgniter\CodeIgniter->run()
#7 C:\xampp\htdocs\santrikoding\vendor\codeigniter4\framework\system\Commands\Server\rewrite.php(45): require_once('C:\\xampp\\htdocs...')
#8 {main}
CRITICAL - 2021-05-12 23:59:16 --> Undefined variable $db
#0 C:\xampp\htdocs\santrikoding\app\Models\Barang_model.php(43): CodeIgniter\Debug\Exceptions->errorHandler(2, 'Undefined varia...', 'C:\\xampp\\htdocs...', 43)
#1 C:\xampp\htdocs\santrikoding\app\Controllers\Barang.php(98): App\Models\Barang_model->metodModel()
#2 C:\xampp\htdocs\santrikoding\vendor\codeigniter4\framework\system\CodeIgniter.php(936): App\Controllers\Barang->cobahtml()
#3 C:\xampp\htdocs\santrikoding\vendor\codeigniter4\framework\system\CodeIgniter.php(432): CodeIgniter\CodeIgniter->runController(Object(App\Controllers\Barang))
#4 C:\xampp\htdocs\santrikoding\vendor\codeigniter4\framework\system\CodeIgniter.php(333): CodeIgniter\CodeIgniter->handleRequest(NULL, Object(Config\Cache), false)
#5 C:\xampp\htdocs\santrikoding\public\index.php(44): CodeIgniter\CodeIgniter->run()
#6 C:\xampp\htdocs\santrikoding\vendor\codeigniter4\framework\system\Commands\Server\rewrite.php(45): require_once('C:\\xampp\\htdocs...')
#7 {main}
CRITICAL - 2021-05-12 23:59:29 --> syntax error, unexpected token "`", expecting ")"
#0 C:\xampp\htdocs\santrikoding\vendor\codeigniter4\framework\system\Autoloader\Autoloader.php(265): CodeIgniter\Autoloader\Autoloader->includeFile('C:\\xampp\\htdocs...')
#1 C:\xampp\htdocs\santrikoding\vendor\codeigniter4\framework\system\Autoloader\Autoloader.php(228): CodeIgniter\Autoloader\Autoloader->loadInNamespace('App\\Models\\Bara...')
#2 C:\xampp\htdocs\santrikoding\app\Controllers\Barang.php(95): CodeIgniter\Autoloader\Autoloader->loadClass('App\\Models\\Bara...')
#3 C:\xampp\htdocs\santrikoding\vendor\codeigniter4\framework\system\CodeIgniter.php(936): App\Controllers\Barang->cobahtml()
#4 C:\xampp\htdocs\santrikoding\vendor\codeigniter4\framework\system\CodeIgniter.php(432): CodeIgniter\CodeIgniter->runController(Object(App\Controllers\Barang))
#5 C:\xampp\htdocs\santrikoding\vendor\codeigniter4\framework\system\CodeIgniter.php(333): CodeIgniter\CodeIgniter->handleRequest(NULL, Object(Config\Cache), false)
#6 C:\xampp\htdocs\santrikoding\public\index.php(44): CodeIgniter\CodeIgniter->run()
#7 C:\xampp\htdocs\santrikoding\vendor\codeigniter4\framework\system\Commands\Server\rewrite.php(45): require_once('C:\\xampp\\htdocs...')
#8 {main}
