ERROR - 2021-05-16 10:24:16 --> Error connecting to the database: No connection could be made because the target machine actively refused it
CRITICAL - 2021-05-16 10:24:16 --> Unable to connect to the database.
#0 C:\xampp\htdocs\santrikoding\vendor\codeigniter4\framework\system\Database\BaseConnection.php(618): CodeIgniter\Database\BaseConnection->initialize()
#1 C:\xampp\htdocs\santrikoding\vendor\codeigniter4\framework\system\Database\BaseBuilder.php(1866): CodeIgniter\Database\BaseConnection->query('SELECT *\nFROM `...', Array, false)
#2 C:\xampp\htdocs\santrikoding\vendor\codeigniter4\framework\system\Model.php(213): CodeIgniter\Database\BaseBuilder->get()
#3 C:\xampp\htdocs\santrikoding\vendor\codeigniter4\framework\system\BaseModel.php(583): CodeIgniter\Model->doFindAll(0, 0)
#4 C:\xampp\htdocs\santrikoding\app\Models\Barang_model.php(14): CodeIgniter\BaseModel->findAll()
#5 C:\xampp\htdocs\santrikoding\app\Controllers\Barang.php(15): App\Models\Barang_model->getBarang()
#6 C:\xampp\htdocs\santrikoding\vendor\codeigniter4\framework\system\CodeIgniter.php(936): App\Controllers\Barang->index()
#7 C:\xampp\htdocs\santrikoding\vendor\codeigniter4\framework\system\CodeIgniter.php(432): CodeIgniter\CodeIgniter->runController(Object(App\Controllers\Barang))
#8 C:\xampp\htdocs\santrikoding\vendor\codeigniter4\framework\system\CodeIgniter.php(333): CodeIgniter\CodeIgniter->handleRequest(NULL, Object(Config\Cache), false)
#9 C:\xampp\htdocs\santrikoding\public\index.php(44): CodeIgniter\CodeIgniter->run()
#10 C:\xampp\htdocs\santrikoding\vendor\codeigniter4\framework\system\Commands\Server\rewrite.php(45): require_once('C:\\xampp\\htdocs...')
#11 {main}
CRITICAL - 2021-05-16 10:28:14 --> syntax error, unexpected token "return"
#0 C:\xampp\htdocs\santrikoding\vendor\codeigniter4\framework\system\Router\Router.php(170): CodeIgniter\Router\Router->autoRoute('obat')
#1 C:\xampp\htdocs\santrikoding\vendor\codeigniter4\framework\system\CodeIgniter.php(816): CodeIgniter\Router\Router->handle('obat')
#2 C:\xampp\htdocs\santrikoding\vendor\codeigniter4\framework\system\CodeIgniter.php(385): CodeIgniter\CodeIgniter->tryToRouteIt(Object(CodeIgniter\Router\RouteCollection))
#3 C:\xampp\htdocs\santrikoding\vendor\codeigniter4\framework\system\CodeIgniter.php(333): CodeIgniter\CodeIgniter->handleRequest(NULL, Object(Config\Cache), false)
#4 C:\xampp\htdocs\santrikoding\public\index.php(44): CodeIgniter\CodeIgniter->run()
#5 C:\xampp\htdocs\santrikoding\vendor\codeigniter4\framework\system\Commands\Server\rewrite.php(45): require_once('C:\\xampp\\htdocs...')
#6 {main}
CRITICAL - 2021-05-16 12:41:12 --> syntax error, unexpected token "{", expecting "("
#0 C:\xampp\htdocs\santrikoding\vendor\codeigniter4\framework\system\Router\Router.php(170): CodeIgniter\Router\Router->autoRoute('barang')
#1 C:\xampp\htdocs\santrikoding\vendor\codeigniter4\framework\system\CodeIgniter.php(816): CodeIgniter\Router\Router->handle('barang')
#2 C:\xampp\htdocs\santrikoding\vendor\codeigniter4\framework\system\CodeIgniter.php(385): CodeIgniter\CodeIgniter->tryToRouteIt(Object(CodeIgniter\Router\RouteCollection))
#3 C:\xampp\htdocs\santrikoding\vendor\codeigniter4\framework\system\CodeIgniter.php(333): CodeIgniter\CodeIgniter->handleRequest(NULL, Object(Config\Cache), false)
#4 C:\xampp\htdocs\santrikoding\public\index.php(44): CodeIgniter\CodeIgniter->run()
#5 C:\xampp\htdocs\santrikoding\vendor\codeigniter4\framework\system\Commands\Server\rewrite.php(45): require_once('C:\\xampp\\htdocs...')
#6 {main}
CRITICAL - 2021-05-16 12:41:15 --> syntax error, unexpected token "{", expecting "("
#0 C:\xampp\htdocs\santrikoding\vendor\codeigniter4\framework\system\Router\Router.php(170): CodeIgniter\Router\Router->autoRoute('barang')
#1 C:\xampp\htdocs\santrikoding\vendor\codeigniter4\framework\system\CodeIgniter.php(816): CodeIgniter\Router\Router->handle('barang')
#2 C:\xampp\htdocs\santrikoding\vendor\codeigniter4\framework\system\CodeIgniter.php(385): CodeIgniter\CodeIgniter->tryToRouteIt(Object(CodeIgniter\Router\RouteCollection))
#3 C:\xampp\htdocs\santrikoding\vendor\codeigniter4\framework\system\CodeIgniter.php(333): CodeIgniter\CodeIgniter->handleRequest(NULL, Object(Config\Cache), false)
#4 C:\xampp\htdocs\santrikoding\public\index.php(44): CodeIgniter\CodeIgniter->run()
#5 C:\xampp\htdocs\santrikoding\vendor\codeigniter4\framework\system\Commands\Server\rewrite.php(45): require_once('C:\\xampp\\htdocs...')
#6 {main}
CRITICAL - 2021-05-16 13:05:48 --> Cannot redeclare App\Controllers\Cobascaffold::index()
#0 [internal function]: CodeIgniter\Debug\Exceptions->shutdownHandler()
#1 {main}
CRITICAL - 2021-05-16 13:52:31 --> Invalid file: coba/v_index_sc.php
#0 C:\xampp\htdocs\santrikoding\vendor\codeigniter4\framework\system\View\View.php(203): CodeIgniter\Exceptions\FrameworkException::forInvalidFile('coba/v_index_sc...')
#1 C:\xampp\htdocs\santrikoding\vendor\codeigniter4\framework\system\Common.php(1217): CodeIgniter\View\View->render('coba/v_index_sc', Array, true)
#2 C:\xampp\htdocs\santrikoding\app\Views\layouts\v_content.php(15): view('coba/v_index_sc')
#3 C:\xampp\htdocs\santrikoding\vendor\codeigniter4\framework\system\View\View.php(220): include('C:\\xampp\\htdocs...')
#4 C:\xampp\htdocs\santrikoding\vendor\codeigniter4\framework\system\View\View.php(222): CodeIgniter\View\View->CodeIgniter\View\{closure}()
#5 C:\xampp\htdocs\santrikoding\vendor\codeigniter4\framework\system\Common.php(1217): CodeIgniter\View\View->render('layouts/v_conte...', Array, true)
#6 C:\xampp\htdocs\santrikoding\app\Views\layouts\v_wrapper.php(5): view('layouts/v_conte...')
#7 C:\xampp\htdocs\santrikoding\vendor\codeigniter4\framework\system\View\View.php(220): include('C:\\xampp\\htdocs...')
#8 C:\xampp\htdocs\santrikoding\vendor\codeigniter4\framework\system\View\View.php(222): CodeIgniter\View\View->CodeIgniter\View\{closure}()
#9 C:\xampp\htdocs\santrikoding\vendor\codeigniter4\framework\system\Common.php(1217): CodeIgniter\View\View->render('layouts/v_wrapp...', Array, true)
#10 C:\xampp\htdocs\santrikoding\app\Controllers\Cobascaffold.php(23): view('layouts/v_wrapp...', Array)
#11 C:\xampp\htdocs\santrikoding\vendor\codeigniter4\framework\system\CodeIgniter.php(936): App\Controllers\Cobascaffold->index()
#12 C:\xampp\htdocs\santrikoding\vendor\codeigniter4\framework\system\CodeIgniter.php(432): CodeIgniter\CodeIgniter->runController(Object(App\Controllers\Cobascaffold))
#13 C:\xampp\htdocs\santrikoding\vendor\codeigniter4\framework\system\CodeIgniter.php(333): CodeIgniter\CodeIgniter->handleRequest(NULL, Object(Config\Cache), false)
#14 C:\xampp\htdocs\santrikoding\public\index.php(44): CodeIgniter\CodeIgniter->run()
#15 C:\xampp\htdocs\santrikoding\vendor\codeigniter4\framework\system\Commands\Server\rewrite.php(45): require_once('C:\\xampp\\htdocs...')
#16 {main}
CRITICAL - 2021-05-16 20:27:32 --> syntax error, unexpected token ";"
#0 C:\xampp\htdocs\santrikoding\vendor\codeigniter4\framework\system\View\View.php(222): CodeIgniter\View\View->CodeIgniter\View\{closure}()
#1 C:\xampp\htdocs\santrikoding\vendor\codeigniter4\framework\system\Common.php(1217): CodeIgniter\View\View->render('campur/v_obat', Array, true)
#2 C:\xampp\htdocs\santrikoding\app\Views\layouts\v_content.php(15): view('campur/v_obat')
#3 C:\xampp\htdocs\santrikoding\vendor\codeigniter4\framework\system\View\View.php(220): include('C:\\xampp\\htdocs...')
#4 C:\xampp\htdocs\santrikoding\vendor\codeigniter4\framework\system\View\View.php(222): CodeIgniter\View\View->CodeIgniter\View\{closure}()
#5 C:\xampp\htdocs\santrikoding\vendor\codeigniter4\framework\system\Common.php(1217): CodeIgniter\View\View->render('layouts/v_conte...', Array, true)
#6 C:\xampp\htdocs\santrikoding\app\Views\layouts\v_wrapper.php(5): view('layouts/v_conte...')
#7 C:\xampp\htdocs\santrikoding\vendor\codeigniter4\framework\system\View\View.php(220): include('C:\\xampp\\htdocs...')
#8 C:\xampp\htdocs\santrikoding\vendor\codeigniter4\framework\system\View\View.php(222): CodeIgniter\View\View->CodeIgniter\View\{closure}()
#9 C:\xampp\htdocs\santrikoding\vendor\codeigniter4\framework\system\Common.php(1217): CodeIgniter\View\View->render('layouts/v_wrapp...', Array, true)
#10 C:\xampp\htdocs\santrikoding\app\Controllers\Obat.php(26): view('layouts/v_wrapp...', Array)
#11 C:\xampp\htdocs\santrikoding\vendor\codeigniter4\framework\system\CodeIgniter.php(936): App\Controllers\Obat->index()
#12 C:\xampp\htdocs\santrikoding\vendor\codeigniter4\framework\system\CodeIgniter.php(432): CodeIgniter\CodeIgniter->runController(Object(App\Controllers\Obat))
#13 C:\xampp\htdocs\santrikoding\vendor\codeigniter4\framework\system\CodeIgniter.php(333): CodeIgniter\CodeIgniter->handleRequest(NULL, Object(Config\Cache), false)
#14 C:\xampp\htdocs\santrikoding\public\index.php(44): CodeIgniter\CodeIgniter->run()
#15 C:\xampp\htdocs\santrikoding\vendor\codeigniter4\framework\system\Commands\Server\rewrite.php(45): require_once('C:\\xampp\\htdocs...')
#16 {main}
CRITICAL - 2021-05-16 20:28:14 --> syntax error, unexpected token ";"
#0 C:\xampp\htdocs\santrikoding\vendor\codeigniter4\framework\system\View\View.php(222): CodeIgniter\View\View->CodeIgniter\View\{closure}()
#1 C:\xampp\htdocs\santrikoding\vendor\codeigniter4\framework\system\Common.php(1217): CodeIgniter\View\View->render('campur/v_obat', Array, true)
#2 C:\xampp\htdocs\santrikoding\app\Views\layouts\v_content.php(15): view('campur/v_obat')
#3 C:\xampp\htdocs\santrikoding\vendor\codeigniter4\framework\system\View\View.php(220): include('C:\\xampp\\htdocs...')
#4 C:\xampp\htdocs\santrikoding\vendor\codeigniter4\framework\system\View\View.php(222): CodeIgniter\View\View->CodeIgniter\View\{closure}()
#5 C:\xampp\htdocs\santrikoding\vendor\codeigniter4\framework\system\Common.php(1217): CodeIgniter\View\View->render('layouts/v_conte...', Array, true)
#6 C:\xampp\htdocs\santrikoding\app\Views\layouts\v_wrapper.php(5): view('layouts/v_conte...')
#7 C:\xampp\htdocs\santrikoding\vendor\codeigniter4\framework\system\View\View.php(220): include('C:\\xampp\\htdocs...')
#8 C:\xampp\htdocs\santrikoding\vendor\codeigniter4\framework\system\View\View.php(222): CodeIgniter\View\View->CodeIgniter\View\{closure}()
#9 C:\xampp\htdocs\santrikoding\vendor\codeigniter4\framework\system\Common.php(1217): CodeIgniter\View\View->render('layouts/v_wrapp...', Array, true)
#10 C:\xampp\htdocs\santrikoding\app\Controllers\Obat.php(26): view('layouts/v_wrapp...', Array)
#11 C:\xampp\htdocs\santrikoding\vendor\codeigniter4\framework\system\CodeIgniter.php(936): App\Controllers\Obat->index()
#12 C:\xampp\htdocs\santrikoding\vendor\codeigniter4\framework\system\CodeIgniter.php(432): CodeIgniter\CodeIgniter->runController(Object(App\Controllers\Obat))
#13 C:\xampp\htdocs\santrikoding\vendor\codeigniter4\framework\system\CodeIgniter.php(333): CodeIgniter\CodeIgniter->handleRequest(NULL, Object(Config\Cache), false)
#14 C:\xampp\htdocs\santrikoding\public\index.php(44): CodeIgniter\CodeIgniter->run()
#15 C:\xampp\htdocs\santrikoding\vendor\codeigniter4\framework\system\Commands\Server\rewrite.php(45): require_once('C:\\xampp\\htdocs...')
#16 {main}
