CRITICAL - 2021-05-04 02:03:13 --> Class "App\Controllers\Barang_model" not found
#0 C:\xampp\htdocs\santrikoding\vendor\codeigniter4\framework\system\CodeIgniter.php(936): App\Controllers\Barang_c->index()
#1 C:\xampp\htdocs\santrikoding\vendor\codeigniter4\framework\system\CodeIgniter.php(432): CodeIgniter\CodeIgniter->runController(Object(App\Controllers\Barang_c))
#2 C:\xampp\htdocs\santrikoding\vendor\codeigniter4\framework\system\CodeIgniter.php(333): CodeIgniter\CodeIgniter->handleRequest(NULL, Object(Config\Cache), false)
#3 C:\xampp\htdocs\santrikoding\public\index.php(44): CodeIgniter\CodeIgniter->run()
#4 C:\xampp\htdocs\santrikoding\vendor\codeigniter4\framework\system\Commands\Server\rewrite.php(45): require_once('C:\\xampp\\htdocs...')
#5 {main}
CRITICAL - 2021-05-04 02:04:49 --> Invalid file: barang_view.php
#0 C:\xampp\htdocs\santrikoding\vendor\codeigniter4\framework\system\View\View.php(203): CodeIgniter\Exceptions\FrameworkException::forInvalidFile('barang_view.php')
#1 C:\xampp\htdocs\santrikoding\vendor\codeigniter4\framework\system\Common.php(1217): CodeIgniter\View\View->render('barang_view', Array, true)
#2 C:\xampp\htdocs\santrikoding\app\Controllers\Barang_c.php(13): view('barang_view', Array)
#3 C:\xampp\htdocs\santrikoding\vendor\codeigniter4\framework\system\CodeIgniter.php(936): App\Controllers\Barang_c->index()
#4 C:\xampp\htdocs\santrikoding\vendor\codeigniter4\framework\system\CodeIgniter.php(432): CodeIgniter\CodeIgniter->runController(Object(App\Controllers\Barang_c))
#5 C:\xampp\htdocs\santrikoding\vendor\codeigniter4\framework\system\CodeIgniter.php(333): CodeIgniter\CodeIgniter->handleRequest(NULL, Object(Config\Cache), false)
#6 C:\xampp\htdocs\santrikoding\public\index.php(44): CodeIgniter\CodeIgniter->run()
#7 C:\xampp\htdocs\santrikoding\vendor\codeigniter4\framework\system\Commands\Server\rewrite.php(45): require_once('C:\\xampp\\htdocs...')
#8 {main}
CRITICAL - 2021-05-04 02:05:19 --> syntax error, unexpected token "}", expecting "," or ";"
#0 C:\xampp\htdocs\santrikoding\vendor\codeigniter4\framework\system\Router\Router.php(170): CodeIgniter\Router\Router->autoRoute('barang_c')
#1 C:\xampp\htdocs\santrikoding\vendor\codeigniter4\framework\system\CodeIgniter.php(816): CodeIgniter\Router\Router->handle('barang_c')
#2 C:\xampp\htdocs\santrikoding\vendor\codeigniter4\framework\system\CodeIgniter.php(385): CodeIgniter\CodeIgniter->tryToRouteIt(Object(CodeIgniter\Router\RouteCollection))
#3 C:\xampp\htdocs\santrikoding\vendor\codeigniter4\framework\system\CodeIgniter.php(333): CodeIgniter\CodeIgniter->handleRequest(NULL, Object(Config\Cache), false)
#4 C:\xampp\htdocs\santrikoding\public\index.php(44): CodeIgniter\CodeIgniter->run()
#5 C:\xampp\htdocs\santrikoding\vendor\codeigniter4\framework\system\Commands\Server\rewrite.php(45): require_once('C:\\xampp\\htdocs...')
#6 {main}
CRITICAL - 2021-05-04 02:06:30 --> Cannot declare class App\Controllers\Barang_c, because the name is already in use
#0 [internal function]: CodeIgniter\Debug\Exceptions->shutdownHandler()
#1 {main}
CRITICAL - 2021-05-04 02:06:44 --> Invalid file: barang_view.php
#0 C:\xampp\htdocs\santrikoding\vendor\codeigniter4\framework\system\View\View.php(203): CodeIgniter\Exceptions\FrameworkException::forInvalidFile('barang_view.php')
#1 C:\xampp\htdocs\santrikoding\vendor\codeigniter4\framework\system\Common.php(1217): CodeIgniter\View\View->render('barang_view', Array, true)
#2 C:\xampp\htdocs\santrikoding\app\Controllers\Barang.php(13): view('barang_view', Array)
#3 C:\xampp\htdocs\santrikoding\vendor\codeigniter4\framework\system\CodeIgniter.php(936): App\Controllers\Barang->index()
#4 C:\xampp\htdocs\santrikoding\vendor\codeigniter4\framework\system\CodeIgniter.php(432): CodeIgniter\CodeIgniter->runController(Object(App\Controllers\Barang))
#5 C:\xampp\htdocs\santrikoding\vendor\codeigniter4\framework\system\CodeIgniter.php(333): CodeIgniter\CodeIgniter->handleRequest(NULL, Object(Config\Cache), false)
#6 C:\xampp\htdocs\santrikoding\public\index.php(44): CodeIgniter\CodeIgniter->run()
#7 C:\xampp\htdocs\santrikoding\vendor\codeigniter4\framework\system\Commands\Server\rewrite.php(45): require_once('C:\\xampp\\htdocs...')
#8 {main}
CRITICAL - 2021-05-04 02:39:53 --> Invalid file: layout/v_header.php
#0 C:\xampp\htdocs\santrikoding\vendor\codeigniter4\framework\system\View\View.php(203): CodeIgniter\Exceptions\FrameworkException::forInvalidFile('layout/v_header...')
#1 C:\xampp\htdocs\santrikoding\vendor\codeigniter4\framework\system\Common.php(1217): CodeIgniter\View\View->render('layout/v_header', Array, true)
#2 C:\xampp\htdocs\santrikoding\app\Views\layouts\v_wrapper.php(4): view('layout/v_header')
#3 C:\xampp\htdocs\santrikoding\vendor\codeigniter4\framework\system\View\View.php(220): include('C:\\xampp\\htdocs...')
#4 C:\xampp\htdocs\santrikoding\vendor\codeigniter4\framework\system\View\View.php(222): CodeIgniter\View\View->CodeIgniter\View\{closure}()
#5 C:\xampp\htdocs\santrikoding\vendor\codeigniter4\framework\system\Common.php(1217): CodeIgniter\View\View->render('layouts/v_wrapp...', Array, true)
#6 C:\xampp\htdocs\santrikoding\app\Controllers\Barang.php(13): view('layouts/v_wrapp...', Array)
#7 C:\xampp\htdocs\santrikoding\vendor\codeigniter4\framework\system\CodeIgniter.php(936): App\Controllers\Barang->index()
#8 C:\xampp\htdocs\santrikoding\vendor\codeigniter4\framework\system\CodeIgniter.php(432): CodeIgniter\CodeIgniter->runController(Object(App\Controllers\Barang))
#9 C:\xampp\htdocs\santrikoding\vendor\codeigniter4\framework\system\CodeIgniter.php(333): CodeIgniter\CodeIgniter->handleRequest(NULL, Object(Config\Cache), false)
#10 C:\xampp\htdocs\santrikoding\public\index.php(44): CodeIgniter\CodeIgniter->run()
#11 C:\xampp\htdocs\santrikoding\vendor\codeigniter4\framework\system\Commands\Server\rewrite.php(45): require_once('C:\\xampp\\htdocs...')
#12 {main}
CRITICAL - 2021-05-04 02:41:13 --> Invalid file: layout/v_header.php
#0 C:\xampp\htdocs\santrikoding\vendor\codeigniter4\framework\system\View\View.php(203): CodeIgniter\Exceptions\FrameworkException::forInvalidFile('layout/v_header...')
#1 C:\xampp\htdocs\santrikoding\vendor\codeigniter4\framework\system\Common.php(1217): CodeIgniter\View\View->render('layout/v_header', Array, true)
#2 C:\xampp\htdocs\santrikoding\app\Views\layouts\v_wrapper.php(4): view('layout/v_header')
#3 C:\xampp\htdocs\santrikoding\vendor\codeigniter4\framework\system\View\View.php(220): include('C:\\xampp\\htdocs...')
#4 C:\xampp\htdocs\santrikoding\vendor\codeigniter4\framework\system\View\View.php(222): CodeIgniter\View\View->CodeIgniter\View\{closure}()
#5 C:\xampp\htdocs\santrikoding\vendor\codeigniter4\framework\system\Common.php(1217): CodeIgniter\View\View->render('layouts/v_wrapp...', Array, true)
#6 C:\xampp\htdocs\santrikoding\app\Controllers\Barang.php(13): view('layouts/v_wrapp...', Array)
#7 C:\xampp\htdocs\santrikoding\vendor\codeigniter4\framework\system\CodeIgniter.php(936): App\Controllers\Barang->index()
#8 C:\xampp\htdocs\santrikoding\vendor\codeigniter4\framework\system\CodeIgniter.php(432): CodeIgniter\CodeIgniter->runController(Object(App\Controllers\Barang))
#9 C:\xampp\htdocs\santrikoding\vendor\codeigniter4\framework\system\CodeIgniter.php(333): CodeIgniter\CodeIgniter->handleRequest(NULL, Object(Config\Cache), false)
#10 C:\xampp\htdocs\santrikoding\public\index.php(44): CodeIgniter\CodeIgniter->run()
#11 C:\xampp\htdocs\santrikoding\vendor\codeigniter4\framework\system\Commands\Server\rewrite.php(45): require_once('C:\\xampp\\htdocs...')
#12 {main}
CRITICAL - 2021-05-04 02:41:47 --> Invalid file: layout/v_header.php
#0 C:\xampp\htdocs\santrikoding\vendor\codeigniter4\framework\system\View\View.php(203): CodeIgniter\Exceptions\FrameworkException::forInvalidFile('layout/v_header...')
#1 C:\xampp\htdocs\santrikoding\vendor\codeigniter4\framework\system\Common.php(1217): CodeIgniter\View\View->render('layout/v_header', Array, true)
#2 C:\xampp\htdocs\santrikoding\app\Views\layouts\v_wrapper.php(4): view('layout/v_header')
#3 C:\xampp\htdocs\santrikoding\vendor\codeigniter4\framework\system\View\View.php(220): include('C:\\xampp\\htdocs...')
#4 C:\xampp\htdocs\santrikoding\vendor\codeigniter4\framework\system\View\View.php(222): CodeIgniter\View\View->CodeIgniter\View\{closure}()
#5 C:\xampp\htdocs\santrikoding\vendor\codeigniter4\framework\system\Common.php(1217): CodeIgniter\View\View->render('layouts/v_wrapp...', Array, true)
#6 C:\xampp\htdocs\santrikoding\app\Controllers\Barang.php(13): view('layouts/v_wrapp...', Array)
#7 C:\xampp\htdocs\santrikoding\vendor\codeigniter4\framework\system\CodeIgniter.php(936): App\Controllers\Barang->index()
#8 C:\xampp\htdocs\santrikoding\vendor\codeigniter4\framework\system\CodeIgniter.php(432): CodeIgniter\CodeIgniter->runController(Object(App\Controllers\Barang))
#9 C:\xampp\htdocs\santrikoding\vendor\codeigniter4\framework\system\CodeIgniter.php(333): CodeIgniter\CodeIgniter->handleRequest(NULL, Object(Config\Cache), false)
#10 C:\xampp\htdocs\santrikoding\public\index.php(44): CodeIgniter\CodeIgniter->run()
#11 C:\xampp\htdocs\santrikoding\vendor\codeigniter4\framework\system\Commands\Server\rewrite.php(45): require_once('C:\\xampp\\htdocs...')
#12 {main}
CRITICAL - 2021-05-04 02:42:05 --> Invalid file: layout/v_header.php
#0 C:\xampp\htdocs\santrikoding\vendor\codeigniter4\framework\system\View\View.php(203): CodeIgniter\Exceptions\FrameworkException::forInvalidFile('layout/v_header...')
#1 C:\xampp\htdocs\santrikoding\vendor\codeigniter4\framework\system\Common.php(1217): CodeIgniter\View\View->render('layout/v_header', Array, true)
#2 C:\xampp\htdocs\santrikoding\app\Views\layouts\v_wrapper.php(4): view('layout/v_header')
#3 C:\xampp\htdocs\santrikoding\vendor\codeigniter4\framework\system\View\View.php(220): include('C:\\xampp\\htdocs...')
#4 C:\xampp\htdocs\santrikoding\vendor\codeigniter4\framework\system\View\View.php(222): CodeIgniter\View\View->CodeIgniter\View\{closure}()
#5 C:\xampp\htdocs\santrikoding\vendor\codeigniter4\framework\system\Common.php(1217): CodeIgniter\View\View->render('layouts/v_wrapp...', Array, true)
#6 C:\xampp\htdocs\santrikoding\app\Controllers\Barang.php(13): view('layouts/v_wrapp...', Array)
#7 C:\xampp\htdocs\santrikoding\vendor\codeigniter4\framework\system\CodeIgniter.php(936): App\Controllers\Barang->index()
#8 C:\xampp\htdocs\santrikoding\vendor\codeigniter4\framework\system\CodeIgniter.php(432): CodeIgniter\CodeIgniter->runController(Object(App\Controllers\Barang))
#9 C:\xampp\htdocs\santrikoding\vendor\codeigniter4\framework\system\CodeIgniter.php(333): CodeIgniter\CodeIgniter->handleRequest(NULL, Object(Config\Cache), false)
#10 C:\xampp\htdocs\santrikoding\public\index.php(44): CodeIgniter\CodeIgniter->run()
#11 C:\xampp\htdocs\santrikoding\vendor\codeigniter4\framework\system\Commands\Server\rewrite.php(45): require_once('C:\\xampp\\htdocs...')
#12 {main}
CRITICAL - 2021-05-04 03:09:28 --> Invalid file: layout/v_header.php
#0 C:\xampp\htdocs\santrikoding\vendor\codeigniter4\framework\system\View\View.php(203): CodeIgniter\Exceptions\FrameworkException::forInvalidFile('layout/v_header...')
#1 C:\xampp\htdocs\santrikoding\vendor\codeigniter4\framework\system\Common.php(1217): CodeIgniter\View\View->render('layout/v_header', Array, true)
#2 C:\xampp\htdocs\santrikoding\app\Views\layouts\v_wrapper.php(4): view('layout/v_header')
#3 C:\xampp\htdocs\santrikoding\vendor\codeigniter4\framework\system\View\View.php(220): include('C:\\xampp\\htdocs...')
#4 C:\xampp\htdocs\santrikoding\vendor\codeigniter4\framework\system\View\View.php(222): CodeIgniter\View\View->CodeIgniter\View\{closure}()
#5 C:\xampp\htdocs\santrikoding\vendor\codeigniter4\framework\system\Common.php(1217): CodeIgniter\View\View->render('layouts/v_wrapp...', Array, true)
#6 C:\xampp\htdocs\santrikoding\app\Controllers\Barang.php(13): view('layouts/v_wrapp...', Array)
#7 C:\xampp\htdocs\santrikoding\vendor\codeigniter4\framework\system\CodeIgniter.php(936): App\Controllers\Barang->index()
#8 C:\xampp\htdocs\santrikoding\vendor\codeigniter4\framework\system\CodeIgniter.php(432): CodeIgniter\CodeIgniter->runController(Object(App\Controllers\Barang))
#9 C:\xampp\htdocs\santrikoding\vendor\codeigniter4\framework\system\CodeIgniter.php(333): CodeIgniter\CodeIgniter->handleRequest(NULL, Object(Config\Cache), false)
#10 C:\xampp\htdocs\santrikoding\public\index.php(44): CodeIgniter\CodeIgniter->run()
#11 C:\xampp\htdocs\santrikoding\vendor\codeigniter4\framework\system\Commands\Server\rewrite.php(45): require_once('C:\\xampp\\htdocs...')
#12 {main}
CRITICAL - 2021-05-04 03:09:43 --> Invalid file: layout/v_header.php
#0 C:\xampp\htdocs\santrikoding\vendor\codeigniter4\framework\system\View\View.php(203): CodeIgniter\Exceptions\FrameworkException::forInvalidFile('layout/v_header...')
#1 C:\xampp\htdocs\santrikoding\vendor\codeigniter4\framework\system\Common.php(1217): CodeIgniter\View\View->render('layout/v_header', Array, true)
#2 C:\xampp\htdocs\santrikoding\app\Views\layouts\v_wrapper.php(4): view('layout/v_header')
#3 C:\xampp\htdocs\santrikoding\vendor\codeigniter4\framework\system\View\View.php(220): include('C:\\xampp\\htdocs...')
#4 C:\xampp\htdocs\santrikoding\vendor\codeigniter4\framework\system\View\View.php(222): CodeIgniter\View\View->CodeIgniter\View\{closure}()
#5 C:\xampp\htdocs\santrikoding\vendor\codeigniter4\framework\system\Common.php(1217): CodeIgniter\View\View->render('layouts/v_wrapp...', Array, true)
#6 C:\xampp\htdocs\santrikoding\app\Controllers\Barang.php(13): view('layouts/v_wrapp...', Array)
#7 C:\xampp\htdocs\santrikoding\vendor\codeigniter4\framework\system\CodeIgniter.php(936): App\Controllers\Barang->index()
#8 C:\xampp\htdocs\santrikoding\vendor\codeigniter4\framework\system\CodeIgniter.php(432): CodeIgniter\CodeIgniter->runController(Object(App\Controllers\Barang))
#9 C:\xampp\htdocs\santrikoding\vendor\codeigniter4\framework\system\CodeIgniter.php(333): CodeIgniter\CodeIgniter->handleRequest(NULL, Object(Config\Cache), false)
#10 C:\xampp\htdocs\santrikoding\public\index.php(44): CodeIgniter\CodeIgniter->run()
#11 C:\xampp\htdocs\santrikoding\vendor\codeigniter4\framework\system\Commands\Server\rewrite.php(45): require_once('C:\\xampp\\htdocs...')
#12 {main}
CRITICAL - 2021-05-04 03:10:01 --> Undefined variable $isi
#0 C:\xampp\htdocs\santrikoding\app\Views\layouts\v_content.php(2): CodeIgniter\Debug\Exceptions->errorHandler(2, 'Undefined varia...', 'C:\\xampp\\htdocs...', 2)
#1 C:\xampp\htdocs\santrikoding\vendor\codeigniter4\framework\system\View\View.php(220): include('C:\\xampp\\htdocs...')
#2 C:\xampp\htdocs\santrikoding\vendor\codeigniter4\framework\system\View\View.php(222): CodeIgniter\View\View->CodeIgniter\View\{closure}()
#3 C:\xampp\htdocs\santrikoding\vendor\codeigniter4\framework\system\Common.php(1217): CodeIgniter\View\View->render('layouts/v_conte...', Array, true)
#4 C:\xampp\htdocs\santrikoding\app\Views\layouts\v_wrapper.php(7): view('layouts/v_conte...')
#5 C:\xampp\htdocs\santrikoding\vendor\codeigniter4\framework\system\View\View.php(220): include('C:\\xampp\\htdocs...')
#6 C:\xampp\htdocs\santrikoding\vendor\codeigniter4\framework\system\View\View.php(222): CodeIgniter\View\View->CodeIgniter\View\{closure}()
#7 C:\xampp\htdocs\santrikoding\vendor\codeigniter4\framework\system\Common.php(1217): CodeIgniter\View\View->render('layouts/v_wrapp...', Array, true)
#8 C:\xampp\htdocs\santrikoding\app\Controllers\Barang.php(13): view('layouts/v_wrapp...', Array)
#9 C:\xampp\htdocs\santrikoding\vendor\codeigniter4\framework\system\CodeIgniter.php(936): App\Controllers\Barang->index()
#10 C:\xampp\htdocs\santrikoding\vendor\codeigniter4\framework\system\CodeIgniter.php(432): CodeIgniter\CodeIgniter->runController(Object(App\Controllers\Barang))
#11 C:\xampp\htdocs\santrikoding\vendor\codeigniter4\framework\system\CodeIgniter.php(333): CodeIgniter\CodeIgniter->handleRequest(NULL, Object(Config\Cache), false)
#12 C:\xampp\htdocs\santrikoding\public\index.php(44): CodeIgniter\CodeIgniter->run()
#13 C:\xampp\htdocs\santrikoding\vendor\codeigniter4\framework\system\Commands\Server\rewrite.php(45): require_once('C:\\xampp\\htdocs...')
#14 {main}
CRITICAL - 2021-05-04 03:10:10 --> Undefined variable $isi
#0 C:\xampp\htdocs\santrikoding\app\Views\layouts\v_content.php(2): CodeIgniter\Debug\Exceptions->errorHandler(2, 'Undefined varia...', 'C:\\xampp\\htdocs...', 2)
#1 C:\xampp\htdocs\santrikoding\vendor\codeigniter4\framework\system\View\View.php(220): include('C:\\xampp\\htdocs...')
#2 C:\xampp\htdocs\santrikoding\vendor\codeigniter4\framework\system\View\View.php(222): CodeIgniter\View\View->CodeIgniter\View\{closure}()
#3 C:\xampp\htdocs\santrikoding\vendor\codeigniter4\framework\system\Common.php(1217): CodeIgniter\View\View->render('layouts/v_conte...', Array, true)
#4 C:\xampp\htdocs\santrikoding\app\Views\layouts\v_wrapper.php(7): view('layouts/v_conte...')
#5 C:\xampp\htdocs\santrikoding\vendor\codeigniter4\framework\system\View\View.php(220): include('C:\\xampp\\htdocs...')
#6 C:\xampp\htdocs\santrikoding\vendor\codeigniter4\framework\system\View\View.php(222): CodeIgniter\View\View->CodeIgniter\View\{closure}()
#7 C:\xampp\htdocs\santrikoding\vendor\codeigniter4\framework\system\Common.php(1217): CodeIgniter\View\View->render('layouts/v_wrapp...', Array, true)
#8 C:\xampp\htdocs\santrikoding\app\Controllers\Barang.php(13): view('layouts/v_wrapp...', Array)
#9 C:\xampp\htdocs\santrikoding\vendor\codeigniter4\framework\system\CodeIgniter.php(936): App\Controllers\Barang->index()
#10 C:\xampp\htdocs\santrikoding\vendor\codeigniter4\framework\system\CodeIgniter.php(432): CodeIgniter\CodeIgniter->runController(Object(App\Controllers\Barang))
#11 C:\xampp\htdocs\santrikoding\vendor\codeigniter4\framework\system\CodeIgniter.php(333): CodeIgniter\CodeIgniter->handleRequest(NULL, Object(Config\Cache), false)
#12 C:\xampp\htdocs\santrikoding\public\index.php(44): CodeIgniter\CodeIgniter->run()
#13 C:\xampp\htdocs\santrikoding\vendor\codeigniter4\framework\system\Commands\Server\rewrite.php(45): require_once('C:\\xampp\\htdocs...')
#14 {main}
CRITICAL - 2021-05-04 03:15:59 --> Invalid file: v_home.php
#0 C:\xampp\htdocs\santrikoding\vendor\codeigniter4\framework\system\View\View.php(203): CodeIgniter\Exceptions\FrameworkException::forInvalidFile('v_home.php')
#1 C:\xampp\htdocs\santrikoding\vendor\codeigniter4\framework\system\Common.php(1217): CodeIgniter\View\View->render('v_home', Array, true)
#2 C:\xampp\htdocs\santrikoding\app\Views\layouts\v_content.php(3): view('v_home')
#3 C:\xampp\htdocs\santrikoding\vendor\codeigniter4\framework\system\View\View.php(220): include('C:\\xampp\\htdocs...')
#4 C:\xampp\htdocs\santrikoding\vendor\codeigniter4\framework\system\View\View.php(222): CodeIgniter\View\View->CodeIgniter\View\{closure}()
#5 C:\xampp\htdocs\santrikoding\vendor\codeigniter4\framework\system\Common.php(1217): CodeIgniter\View\View->render('layouts/v_conte...', Array, true)
#6 C:\xampp\htdocs\santrikoding\app\Views\layouts\v_wrapper.php(7): view('layouts/v_conte...')
#7 C:\xampp\htdocs\santrikoding\vendor\codeigniter4\framework\system\View\View.php(220): include('C:\\xampp\\htdocs...')
#8 C:\xampp\htdocs\santrikoding\vendor\codeigniter4\framework\system\View\View.php(222): CodeIgniter\View\View->CodeIgniter\View\{closure}()
#9 C:\xampp\htdocs\santrikoding\vendor\codeigniter4\framework\system\Common.php(1217): CodeIgniter\View\View->render('layouts/v_wrapp...', Array, true)
#10 C:\xampp\htdocs\santrikoding\app\Controllers\Barang.php(14): view('layouts/v_wrapp...', Array)
#11 C:\xampp\htdocs\santrikoding\vendor\codeigniter4\framework\system\CodeIgniter.php(936): App\Controllers\Barang->index()
#12 C:\xampp\htdocs\santrikoding\vendor\codeigniter4\framework\system\CodeIgniter.php(432): CodeIgniter\CodeIgniter->runController(Object(App\Controllers\Barang))
#13 C:\xampp\htdocs\santrikoding\vendor\codeigniter4\framework\system\CodeIgniter.php(333): CodeIgniter\CodeIgniter->handleRequest(NULL, Object(Config\Cache), false)
#14 C:\xampp\htdocs\santrikoding\public\index.php(44): CodeIgniter\CodeIgniter->run()
#15 C:\xampp\htdocs\santrikoding\vendor\codeigniter4\framework\system\Commands\Server\rewrite.php(45): require_once('C:\\xampp\\htdocs...')
#16 {main}
CRITICAL - 2021-05-04 03:16:28 --> syntax error, unexpected identifier "layouts"
#0 C:\xampp\htdocs\santrikoding\vendor\codeigniter4\framework\system\Router\Router.php(170): CodeIgniter\Router\Router->autoRoute('barang')
#1 C:\xampp\htdocs\santrikoding\vendor\codeigniter4\framework\system\CodeIgniter.php(816): CodeIgniter\Router\Router->handle('barang')
#2 C:\xampp\htdocs\santrikoding\vendor\codeigniter4\framework\system\CodeIgniter.php(385): CodeIgniter\CodeIgniter->tryToRouteIt(Object(CodeIgniter\Router\RouteCollection))
#3 C:\xampp\htdocs\santrikoding\vendor\codeigniter4\framework\system\CodeIgniter.php(333): CodeIgniter\CodeIgniter->handleRequest(NULL, Object(Config\Cache), false)
#4 C:\xampp\htdocs\santrikoding\public\index.php(44): CodeIgniter\CodeIgniter->run()
#5 C:\xampp\htdocs\santrikoding\vendor\codeigniter4\framework\system\Commands\Server\rewrite.php(45): require_once('C:\\xampp\\htdocs...')
#6 {main}
CRITICAL - 2021-05-04 03:28:23 --> Invalid file: layout/v_sidebar.php
#0 C:\xampp\htdocs\santrikoding\vendor\codeigniter4\framework\system\View\View.php(203): CodeIgniter\Exceptions\FrameworkException::forInvalidFile('layout/v_sideba...')
#1 C:\xampp\htdocs\santrikoding\vendor\codeigniter4\framework\system\Common.php(1217): CodeIgniter\View\View->render('layout/v_sideba...', Array, true)
#2 C:\xampp\htdocs\santrikoding\app\Views\layouts\v_wrapper.php(6): view('layout/v_sideba...')
#3 C:\xampp\htdocs\santrikoding\vendor\codeigniter4\framework\system\View\View.php(220): include('C:\\xampp\\htdocs...')
#4 C:\xampp\htdocs\santrikoding\vendor\codeigniter4\framework\system\View\View.php(222): CodeIgniter\View\View->CodeIgniter\View\{closure}()
#5 C:\xampp\htdocs\santrikoding\vendor\codeigniter4\framework\system\Common.php(1217): CodeIgniter\View\View->render('layouts/v_wrapp...', Array, true)
#6 C:\xampp\htdocs\santrikoding\app\Controllers\Barang.php(14): view('layouts/v_wrapp...', Array)
#7 C:\xampp\htdocs\santrikoding\vendor\codeigniter4\framework\system\CodeIgniter.php(936): App\Controllers\Barang->index()
#8 C:\xampp\htdocs\santrikoding\vendor\codeigniter4\framework\system\CodeIgniter.php(432): CodeIgniter\CodeIgniter->runController(Object(App\Controllers\Barang))
#9 C:\xampp\htdocs\santrikoding\vendor\codeigniter4\framework\system\CodeIgniter.php(333): CodeIgniter\CodeIgniter->handleRequest(NULL, Object(Config\Cache), false)
#10 C:\xampp\htdocs\santrikoding\public\index.php(44): CodeIgniter\CodeIgniter->run()
#11 C:\xampp\htdocs\santrikoding\vendor\codeigniter4\framework\system\Commands\Server\rewrite.php(45): require_once('C:\\xampp\\htdocs...')
#12 {main}
CRITICAL - 2021-05-04 03:40:51 --> syntax error, unexpected token "<", expecting end of file
#0 C:\xampp\htdocs\santrikoding\vendor\codeigniter4\framework\system\View\View.php(222): CodeIgniter\View\View->CodeIgniter\View\{closure}()
#1 C:\xampp\htdocs\santrikoding\vendor\codeigniter4\framework\system\Common.php(1217): CodeIgniter\View\View->render('layouts/v_conte...', Array, true)
#2 C:\xampp\htdocs\santrikoding\app\Views\layouts\v_wrapper.php(7): view('layouts/v_conte...')
#3 C:\xampp\htdocs\santrikoding\vendor\codeigniter4\framework\system\View\View.php(220): include('C:\\xampp\\htdocs...')
#4 C:\xampp\htdocs\santrikoding\vendor\codeigniter4\framework\system\View\View.php(222): CodeIgniter\View\View->CodeIgniter\View\{closure}()
#5 C:\xampp\htdocs\santrikoding\vendor\codeigniter4\framework\system\Common.php(1217): CodeIgniter\View\View->render('layouts/v_wrapp...', Array, true)
#6 C:\xampp\htdocs\santrikoding\app\Controllers\Barang.php(14): view('layouts/v_wrapp...', Array)
#7 C:\xampp\htdocs\santrikoding\vendor\codeigniter4\framework\system\CodeIgniter.php(936): App\Controllers\Barang->index()
#8 C:\xampp\htdocs\santrikoding\vendor\codeigniter4\framework\system\CodeIgniter.php(432): CodeIgniter\CodeIgniter->runController(Object(App\Controllers\Barang))
#9 C:\xampp\htdocs\santrikoding\vendor\codeigniter4\framework\system\CodeIgniter.php(333): CodeIgniter\CodeIgniter->handleRequest(NULL, Object(Config\Cache), false)
#10 C:\xampp\htdocs\santrikoding\public\index.php(44): CodeIgniter\CodeIgniter->run()
#11 C:\xampp\htdocs\santrikoding\vendor\codeigniter4\framework\system\Commands\Server\rewrite.php(45): require_once('C:\\xampp\\htdocs...')
#12 {main}
CRITICAL - 2021-05-04 04:33:16 --> syntax error, unexpected token "/"
#0 C:\xampp\htdocs\santrikoding\vendor\codeigniter4\framework\system\View\View.php(222): CodeIgniter\View\View->CodeIgniter\View\{closure}()
#1 C:\xampp\htdocs\santrikoding\vendor\codeigniter4\framework\system\Common.php(1217): CodeIgniter\View\View->render('layouts/v_sideb...', Array, true)
#2 C:\xampp\htdocs\santrikoding\app\Views\layouts\v_wrapper.php(6): view('layouts/v_sideb...')
#3 C:\xampp\htdocs\santrikoding\vendor\codeigniter4\framework\system\View\View.php(220): include('C:\\xampp\\htdocs...')
#4 C:\xampp\htdocs\santrikoding\vendor\codeigniter4\framework\system\View\View.php(222): CodeIgniter\View\View->CodeIgniter\View\{closure}()
#5 C:\xampp\htdocs\santrikoding\vendor\codeigniter4\framework\system\Common.php(1217): CodeIgniter\View\View->render('layouts/v_wrapp...', Array, true)
#6 C:\xampp\htdocs\santrikoding\app\Controllers\Barang.php(14): view('layouts/v_wrapp...', Array)
#7 C:\xampp\htdocs\santrikoding\vendor\codeigniter4\framework\system\CodeIgniter.php(936): App\Controllers\Barang->index()
#8 C:\xampp\htdocs\santrikoding\vendor\codeigniter4\framework\system\CodeIgniter.php(432): CodeIgniter\CodeIgniter->runController(Object(App\Controllers\Barang))
#9 C:\xampp\htdocs\santrikoding\vendor\codeigniter4\framework\system\CodeIgniter.php(333): CodeIgniter\CodeIgniter->handleRequest(NULL, Object(Config\Cache), false)
#10 C:\xampp\htdocs\santrikoding\public\index.php(44): CodeIgniter\CodeIgniter->run()
#11 C:\xampp\htdocs\santrikoding\vendor\codeigniter4\framework\system\Commands\Server\rewrite.php(45): require_once('C:\\xampp\\htdocs...')
#12 {main}
CRITICAL - 2021-05-04 05:30:03 --> syntax error, unexpected token "return"
#0 C:\xampp\htdocs\santrikoding\vendor\codeigniter4\framework\system\Autoloader\Autoloader.php(265): CodeIgniter\Autoloader\Autoloader->includeFile('C:\\xampp\\htdocs...')
#1 C:\xampp\htdocs\santrikoding\vendor\codeigniter4\framework\system\Autoloader\Autoloader.php(228): CodeIgniter\Autoloader\Autoloader->loadInNamespace('App\\Controllers...')
#2 [internal function]: CodeIgniter\Autoloader\Autoloader->loadClass('App\\Controllers...')
#3 C:\xampp\htdocs\santrikoding\vendor\codeigniter4\framework\system\CodeIgniter.php(893): class_exists('\\App\\Controller...', true)
#4 C:\xampp\htdocs\santrikoding\vendor\codeigniter4\framework\system\CodeIgniter.php(417): CodeIgniter\CodeIgniter->startController()
#5 C:\xampp\htdocs\santrikoding\vendor\codeigniter4\framework\system\CodeIgniter.php(333): CodeIgniter\CodeIgniter->handleRequest(NULL, Object(Config\Cache), false)
#6 C:\xampp\htdocs\santrikoding\public\index.php(44): CodeIgniter\CodeIgniter->run()
#7 C:\xampp\htdocs\santrikoding\vendor\codeigniter4\framework\system\Commands\Server\rewrite.php(45): require_once('C:\\xampp\\htdocs...')
#8 {main}
CRITICAL - 2021-05-04 05:30:46 --> Undefined variable $title
#0 C:\xampp\htdocs\santrikoding\app\Views\layouts\v_content.php(8): CodeIgniter\Debug\Exceptions->errorHandler(2, 'Undefined varia...', 'C:\\xampp\\htdocs...', 8)
#1 C:\xampp\htdocs\santrikoding\vendor\codeigniter4\framework\system\View\View.php(220): include('C:\\xampp\\htdocs...')
#2 C:\xampp\htdocs\santrikoding\vendor\codeigniter4\framework\system\View\View.php(222): CodeIgniter\View\View->CodeIgniter\View\{closure}()
#3 C:\xampp\htdocs\santrikoding\vendor\codeigniter4\framework\system\Common.php(1217): CodeIgniter\View\View->render('layouts/v_conte...', Array, true)
#4 C:\xampp\htdocs\santrikoding\app\Views\layouts\v_wrapper.php(7): view('layouts/v_conte...')
#5 C:\xampp\htdocs\santrikoding\vendor\codeigniter4\framework\system\View\View.php(220): include('C:\\xampp\\htdocs...')
#6 C:\xampp\htdocs\santrikoding\vendor\codeigniter4\framework\system\View\View.php(222): CodeIgniter\View\View->CodeIgniter\View\{closure}()
#7 C:\xampp\htdocs\santrikoding\vendor\codeigniter4\framework\system\Common.php(1217): CodeIgniter\View\View->render('layouts/v_wrapp...', Array, true)
#8 C:\xampp\htdocs\santrikoding\app\Controllers\Home.php(10): view('layouts/v_wrapp...', Array)
#9 C:\xampp\htdocs\santrikoding\vendor\codeigniter4\framework\system\CodeIgniter.php(936): App\Controllers\Home->index()
#10 C:\xampp\htdocs\santrikoding\vendor\codeigniter4\framework\system\CodeIgniter.php(432): CodeIgniter\CodeIgniter->runController(Object(App\Controllers\Home))
#11 C:\xampp\htdocs\santrikoding\vendor\codeigniter4\framework\system\CodeIgniter.php(333): CodeIgniter\CodeIgniter->handleRequest(NULL, Object(Config\Cache), false)
#12 C:\xampp\htdocs\santrikoding\public\index.php(44): CodeIgniter\CodeIgniter->run()
#13 C:\xampp\htdocs\santrikoding\vendor\codeigniter4\framework\system\Commands\Server\rewrite.php(45): require_once('C:\\xampp\\htdocs...')
#14 {main}
CRITICAL - 2021-05-04 05:32:25 --> Undefined constant "barang"
#0 C:\xampp\htdocs\santrikoding\vendor\codeigniter4\framework\system\View\View.php(220): include()
#1 C:\xampp\htdocs\santrikoding\vendor\codeigniter4\framework\system\View\View.php(222): CodeIgniter\View\View->CodeIgniter\View\{closure}()
#2 C:\xampp\htdocs\santrikoding\vendor\codeigniter4\framework\system\Common.php(1217): CodeIgniter\View\View->render('welcome_message', Array, true)
#3 C:\xampp\htdocs\santrikoding\app\Views\layouts\v_content.php(18): view('welcome_message')
#4 C:\xampp\htdocs\santrikoding\vendor\codeigniter4\framework\system\View\View.php(220): include('C:\\xampp\\htdocs...')
#5 C:\xampp\htdocs\santrikoding\vendor\codeigniter4\framework\system\View\View.php(222): CodeIgniter\View\View->CodeIgniter\View\{closure}()
#6 C:\xampp\htdocs\santrikoding\vendor\codeigniter4\framework\system\Common.php(1217): CodeIgniter\View\View->render('layouts/v_conte...', Array, true)
#7 C:\xampp\htdocs\santrikoding\app\Views\layouts\v_wrapper.php(7): view('layouts/v_conte...')
#8 C:\xampp\htdocs\santrikoding\vendor\codeigniter4\framework\system\View\View.php(220): include('C:\\xampp\\htdocs...')
#9 C:\xampp\htdocs\santrikoding\vendor\codeigniter4\framework\system\View\View.php(222): CodeIgniter\View\View->CodeIgniter\View\{closure}()
#10 C:\xampp\htdocs\santrikoding\vendor\codeigniter4\framework\system\Common.php(1217): CodeIgniter\View\View->render('layouts/v_wrapp...', Array, true)
#11 C:\xampp\htdocs\santrikoding\app\Controllers\Home.php(11): view('layouts/v_wrapp...', Array)
#12 C:\xampp\htdocs\santrikoding\vendor\codeigniter4\framework\system\CodeIgniter.php(936): App\Controllers\Home->index()
#13 C:\xampp\htdocs\santrikoding\vendor\codeigniter4\framework\system\CodeIgniter.php(432): CodeIgniter\CodeIgniter->runController(Object(App\Controllers\Home))
#14 C:\xampp\htdocs\santrikoding\vendor\codeigniter4\framework\system\CodeIgniter.php(333): CodeIgniter\CodeIgniter->handleRequest(NULL, Object(Config\Cache), false)
#15 C:\xampp\htdocs\santrikoding\public\index.php(44): CodeIgniter\CodeIgniter->run()
#16 C:\xampp\htdocs\santrikoding\vendor\codeigniter4\framework\system\Commands\Server\rewrite.php(45): require_once('C:\\xampp\\htdocs...')
#17 {main}
CRITICAL - 2021-05-04 05:32:38 --> Undefined constant "barang"
#0 C:\xampp\htdocs\santrikoding\vendor\codeigniter4\framework\system\View\View.php(220): include()
#1 C:\xampp\htdocs\santrikoding\vendor\codeigniter4\framework\system\View\View.php(222): CodeIgniter\View\View->CodeIgniter\View\{closure}()
#2 C:\xampp\htdocs\santrikoding\vendor\codeigniter4\framework\system\Common.php(1217): CodeIgniter\View\View->render('welcome_message', Array, true)
#3 C:\xampp\htdocs\santrikoding\app\Views\layouts\v_content.php(18): view('welcome_message')
#4 C:\xampp\htdocs\santrikoding\vendor\codeigniter4\framework\system\View\View.php(220): include('C:\\xampp\\htdocs...')
#5 C:\xampp\htdocs\santrikoding\vendor\codeigniter4\framework\system\View\View.php(222): CodeIgniter\View\View->CodeIgniter\View\{closure}()
#6 C:\xampp\htdocs\santrikoding\vendor\codeigniter4\framework\system\Common.php(1217): CodeIgniter\View\View->render('layouts/v_conte...', Array, true)
#7 C:\xampp\htdocs\santrikoding\app\Views\layouts\v_wrapper.php(7): view('layouts/v_conte...')
#8 C:\xampp\htdocs\santrikoding\vendor\codeigniter4\framework\system\View\View.php(220): include('C:\\xampp\\htdocs...')
#9 C:\xampp\htdocs\santrikoding\vendor\codeigniter4\framework\system\View\View.php(222): CodeIgniter\View\View->CodeIgniter\View\{closure}()
#10 C:\xampp\htdocs\santrikoding\vendor\codeigniter4\framework\system\Common.php(1217): CodeIgniter\View\View->render('layouts/v_wrapp...', Array, true)
#11 C:\xampp\htdocs\santrikoding\app\Controllers\Home.php(11): view('layouts/v_wrapp...', Array)
#12 C:\xampp\htdocs\santrikoding\vendor\codeigniter4\framework\system\CodeIgniter.php(936): App\Controllers\Home->index()
#13 C:\xampp\htdocs\santrikoding\vendor\codeigniter4\framework\system\CodeIgniter.php(432): CodeIgniter\CodeIgniter->runController(Object(App\Controllers\Home))
#14 C:\xampp\htdocs\santrikoding\vendor\codeigniter4\framework\system\CodeIgniter.php(333): CodeIgniter\CodeIgniter->handleRequest(NULL, Object(Config\Cache), false)
#15 C:\xampp\htdocs\santrikoding\public\index.php(44): CodeIgniter\CodeIgniter->run()
#16 C:\xampp\htdocs\santrikoding\vendor\codeigniter4\framework\system\Commands\Server\rewrite.php(45): require_once('C:\\xampp\\htdocs...')
#17 {main}
CRITICAL - 2021-05-04 05:33:44 --> Undefined constant "barang"
#0 C:\xampp\htdocs\santrikoding\vendor\codeigniter4\framework\system\View\View.php(220): include()
#1 C:\xampp\htdocs\santrikoding\vendor\codeigniter4\framework\system\View\View.php(222): CodeIgniter\View\View->CodeIgniter\View\{closure}()
#2 C:\xampp\htdocs\santrikoding\vendor\codeigniter4\framework\system\Common.php(1217): CodeIgniter\View\View->render('welcome_message', Array, true)
#3 C:\xampp\htdocs\santrikoding\app\Views\layouts\v_content.php(18): view('welcome_message')
#4 C:\xampp\htdocs\santrikoding\vendor\codeigniter4\framework\system\View\View.php(220): include('C:\\xampp\\htdocs...')
#5 C:\xampp\htdocs\santrikoding\vendor\codeigniter4\framework\system\View\View.php(222): CodeIgniter\View\View->CodeIgniter\View\{closure}()
#6 C:\xampp\htdocs\santrikoding\vendor\codeigniter4\framework\system\Common.php(1217): CodeIgniter\View\View->render('layouts/v_conte...', Array, true)
#7 C:\xampp\htdocs\santrikoding\app\Views\layouts\v_wrapper.php(7): view('layouts/v_conte...')
#8 C:\xampp\htdocs\santrikoding\vendor\codeigniter4\framework\system\View\View.php(220): include('C:\\xampp\\htdocs...')
#9 C:\xampp\htdocs\santrikoding\vendor\codeigniter4\framework\system\View\View.php(222): CodeIgniter\View\View->CodeIgniter\View\{closure}()
#10 C:\xampp\htdocs\santrikoding\vendor\codeigniter4\framework\system\Common.php(1217): CodeIgniter\View\View->render('layouts/v_wrapp...', Array, true)
#11 C:\xampp\htdocs\santrikoding\app\Controllers\Home.php(11): view('layouts/v_wrapp...', Array)
#12 C:\xampp\htdocs\santrikoding\vendor\codeigniter4\framework\system\CodeIgniter.php(936): App\Controllers\Home->index()
#13 C:\xampp\htdocs\santrikoding\vendor\codeigniter4\framework\system\CodeIgniter.php(432): CodeIgniter\CodeIgniter->runController(Object(App\Controllers\Home))
#14 C:\xampp\htdocs\santrikoding\vendor\codeigniter4\framework\system\CodeIgniter.php(333): CodeIgniter\CodeIgniter->handleRequest(NULL, Object(Config\Cache), false)
#15 C:\xampp\htdocs\santrikoding\public\index.php(44): CodeIgniter\CodeIgniter->run()
#16 C:\xampp\htdocs\santrikoding\vendor\codeigniter4\framework\system\Commands\Server\rewrite.php(45): require_once('C:\\xampp\\htdocs...')
#17 {main}
CRITICAL - 2021-05-04 09:17:14 --> syntax error, unexpected token ")"
#0 C:\xampp\htdocs\santrikoding\vendor\codeigniter4\framework\system\View\View.php(222): CodeIgniter\View\View->CodeIgniter\View\{closure}()
#1 C:\xampp\htdocs\santrikoding\vendor\codeigniter4\framework\system\Common.php(1217): CodeIgniter\View\View->render('v_barang', Array, true)
#2 C:\xampp\htdocs\santrikoding\app\Views\layouts\v_content.php(18): view('v_barang')
#3 C:\xampp\htdocs\santrikoding\vendor\codeigniter4\framework\system\View\View.php(220): include('C:\\xampp\\htdocs...')
#4 C:\xampp\htdocs\santrikoding\vendor\codeigniter4\framework\system\View\View.php(222): CodeIgniter\View\View->CodeIgniter\View\{closure}()
#5 C:\xampp\htdocs\santrikoding\vendor\codeigniter4\framework\system\Common.php(1217): CodeIgniter\View\View->render('layouts/v_conte...', Array, true)
#6 C:\xampp\htdocs\santrikoding\app\Views\layouts\v_wrapper.php(7): view('layouts/v_conte...')
#7 C:\xampp\htdocs\santrikoding\vendor\codeigniter4\framework\system\View\View.php(220): include('C:\\xampp\\htdocs...')
#8 C:\xampp\htdocs\santrikoding\vendor\codeigniter4\framework\system\View\View.php(222): CodeIgniter\View\View->CodeIgniter\View\{closure}()
#9 C:\xampp\htdocs\santrikoding\vendor\codeigniter4\framework\system\Common.php(1217): CodeIgniter\View\View->render('layouts/v_wrapp...', Array, true)
#10 C:\xampp\htdocs\santrikoding\app\Controllers\Barang.php(14): view('layouts/v_wrapp...', Array)
#11 C:\xampp\htdocs\santrikoding\vendor\codeigniter4\framework\system\CodeIgniter.php(936): App\Controllers\Barang->index()
#12 C:\xampp\htdocs\santrikoding\vendor\codeigniter4\framework\system\CodeIgniter.php(432): CodeIgniter\CodeIgniter->runController(Object(App\Controllers\Barang))
#13 C:\xampp\htdocs\santrikoding\vendor\codeigniter4\framework\system\CodeIgniter.php(333): CodeIgniter\CodeIgniter->handleRequest(NULL, Object(Config\Cache), false)
#14 C:\xampp\htdocs\santrikoding\public\index.php(44): CodeIgniter\CodeIgniter->run()
#15 C:\xampp\htdocs\santrikoding\vendor\codeigniter4\framework\system\Commands\Server\rewrite.php(45): require_once('C:\\xampp\\htdocs...')
#16 {main}
CRITICAL - 2021-05-04 09:17:23 --> Undefined variable $getBarang
#0 C:\xampp\htdocs\santrikoding\app\Views\v_barang.php(22): CodeIgniter\Debug\Exceptions->errorHandler(2, 'Undefined varia...', 'C:\\xampp\\htdocs...', 22)
#1 C:\xampp\htdocs\santrikoding\vendor\codeigniter4\framework\system\View\View.php(220): include('C:\\xampp\\htdocs...')
#2 C:\xampp\htdocs\santrikoding\vendor\codeigniter4\framework\system\View\View.php(222): CodeIgniter\View\View->CodeIgniter\View\{closure}()
#3 C:\xampp\htdocs\santrikoding\vendor\codeigniter4\framework\system\Common.php(1217): CodeIgniter\View\View->render('v_barang', Array, true)
#4 C:\xampp\htdocs\santrikoding\app\Views\layouts\v_content.php(18): view('v_barang')
#5 C:\xampp\htdocs\santrikoding\vendor\codeigniter4\framework\system\View\View.php(220): include('C:\\xampp\\htdocs...')
#6 C:\xampp\htdocs\santrikoding\vendor\codeigniter4\framework\system\View\View.php(222): CodeIgniter\View\View->CodeIgniter\View\{closure}()
#7 C:\xampp\htdocs\santrikoding\vendor\codeigniter4\framework\system\Common.php(1217): CodeIgniter\View\View->render('layouts/v_conte...', Array, true)
#8 C:\xampp\htdocs\santrikoding\app\Views\layouts\v_wrapper.php(7): view('layouts/v_conte...')
#9 C:\xampp\htdocs\santrikoding\vendor\codeigniter4\framework\system\View\View.php(220): include('C:\\xampp\\htdocs...')
#10 C:\xampp\htdocs\santrikoding\vendor\codeigniter4\framework\system\View\View.php(222): CodeIgniter\View\View->CodeIgniter\View\{closure}()
#11 C:\xampp\htdocs\santrikoding\vendor\codeigniter4\framework\system\Common.php(1217): CodeIgniter\View\View->render('layouts/v_wrapp...', Array, true)
#12 C:\xampp\htdocs\santrikoding\app\Controllers\Barang.php(14): view('layouts/v_wrapp...', Array)
#13 C:\xampp\htdocs\santrikoding\vendor\codeigniter4\framework\system\CodeIgniter.php(936): App\Controllers\Barang->index()
#14 C:\xampp\htdocs\santrikoding\vendor\codeigniter4\framework\system\CodeIgniter.php(432): CodeIgniter\CodeIgniter->runController(Object(App\Controllers\Barang))
#15 C:\xampp\htdocs\santrikoding\vendor\codeigniter4\framework\system\CodeIgniter.php(333): CodeIgniter\CodeIgniter->handleRequest(NULL, Object(Config\Cache), false)
#16 C:\xampp\htdocs\santrikoding\public\index.php(44): CodeIgniter\CodeIgniter->run()
#17 C:\xampp\htdocs\santrikoding\vendor\codeigniter4\framework\system\Commands\Server\rewrite.php(45): require_once('C:\\xampp\\htdocs...')
#18 {main}
CRITICAL - 2021-05-04 09:37:09 --> Array to string conversion
#0 C:\xampp\htdocs\santrikoding\app\Views\v_barang.php(50): CodeIgniter\Debug\Exceptions->errorHandler(2, 'Array to string...', 'C:\\xampp\\htdocs...', 50)
#1 C:\xampp\htdocs\santrikoding\vendor\codeigniter4\framework\system\View\View.php(220): include('C:\\xampp\\htdocs...')
#2 C:\xampp\htdocs\santrikoding\vendor\codeigniter4\framework\system\View\View.php(222): CodeIgniter\View\View->CodeIgniter\View\{closure}()
#3 C:\xampp\htdocs\santrikoding\vendor\codeigniter4\framework\system\Common.php(1217): CodeIgniter\View\View->render('v_barang', Array, true)
#4 C:\xampp\htdocs\santrikoding\app\Views\layouts\v_content.php(18): view('v_barang')
#5 C:\xampp\htdocs\santrikoding\vendor\codeigniter4\framework\system\View\View.php(220): include('C:\\xampp\\htdocs...')
#6 C:\xampp\htdocs\santrikoding\vendor\codeigniter4\framework\system\View\View.php(222): CodeIgniter\View\View->CodeIgniter\View\{closure}()
#7 C:\xampp\htdocs\santrikoding\vendor\codeigniter4\framework\system\Common.php(1217): CodeIgniter\View\View->render('layouts/v_conte...', Array, true)
#8 C:\xampp\htdocs\santrikoding\app\Views\layouts\v_wrapper.php(7): view('layouts/v_conte...')
#9 C:\xampp\htdocs\santrikoding\vendor\codeigniter4\framework\system\View\View.php(220): include('C:\\xampp\\htdocs...')
#10 C:\xampp\htdocs\santrikoding\vendor\codeigniter4\framework\system\View\View.php(222): CodeIgniter\View\View->CodeIgniter\View\{closure}()
#11 C:\xampp\htdocs\santrikoding\vendor\codeigniter4\framework\system\Common.php(1217): CodeIgniter\View\View->render('layouts/v_wrapp...', Array, true)
#12 C:\xampp\htdocs\santrikoding\app\Controllers\Barang.php(14): view('layouts/v_wrapp...', Array)
#13 C:\xampp\htdocs\santrikoding\vendor\codeigniter4\framework\system\CodeIgniter.php(936): App\Controllers\Barang->index()
#14 C:\xampp\htdocs\santrikoding\vendor\codeigniter4\framework\system\CodeIgniter.php(432): CodeIgniter\CodeIgniter->runController(Object(App\Controllers\Barang))
#15 C:\xampp\htdocs\santrikoding\vendor\codeigniter4\framework\system\CodeIgniter.php(333): CodeIgniter\CodeIgniter->handleRequest(NULL, Object(Config\Cache), false)
#16 C:\xampp\htdocs\santrikoding\public\index.php(44): CodeIgniter\CodeIgniter->run()
#17 C:\xampp\htdocs\santrikoding\vendor\codeigniter4\framework\system\Commands\Server\rewrite.php(45): require_once('C:\\xampp\\htdocs...')
#18 {main}
CRITICAL - 2021-05-04 09:37:45 --> Array to string conversion
#0 C:\xampp\htdocs\santrikoding\app\Views\v_barang.php(50): CodeIgniter\Debug\Exceptions->errorHandler(2, 'Array to string...', 'C:\\xampp\\htdocs...', 50)
#1 C:\xampp\htdocs\santrikoding\vendor\codeigniter4\framework\system\View\View.php(220): include('C:\\xampp\\htdocs...')
#2 C:\xampp\htdocs\santrikoding\vendor\codeigniter4\framework\system\View\View.php(222): CodeIgniter\View\View->CodeIgniter\View\{closure}()
#3 C:\xampp\htdocs\santrikoding\vendor\codeigniter4\framework\system\Common.php(1217): CodeIgniter\View\View->render('v_barang', Array, true)
#4 C:\xampp\htdocs\santrikoding\app\Views\layouts\v_content.php(18): view('v_barang')
#5 C:\xampp\htdocs\santrikoding\vendor\codeigniter4\framework\system\View\View.php(220): include('C:\\xampp\\htdocs...')
#6 C:\xampp\htdocs\santrikoding\vendor\codeigniter4\framework\system\View\View.php(222): CodeIgniter\View\View->CodeIgniter\View\{closure}()
#7 C:\xampp\htdocs\santrikoding\vendor\codeigniter4\framework\system\Common.php(1217): CodeIgniter\View\View->render('layouts/v_conte...', Array, true)
#8 C:\xampp\htdocs\santrikoding\app\Views\layouts\v_wrapper.php(7): view('layouts/v_conte...')
#9 C:\xampp\htdocs\santrikoding\vendor\codeigniter4\framework\system\View\View.php(220): include('C:\\xampp\\htdocs...')
#10 C:\xampp\htdocs\santrikoding\vendor\codeigniter4\framework\system\View\View.php(222): CodeIgniter\View\View->CodeIgniter\View\{closure}()
#11 C:\xampp\htdocs\santrikoding\vendor\codeigniter4\framework\system\Common.php(1217): CodeIgniter\View\View->render('layouts/v_wrapp...', Array, true)
#12 C:\xampp\htdocs\santrikoding\app\Controllers\Barang.php(14): view('layouts/v_wrapp...', Array)
#13 C:\xampp\htdocs\santrikoding\vendor\codeigniter4\framework\system\CodeIgniter.php(936): App\Controllers\Barang->index()
#14 C:\xampp\htdocs\santrikoding\vendor\codeigniter4\framework\system\CodeIgniter.php(432): CodeIgniter\CodeIgniter->runController(Object(App\Controllers\Barang))
#15 C:\xampp\htdocs\santrikoding\vendor\codeigniter4\framework\system\CodeIgniter.php(333): CodeIgniter\CodeIgniter->handleRequest(NULL, Object(Config\Cache), false)
#16 C:\xampp\htdocs\santrikoding\public\index.php(44): CodeIgniter\CodeIgniter->run()
#17 C:\xampp\htdocs\santrikoding\vendor\codeigniter4\framework\system\Commands\Server\rewrite.php(45): require_once('C:\\xampp\\htdocs...')
#18 {main}
CRITICAL - 2021-05-04 09:38:36 --> syntax error, unexpected string content "", expecting "-" or identifier or variable or number
#0 C:\xampp\htdocs\santrikoding\vendor\codeigniter4\framework\system\View\View.php(222): CodeIgniter\View\View->CodeIgniter\View\{closure}()
#1 C:\xampp\htdocs\santrikoding\vendor\codeigniter4\framework\system\Common.php(1217): CodeIgniter\View\View->render('v_barang', Array, true)
#2 C:\xampp\htdocs\santrikoding\app\Views\layouts\v_content.php(18): view('v_barang')
#3 C:\xampp\htdocs\santrikoding\vendor\codeigniter4\framework\system\View\View.php(220): include('C:\\xampp\\htdocs...')
#4 C:\xampp\htdocs\santrikoding\vendor\codeigniter4\framework\system\View\View.php(222): CodeIgniter\View\View->CodeIgniter\View\{closure}()
#5 C:\xampp\htdocs\santrikoding\vendor\codeigniter4\framework\system\Common.php(1217): CodeIgniter\View\View->render('layouts/v_conte...', Array, true)
#6 C:\xampp\htdocs\santrikoding\app\Views\layouts\v_wrapper.php(7): view('layouts/v_conte...')
#7 C:\xampp\htdocs\santrikoding\vendor\codeigniter4\framework\system\View\View.php(220): include('C:\\xampp\\htdocs...')
#8 C:\xampp\htdocs\santrikoding\vendor\codeigniter4\framework\system\View\View.php(222): CodeIgniter\View\View->CodeIgniter\View\{closure}()
#9 C:\xampp\htdocs\santrikoding\vendor\codeigniter4\framework\system\Common.php(1217): CodeIgniter\View\View->render('layouts/v_wrapp...', Array, true)
#10 C:\xampp\htdocs\santrikoding\app\Controllers\Barang.php(14): view('layouts/v_wrapp...', Array)
#11 C:\xampp\htdocs\santrikoding\vendor\codeigniter4\framework\system\CodeIgniter.php(936): App\Controllers\Barang->index()
#12 C:\xampp\htdocs\santrikoding\vendor\codeigniter4\framework\system\CodeIgniter.php(432): CodeIgniter\CodeIgniter->runController(Object(App\Controllers\Barang))
#13 C:\xampp\htdocs\santrikoding\vendor\codeigniter4\framework\system\CodeIgniter.php(333): CodeIgniter\CodeIgniter->handleRequest(NULL, Object(Config\Cache), false)
#14 C:\xampp\htdocs\santrikoding\public\index.php(44): CodeIgniter\CodeIgniter->run()
#15 C:\xampp\htdocs\santrikoding\vendor\codeigniter4\framework\system\Commands\Server\rewrite.php(45): require_once('C:\\xampp\\htdocs...')
#16 {main}
CRITICAL - 2021-05-04 09:38:48 --> syntax error, unexpected variable "$daftar"
#0 C:\xampp\htdocs\santrikoding\vendor\codeigniter4\framework\system\View\View.php(222): CodeIgniter\View\View->CodeIgniter\View\{closure}()
#1 C:\xampp\htdocs\santrikoding\vendor\codeigniter4\framework\system\Common.php(1217): CodeIgniter\View\View->render('v_barang', Array, true)
#2 C:\xampp\htdocs\santrikoding\app\Views\layouts\v_content.php(18): view('v_barang')
#3 C:\xampp\htdocs\santrikoding\vendor\codeigniter4\framework\system\View\View.php(220): include('C:\\xampp\\htdocs...')
#4 C:\xampp\htdocs\santrikoding\vendor\codeigniter4\framework\system\View\View.php(222): CodeIgniter\View\View->CodeIgniter\View\{closure}()
#5 C:\xampp\htdocs\santrikoding\vendor\codeigniter4\framework\system\Common.php(1217): CodeIgniter\View\View->render('layouts/v_conte...', Array, true)
#6 C:\xampp\htdocs\santrikoding\app\Views\layouts\v_wrapper.php(7): view('layouts/v_conte...')
#7 C:\xampp\htdocs\santrikoding\vendor\codeigniter4\framework\system\View\View.php(220): include('C:\\xampp\\htdocs...')
#8 C:\xampp\htdocs\santrikoding\vendor\codeigniter4\framework\system\View\View.php(222): CodeIgniter\View\View->CodeIgniter\View\{closure}()
#9 C:\xampp\htdocs\santrikoding\vendor\codeigniter4\framework\system\Common.php(1217): CodeIgniter\View\View->render('layouts/v_wrapp...', Array, true)
#10 C:\xampp\htdocs\santrikoding\app\Controllers\Barang.php(14): view('layouts/v_wrapp...', Array)
#11 C:\xampp\htdocs\santrikoding\vendor\codeigniter4\framework\system\CodeIgniter.php(936): App\Controllers\Barang->index()
#12 C:\xampp\htdocs\santrikoding\vendor\codeigniter4\framework\system\CodeIgniter.php(432): CodeIgniter\CodeIgniter->runController(Object(App\Controllers\Barang))
#13 C:\xampp\htdocs\santrikoding\vendor\codeigniter4\framework\system\CodeIgniter.php(333): CodeIgniter\CodeIgniter->handleRequest(NULL, Object(Config\Cache), false)
#14 C:\xampp\htdocs\santrikoding\public\index.php(44): CodeIgniter\CodeIgniter->run()
#15 C:\xampp\htdocs\santrikoding\vendor\codeigniter4\framework\system\Commands\Server\rewrite.php(45): require_once('C:\\xampp\\htdocs...')
#16 {main}
CRITICAL - 2021-05-04 09:39:13 --> syntax error, unexpected token ">"
#0 C:\xampp\htdocs\santrikoding\vendor\codeigniter4\framework\system\View\View.php(222): CodeIgniter\View\View->CodeIgniter\View\{closure}()
#1 C:\xampp\htdocs\santrikoding\vendor\codeigniter4\framework\system\Common.php(1217): CodeIgniter\View\View->render('v_barang', Array, true)
#2 C:\xampp\htdocs\santrikoding\app\Views\layouts\v_content.php(18): view('v_barang')
#3 C:\xampp\htdocs\santrikoding\vendor\codeigniter4\framework\system\View\View.php(220): include('C:\\xampp\\htdocs...')
#4 C:\xampp\htdocs\santrikoding\vendor\codeigniter4\framework\system\View\View.php(222): CodeIgniter\View\View->CodeIgniter\View\{closure}()
#5 C:\xampp\htdocs\santrikoding\vendor\codeigniter4\framework\system\Common.php(1217): CodeIgniter\View\View->render('layouts/v_conte...', Array, true)
#6 C:\xampp\htdocs\santrikoding\app\Views\layouts\v_wrapper.php(7): view('layouts/v_conte...')
#7 C:\xampp\htdocs\santrikoding\vendor\codeigniter4\framework\system\View\View.php(220): include('C:\\xampp\\htdocs...')
#8 C:\xampp\htdocs\santrikoding\vendor\codeigniter4\framework\system\View\View.php(222): CodeIgniter\View\View->CodeIgniter\View\{closure}()
#9 C:\xampp\htdocs\santrikoding\vendor\codeigniter4\framework\system\Common.php(1217): CodeIgniter\View\View->render('layouts/v_wrapp...', Array, true)
#10 C:\xampp\htdocs\santrikoding\app\Controllers\Barang.php(14): view('layouts/v_wrapp...', Array)
#11 C:\xampp\htdocs\santrikoding\vendor\codeigniter4\framework\system\CodeIgniter.php(936): App\Controllers\Barang->index()
#12 C:\xampp\htdocs\santrikoding\vendor\codeigniter4\framework\system\CodeIgniter.php(432): CodeIgniter\CodeIgniter->runController(Object(App\Controllers\Barang))
#13 C:\xampp\htdocs\santrikoding\vendor\codeigniter4\framework\system\CodeIgniter.php(333): CodeIgniter\CodeIgniter->handleRequest(NULL, Object(Config\Cache), false)
#14 C:\xampp\htdocs\santrikoding\public\index.php(44): CodeIgniter\CodeIgniter->run()
#15 C:\xampp\htdocs\santrikoding\vendor\codeigniter4\framework\system\Commands\Server\rewrite.php(45): require_once('C:\\xampp\\htdocs...')
#16 {main}
CRITICAL - 2021-05-04 09:40:11 --> syntax error, unexpected token ">"
#0 C:\xampp\htdocs\santrikoding\vendor\codeigniter4\framework\system\View\View.php(222): CodeIgniter\View\View->CodeIgniter\View\{closure}()
#1 C:\xampp\htdocs\santrikoding\vendor\codeigniter4\framework\system\Common.php(1217): CodeIgniter\View\View->render('v_barang', Array, true)
#2 C:\xampp\htdocs\santrikoding\app\Views\layouts\v_content.php(18): view('v_barang')
#3 C:\xampp\htdocs\santrikoding\vendor\codeigniter4\framework\system\View\View.php(220): include('C:\\xampp\\htdocs...')
#4 C:\xampp\htdocs\santrikoding\vendor\codeigniter4\framework\system\View\View.php(222): CodeIgniter\View\View->CodeIgniter\View\{closure}()
#5 C:\xampp\htdocs\santrikoding\vendor\codeigniter4\framework\system\Common.php(1217): CodeIgniter\View\View->render('layouts/v_conte...', Array, true)
#6 C:\xampp\htdocs\santrikoding\app\Views\layouts\v_wrapper.php(7): view('layouts/v_conte...')
#7 C:\xampp\htdocs\santrikoding\vendor\codeigniter4\framework\system\View\View.php(220): include('C:\\xampp\\htdocs...')
#8 C:\xampp\htdocs\santrikoding\vendor\codeigniter4\framework\system\View\View.php(222): CodeIgniter\View\View->CodeIgniter\View\{closure}()
#9 C:\xampp\htdocs\santrikoding\vendor\codeigniter4\framework\system\Common.php(1217): CodeIgniter\View\View->render('layouts/v_wrapp...', Array, true)
#10 C:\xampp\htdocs\santrikoding\app\Controllers\Barang.php(14): view('layouts/v_wrapp...', Array)
#11 C:\xampp\htdocs\santrikoding\vendor\codeigniter4\framework\system\CodeIgniter.php(936): App\Controllers\Barang->index()
#12 C:\xampp\htdocs\santrikoding\vendor\codeigniter4\framework\system\CodeIgniter.php(432): CodeIgniter\CodeIgniter->runController(Object(App\Controllers\Barang))
#13 C:\xampp\htdocs\santrikoding\vendor\codeigniter4\framework\system\CodeIgniter.php(333): CodeIgniter\CodeIgniter->handleRequest(NULL, Object(Config\Cache), false)
#14 C:\xampp\htdocs\santrikoding\public\index.php(44): CodeIgniter\CodeIgniter->run()
#15 C:\xampp\htdocs\santrikoding\vendor\codeigniter4\framework\system\Commands\Server\rewrite.php(45): require_once('C:\\xampp\\htdocs...')
#16 {main}
CRITICAL - 2021-05-04 09:43:49 --> syntax error, unexpected token "}", expecting "," or ";"
#0 C:\xampp\htdocs\santrikoding\vendor\codeigniter4\framework\system\View\View.php(222): CodeIgniter\View\View->CodeIgniter\View\{closure}()
#1 C:\xampp\htdocs\santrikoding\vendor\codeigniter4\framework\system\Common.php(1217): CodeIgniter\View\View->render('v_barang', Array, true)
#2 C:\xampp\htdocs\santrikoding\app\Views\layouts\v_content.php(18): view('v_barang')
#3 C:\xampp\htdocs\santrikoding\vendor\codeigniter4\framework\system\View\View.php(220): include('C:\\xampp\\htdocs...')
#4 C:\xampp\htdocs\santrikoding\vendor\codeigniter4\framework\system\View\View.php(222): CodeIgniter\View\View->CodeIgniter\View\{closure}()
#5 C:\xampp\htdocs\santrikoding\vendor\codeigniter4\framework\system\Common.php(1217): CodeIgniter\View\View->render('layouts/v_conte...', Array, true)
#6 C:\xampp\htdocs\santrikoding\app\Views\layouts\v_wrapper.php(7): view('layouts/v_conte...')
#7 C:\xampp\htdocs\santrikoding\vendor\codeigniter4\framework\system\View\View.php(220): include('C:\\xampp\\htdocs...')
#8 C:\xampp\htdocs\santrikoding\vendor\codeigniter4\framework\system\View\View.php(222): CodeIgniter\View\View->CodeIgniter\View\{closure}()
#9 C:\xampp\htdocs\santrikoding\vendor\codeigniter4\framework\system\Common.php(1217): CodeIgniter\View\View->render('layouts/v_wrapp...', Array, true)
#10 C:\xampp\htdocs\santrikoding\app\Controllers\Barang.php(14): view('layouts/v_wrapp...', Array)
#11 C:\xampp\htdocs\santrikoding\vendor\codeigniter4\framework\system\CodeIgniter.php(936): App\Controllers\Barang->index()
#12 C:\xampp\htdocs\santrikoding\vendor\codeigniter4\framework\system\CodeIgniter.php(432): CodeIgniter\CodeIgniter->runController(Object(App\Controllers\Barang))
#13 C:\xampp\htdocs\santrikoding\vendor\codeigniter4\framework\system\CodeIgniter.php(333): CodeIgniter\CodeIgniter->handleRequest(NULL, Object(Config\Cache), false)
#14 C:\xampp\htdocs\santrikoding\public\index.php(44): CodeIgniter\CodeIgniter->run()
#15 C:\xampp\htdocs\santrikoding\vendor\codeigniter4\framework\system\Commands\Server\rewrite.php(45): require_once('C:\\xampp\\htdocs...')
#16 {main}
CRITICAL - 2021-05-04 09:44:13 --> Undefined variable $colors
#0 C:\xampp\htdocs\santrikoding\app\Views\v_barang.php(50): CodeIgniter\Debug\Exceptions->errorHandler(2, 'Undefined varia...', 'C:\\xampp\\htdocs...', 50)
#1 C:\xampp\htdocs\santrikoding\vendor\codeigniter4\framework\system\View\View.php(220): include('C:\\xampp\\htdocs...')
#2 C:\xampp\htdocs\santrikoding\vendor\codeigniter4\framework\system\View\View.php(222): CodeIgniter\View\View->CodeIgniter\View\{closure}()
#3 C:\xampp\htdocs\santrikoding\vendor\codeigniter4\framework\system\Common.php(1217): CodeIgniter\View\View->render('v_barang', Array, true)
#4 C:\xampp\htdocs\santrikoding\app\Views\layouts\v_content.php(18): view('v_barang')
#5 C:\xampp\htdocs\santrikoding\vendor\codeigniter4\framework\system\View\View.php(220): include('C:\\xampp\\htdocs...')
#6 C:\xampp\htdocs\santrikoding\vendor\codeigniter4\framework\system\View\View.php(222): CodeIgniter\View\View->CodeIgniter\View\{closure}()
#7 C:\xampp\htdocs\santrikoding\vendor\codeigniter4\framework\system\Common.php(1217): CodeIgniter\View\View->render('layouts/v_conte...', Array, true)
#8 C:\xampp\htdocs\santrikoding\app\Views\layouts\v_wrapper.php(7): view('layouts/v_conte...')
#9 C:\xampp\htdocs\santrikoding\vendor\codeigniter4\framework\system\View\View.php(220): include('C:\\xampp\\htdocs...')
#10 C:\xampp\htdocs\santrikoding\vendor\codeigniter4\framework\system\View\View.php(222): CodeIgniter\View\View->CodeIgniter\View\{closure}()
#11 C:\xampp\htdocs\santrikoding\vendor\codeigniter4\framework\system\Common.php(1217): CodeIgniter\View\View->render('layouts/v_wrapp...', Array, true)
#12 C:\xampp\htdocs\santrikoding\app\Controllers\Barang.php(14): view('layouts/v_wrapp...', Array)
#13 C:\xampp\htdocs\santrikoding\vendor\codeigniter4\framework\system\CodeIgniter.php(936): App\Controllers\Barang->index()
#14 C:\xampp\htdocs\santrikoding\vendor\codeigniter4\framework\system\CodeIgniter.php(432): CodeIgniter\CodeIgniter->runController(Object(App\Controllers\Barang))
#15 C:\xampp\htdocs\santrikoding\vendor\codeigniter4\framework\system\CodeIgniter.php(333): CodeIgniter\CodeIgniter->handleRequest(NULL, Object(Config\Cache), false)
#16 C:\xampp\htdocs\santrikoding\public\index.php(44): CodeIgniter\CodeIgniter->run()
#17 C:\xampp\htdocs\santrikoding\vendor\codeigniter4\framework\system\Commands\Server\rewrite.php(45): require_once('C:\\xampp\\htdocs...')
#18 {main}
CRITICAL - 2021-05-04 09:44:38 --> Undefined variable $colors
#0 C:\xampp\htdocs\santrikoding\app\Views\v_barang.php(50): CodeIgniter\Debug\Exceptions->errorHandler(2, 'Undefined varia...', 'C:\\xampp\\htdocs...', 50)
#1 C:\xampp\htdocs\santrikoding\vendor\codeigniter4\framework\system\View\View.php(220): include('C:\\xampp\\htdocs...')
#2 C:\xampp\htdocs\santrikoding\vendor\codeigniter4\framework\system\View\View.php(222): CodeIgniter\View\View->CodeIgniter\View\{closure}()
#3 C:\xampp\htdocs\santrikoding\vendor\codeigniter4\framework\system\Common.php(1217): CodeIgniter\View\View->render('v_barang', Array, true)
#4 C:\xampp\htdocs\santrikoding\app\Views\layouts\v_content.php(18): view('v_barang')
#5 C:\xampp\htdocs\santrikoding\vendor\codeigniter4\framework\system\View\View.php(220): include('C:\\xampp\\htdocs...')
#6 C:\xampp\htdocs\santrikoding\vendor\codeigniter4\framework\system\View\View.php(222): CodeIgniter\View\View->CodeIgniter\View\{closure}()
#7 C:\xampp\htdocs\santrikoding\vendor\codeigniter4\framework\system\Common.php(1217): CodeIgniter\View\View->render('layouts/v_conte...', Array, true)
#8 C:\xampp\htdocs\santrikoding\app\Views\layouts\v_wrapper.php(7): view('layouts/v_conte...')
#9 C:\xampp\htdocs\santrikoding\vendor\codeigniter4\framework\system\View\View.php(220): include('C:\\xampp\\htdocs...')
#10 C:\xampp\htdocs\santrikoding\vendor\codeigniter4\framework\system\View\View.php(222): CodeIgniter\View\View->CodeIgniter\View\{closure}()
#11 C:\xampp\htdocs\santrikoding\vendor\codeigniter4\framework\system\Common.php(1217): CodeIgniter\View\View->render('layouts/v_wrapp...', Array, true)
#12 C:\xampp\htdocs\santrikoding\app\Controllers\Barang.php(14): view('layouts/v_wrapp...', Array)
#13 C:\xampp\htdocs\santrikoding\vendor\codeigniter4\framework\system\CodeIgniter.php(936): App\Controllers\Barang->index()
#14 C:\xampp\htdocs\santrikoding\vendor\codeigniter4\framework\system\CodeIgniter.php(432): CodeIgniter\CodeIgniter->runController(Object(App\Controllers\Barang))
#15 C:\xampp\htdocs\santrikoding\vendor\codeigniter4\framework\system\CodeIgniter.php(333): CodeIgniter\CodeIgniter->handleRequest(NULL, Object(Config\Cache), false)
#16 C:\xampp\htdocs\santrikoding\public\index.php(44): CodeIgniter\CodeIgniter->run()
#17 C:\xampp\htdocs\santrikoding\vendor\codeigniter4\framework\system\Commands\Server\rewrite.php(45): require_once('C:\\xampp\\htdocs...')
#18 {main}
CRITICAL - 2021-05-04 09:45:03 --> Array to string conversion
#0 C:\xampp\htdocs\santrikoding\app\Views\v_barang.php(52): CodeIgniter\Debug\Exceptions->errorHandler(2, 'Array to string...', 'C:\\xampp\\htdocs...', 52)
#1 C:\xampp\htdocs\santrikoding\vendor\codeigniter4\framework\system\View\View.php(220): include('C:\\xampp\\htdocs...')
#2 C:\xampp\htdocs\santrikoding\vendor\codeigniter4\framework\system\View\View.php(222): CodeIgniter\View\View->CodeIgniter\View\{closure}()
#3 C:\xampp\htdocs\santrikoding\vendor\codeigniter4\framework\system\Common.php(1217): CodeIgniter\View\View->render('v_barang', Array, true)
#4 C:\xampp\htdocs\santrikoding\app\Views\layouts\v_content.php(18): view('v_barang')
#5 C:\xampp\htdocs\santrikoding\vendor\codeigniter4\framework\system\View\View.php(220): include('C:\\xampp\\htdocs...')
#6 C:\xampp\htdocs\santrikoding\vendor\codeigniter4\framework\system\View\View.php(222): CodeIgniter\View\View->CodeIgniter\View\{closure}()
#7 C:\xampp\htdocs\santrikoding\vendor\codeigniter4\framework\system\Common.php(1217): CodeIgniter\View\View->render('layouts/v_conte...', Array, true)
#8 C:\xampp\htdocs\santrikoding\app\Views\layouts\v_wrapper.php(7): view('layouts/v_conte...')
#9 C:\xampp\htdocs\santrikoding\vendor\codeigniter4\framework\system\View\View.php(220): include('C:\\xampp\\htdocs...')
#10 C:\xampp\htdocs\santrikoding\vendor\codeigniter4\framework\system\View\View.php(222): CodeIgniter\View\View->CodeIgniter\View\{closure}()
#11 C:\xampp\htdocs\santrikoding\vendor\codeigniter4\framework\system\Common.php(1217): CodeIgniter\View\View->render('layouts/v_wrapp...', Array, true)
#12 C:\xampp\htdocs\santrikoding\app\Controllers\Barang.php(14): view('layouts/v_wrapp...', Array)
#13 C:\xampp\htdocs\santrikoding\vendor\codeigniter4\framework\system\CodeIgniter.php(936): App\Controllers\Barang->index()
#14 C:\xampp\htdocs\santrikoding\vendor\codeigniter4\framework\system\CodeIgniter.php(432): CodeIgniter\CodeIgniter->runController(Object(App\Controllers\Barang))
#15 C:\xampp\htdocs\santrikoding\vendor\codeigniter4\framework\system\CodeIgniter.php(333): CodeIgniter\CodeIgniter->handleRequest(NULL, Object(Config\Cache), false)
#16 C:\xampp\htdocs\santrikoding\public\index.php(44): CodeIgniter\CodeIgniter->run()
#17 C:\xampp\htdocs\santrikoding\vendor\codeigniter4\framework\system\Commands\Server\rewrite.php(45): require_once('C:\\xampp\\htdocs...')
#18 {main}
CRITICAL - 2021-05-04 09:45:13 --> Array to string conversion
#0 C:\xampp\htdocs\santrikoding\app\Views\v_barang.php(50): CodeIgniter\Debug\Exceptions->errorHandler(2, 'Array to string...', 'C:\\xampp\\htdocs...', 50)
#1 C:\xampp\htdocs\santrikoding\vendor\codeigniter4\framework\system\View\View.php(220): include('C:\\xampp\\htdocs...')
#2 C:\xampp\htdocs\santrikoding\vendor\codeigniter4\framework\system\View\View.php(222): CodeIgniter\View\View->CodeIgniter\View\{closure}()
#3 C:\xampp\htdocs\santrikoding\vendor\codeigniter4\framework\system\Common.php(1217): CodeIgniter\View\View->render('v_barang', Array, true)
#4 C:\xampp\htdocs\santrikoding\app\Views\layouts\v_content.php(18): view('v_barang')
#5 C:\xampp\htdocs\santrikoding\vendor\codeigniter4\framework\system\View\View.php(220): include('C:\\xampp\\htdocs...')
#6 C:\xampp\htdocs\santrikoding\vendor\codeigniter4\framework\system\View\View.php(222): CodeIgniter\View\View->CodeIgniter\View\{closure}()
#7 C:\xampp\htdocs\santrikoding\vendor\codeigniter4\framework\system\Common.php(1217): CodeIgniter\View\View->render('layouts/v_conte...', Array, true)
#8 C:\xampp\htdocs\santrikoding\app\Views\layouts\v_wrapper.php(7): view('layouts/v_conte...')
#9 C:\xampp\htdocs\santrikoding\vendor\codeigniter4\framework\system\View\View.php(220): include('C:\\xampp\\htdocs...')
#10 C:\xampp\htdocs\santrikoding\vendor\codeigniter4\framework\system\View\View.php(222): CodeIgniter\View\View->CodeIgniter\View\{closure}()
#11 C:\xampp\htdocs\santrikoding\vendor\codeigniter4\framework\system\Common.php(1217): CodeIgniter\View\View->render('layouts/v_wrapp...', Array, true)
#12 C:\xampp\htdocs\santrikoding\app\Controllers\Barang.php(14): view('layouts/v_wrapp...', Array)
#13 C:\xampp\htdocs\santrikoding\vendor\codeigniter4\framework\system\CodeIgniter.php(936): App\Controllers\Barang->index()
#14 C:\xampp\htdocs\santrikoding\vendor\codeigniter4\framework\system\CodeIgniter.php(432): CodeIgniter\CodeIgniter->runController(Object(App\Controllers\Barang))
#15 C:\xampp\htdocs\santrikoding\vendor\codeigniter4\framework\system\CodeIgniter.php(333): CodeIgniter\CodeIgniter->handleRequest(NULL, Object(Config\Cache), false)
#16 C:\xampp\htdocs\santrikoding\public\index.php(44): CodeIgniter\CodeIgniter->run()
#17 C:\xampp\htdocs\santrikoding\vendor\codeigniter4\framework\system\Commands\Server\rewrite.php(45): require_once('C:\\xampp\\htdocs...')
#18 {main}
CRITICAL - 2021-05-04 09:46:06 --> syntax error, unexpected string content "", expecting "-" or identifier or variable or number
#0 C:\xampp\htdocs\santrikoding\vendor\codeigniter4\framework\system\View\View.php(222): CodeIgniter\View\View->CodeIgniter\View\{closure}()
#1 C:\xampp\htdocs\santrikoding\vendor\codeigniter4\framework\system\Common.php(1217): CodeIgniter\View\View->render('v_barang', Array, true)
#2 C:\xampp\htdocs\santrikoding\app\Views\layouts\v_content.php(18): view('v_barang')
#3 C:\xampp\htdocs\santrikoding\vendor\codeigniter4\framework\system\View\View.php(220): include('C:\\xampp\\htdocs...')
#4 C:\xampp\htdocs\santrikoding\vendor\codeigniter4\framework\system\View\View.php(222): CodeIgniter\View\View->CodeIgniter\View\{closure}()
#5 C:\xampp\htdocs\santrikoding\vendor\codeigniter4\framework\system\Common.php(1217): CodeIgniter\View\View->render('layouts/v_conte...', Array, true)
#6 C:\xampp\htdocs\santrikoding\app\Views\layouts\v_wrapper.php(7): view('layouts/v_conte...')
#7 C:\xampp\htdocs\santrikoding\vendor\codeigniter4\framework\system\View\View.php(220): include('C:\\xampp\\htdocs...')
#8 C:\xampp\htdocs\santrikoding\vendor\codeigniter4\framework\system\View\View.php(222): CodeIgniter\View\View->CodeIgniter\View\{closure}()
#9 C:\xampp\htdocs\santrikoding\vendor\codeigniter4\framework\system\Common.php(1217): CodeIgniter\View\View->render('layouts/v_wrapp...', Array, true)
#10 C:\xampp\htdocs\santrikoding\app\Controllers\Barang.php(14): view('layouts/v_wrapp...', Array)
#11 C:\xampp\htdocs\santrikoding\vendor\codeigniter4\framework\system\CodeIgniter.php(936): App\Controllers\Barang->index()
#12 C:\xampp\htdocs\santrikoding\vendor\codeigniter4\framework\system\CodeIgniter.php(432): CodeIgniter\CodeIgniter->runController(Object(App\Controllers\Barang))
#13 C:\xampp\htdocs\santrikoding\vendor\codeigniter4\framework\system\CodeIgniter.php(333): CodeIgniter\CodeIgniter->handleRequest(NULL, Object(Config\Cache), false)
#14 C:\xampp\htdocs\santrikoding\public\index.php(44): CodeIgniter\CodeIgniter->run()
#15 C:\xampp\htdocs\santrikoding\vendor\codeigniter4\framework\system\Commands\Server\rewrite.php(45): require_once('C:\\xampp\\htdocs...')
#16 {main}
CRITICAL - 2021-05-04 09:46:20 --> syntax error, unexpected token ">"
#0 C:\xampp\htdocs\santrikoding\vendor\codeigniter4\framework\system\View\View.php(222): CodeIgniter\View\View->CodeIgniter\View\{closure}()
#1 C:\xampp\htdocs\santrikoding\vendor\codeigniter4\framework\system\Common.php(1217): CodeIgniter\View\View->render('v_barang', Array, true)
#2 C:\xampp\htdocs\santrikoding\app\Views\layouts\v_content.php(18): view('v_barang')
#3 C:\xampp\htdocs\santrikoding\vendor\codeigniter4\framework\system\View\View.php(220): include('C:\\xampp\\htdocs...')
#4 C:\xampp\htdocs\santrikoding\vendor\codeigniter4\framework\system\View\View.php(222): CodeIgniter\View\View->CodeIgniter\View\{closure}()
#5 C:\xampp\htdocs\santrikoding\vendor\codeigniter4\framework\system\Common.php(1217): CodeIgniter\View\View->render('layouts/v_conte...', Array, true)
#6 C:\xampp\htdocs\santrikoding\app\Views\layouts\v_wrapper.php(7): view('layouts/v_conte...')
#7 C:\xampp\htdocs\santrikoding\vendor\codeigniter4\framework\system\View\View.php(220): include('C:\\xampp\\htdocs...')
#8 C:\xampp\htdocs\santrikoding\vendor\codeigniter4\framework\system\View\View.php(222): CodeIgniter\View\View->CodeIgniter\View\{closure}()
#9 C:\xampp\htdocs\santrikoding\vendor\codeigniter4\framework\system\Common.php(1217): CodeIgniter\View\View->render('layouts/v_wrapp...', Array, true)
#10 C:\xampp\htdocs\santrikoding\app\Controllers\Barang.php(14): view('layouts/v_wrapp...', Array)
#11 C:\xampp\htdocs\santrikoding\vendor\codeigniter4\framework\system\CodeIgniter.php(936): App\Controllers\Barang->index()
#12 C:\xampp\htdocs\santrikoding\vendor\codeigniter4\framework\system\CodeIgniter.php(432): CodeIgniter\CodeIgniter->runController(Object(App\Controllers\Barang))
#13 C:\xampp\htdocs\santrikoding\vendor\codeigniter4\framework\system\CodeIgniter.php(333): CodeIgniter\CodeIgniter->handleRequest(NULL, Object(Config\Cache), false)
#14 C:\xampp\htdocs\santrikoding\public\index.php(44): CodeIgniter\CodeIgniter->run()
#15 C:\xampp\htdocs\santrikoding\vendor\codeigniter4\framework\system\Commands\Server\rewrite.php(45): require_once('C:\\xampp\\htdocs...')
#16 {main}
CRITICAL - 2021-05-04 09:53:32 --> Unmatched '}'
#0 C:\xampp\htdocs\santrikoding\vendor\codeigniter4\framework\system\View\View.php(222): CodeIgniter\View\View->CodeIgniter\View\{closure}()
#1 C:\xampp\htdocs\santrikoding\vendor\codeigniter4\framework\system\Common.php(1217): CodeIgniter\View\View->render('v_barang', Array, true)
#2 C:\xampp\htdocs\santrikoding\app\Views\layouts\v_content.php(18): view('v_barang')
#3 C:\xampp\htdocs\santrikoding\vendor\codeigniter4\framework\system\View\View.php(220): include('C:\\xampp\\htdocs...')
#4 C:\xampp\htdocs\santrikoding\vendor\codeigniter4\framework\system\View\View.php(222): CodeIgniter\View\View->CodeIgniter\View\{closure}()
#5 C:\xampp\htdocs\santrikoding\vendor\codeigniter4\framework\system\Common.php(1217): CodeIgniter\View\View->render('layouts/v_conte...', Array, true)
#6 C:\xampp\htdocs\santrikoding\app\Views\layouts\v_wrapper.php(7): view('layouts/v_conte...')
#7 C:\xampp\htdocs\santrikoding\vendor\codeigniter4\framework\system\View\View.php(220): include('C:\\xampp\\htdocs...')
#8 C:\xampp\htdocs\santrikoding\vendor\codeigniter4\framework\system\View\View.php(222): CodeIgniter\View\View->CodeIgniter\View\{closure}()
#9 C:\xampp\htdocs\santrikoding\vendor\codeigniter4\framework\system\Common.php(1217): CodeIgniter\View\View->render('layouts/v_wrapp...', Array, true)
#10 C:\xampp\htdocs\santrikoding\app\Controllers\Barang.php(14): view('layouts/v_wrapp...', Array)
#11 C:\xampp\htdocs\santrikoding\vendor\codeigniter4\framework\system\CodeIgniter.php(936): App\Controllers\Barang->index()
#12 C:\xampp\htdocs\santrikoding\vendor\codeigniter4\framework\system\CodeIgniter.php(432): CodeIgniter\CodeIgniter->runController(Object(App\Controllers\Barang))
#13 C:\xampp\htdocs\santrikoding\vendor\codeigniter4\framework\system\CodeIgniter.php(333): CodeIgniter\CodeIgniter->handleRequest(NULL, Object(Config\Cache), false)
#14 C:\xampp\htdocs\santrikoding\public\index.php(44): CodeIgniter\CodeIgniter->run()
#15 C:\xampp\htdocs\santrikoding\vendor\codeigniter4\framework\system\Commands\Server\rewrite.php(45): require_once('C:\\xampp\\htdocs...')
#16 {main}
CRITICAL - 2021-05-04 09:57:05 --> syntax error, unexpected end of file
#0 C:\xampp\htdocs\santrikoding\vendor\codeigniter4\framework\system\View\View.php(222): CodeIgniter\View\View->CodeIgniter\View\{closure}()
#1 C:\xampp\htdocs\santrikoding\vendor\codeigniter4\framework\system\Common.php(1217): CodeIgniter\View\View->render('v_barang', Array, true)
#2 C:\xampp\htdocs\santrikoding\app\Views\layouts\v_content.php(18): view('v_barang')
#3 C:\xampp\htdocs\santrikoding\vendor\codeigniter4\framework\system\View\View.php(220): include('C:\\xampp\\htdocs...')
#4 C:\xampp\htdocs\santrikoding\vendor\codeigniter4\framework\system\View\View.php(222): CodeIgniter\View\View->CodeIgniter\View\{closure}()
#5 C:\xampp\htdocs\santrikoding\vendor\codeigniter4\framework\system\Common.php(1217): CodeIgniter\View\View->render('layouts/v_conte...', Array, true)
#6 C:\xampp\htdocs\santrikoding\app\Views\layouts\v_wrapper.php(7): view('layouts/v_conte...')
#7 C:\xampp\htdocs\santrikoding\vendor\codeigniter4\framework\system\View\View.php(220): include('C:\\xampp\\htdocs...')
#8 C:\xampp\htdocs\santrikoding\vendor\codeigniter4\framework\system\View\View.php(222): CodeIgniter\View\View->CodeIgniter\View\{closure}()
#9 C:\xampp\htdocs\santrikoding\vendor\codeigniter4\framework\system\Common.php(1217): CodeIgniter\View\View->render('layouts/v_wrapp...', Array, true)
#10 C:\xampp\htdocs\santrikoding\app\Controllers\Barang.php(14): view('layouts/v_wrapp...', Array)
#11 C:\xampp\htdocs\santrikoding\vendor\codeigniter4\framework\system\CodeIgniter.php(936): App\Controllers\Barang->index()
#12 C:\xampp\htdocs\santrikoding\vendor\codeigniter4\framework\system\CodeIgniter.php(432): CodeIgniter\CodeIgniter->runController(Object(App\Controllers\Barang))
#13 C:\xampp\htdocs\santrikoding\vendor\codeigniter4\framework\system\CodeIgniter.php(333): CodeIgniter\CodeIgniter->handleRequest(NULL, Object(Config\Cache), false)
#14 C:\xampp\htdocs\santrikoding\public\index.php(44): CodeIgniter\CodeIgniter->run()
#15 C:\xampp\htdocs\santrikoding\vendor\codeigniter4\framework\system\Commands\Server\rewrite.php(45): require_once('C:\\xampp\\htdocs...')
#16 {main}
CRITICAL - 2021-05-04 10:05:11 --> Invalid file: Tambah Barang.php
#0 C:\xampp\htdocs\santrikoding\vendor\codeigniter4\framework\system\View\View.php(203): CodeIgniter\Exceptions\FrameworkException::forInvalidFile('Tambah Barang.p...')
#1 C:\xampp\htdocs\santrikoding\vendor\codeigniter4\framework\system\Common.php(1217): CodeIgniter\View\View->render('Tambah Barang', Array, true)
#2 C:\xampp\htdocs\santrikoding\app\Views\layouts\v_content.php(18): view('Tambah Barang')
#3 C:\xampp\htdocs\santrikoding\vendor\codeigniter4\framework\system\View\View.php(220): include('C:\\xampp\\htdocs...')
#4 C:\xampp\htdocs\santrikoding\vendor\codeigniter4\framework\system\View\View.php(222): CodeIgniter\View\View->CodeIgniter\View\{closure}()
#5 C:\xampp\htdocs\santrikoding\vendor\codeigniter4\framework\system\Common.php(1217): CodeIgniter\View\View->render('layouts/v_conte...', Array, true)
#6 C:\xampp\htdocs\santrikoding\app\Views\layouts\v_wrapper.php(7): view('layouts/v_conte...')
#7 C:\xampp\htdocs\santrikoding\vendor\codeigniter4\framework\system\View\View.php(220): include('C:\\xampp\\htdocs...')
#8 C:\xampp\htdocs\santrikoding\vendor\codeigniter4\framework\system\View\View.php(222): CodeIgniter\View\View->CodeIgniter\View\{closure}()
#9 C:\xampp\htdocs\santrikoding\vendor\codeigniter4\framework\system\Common.php(1217): CodeIgniter\View\View->render('layouts/v_wrapp...', Array, true)
#10 C:\xampp\htdocs\santrikoding\app\Controllers\Barang.php(23): view('layouts/v_wrapp...', Array)
#11 C:\xampp\htdocs\santrikoding\vendor\codeigniter4\framework\system\CodeIgniter.php(936): App\Controllers\Barang->tambah()
#12 C:\xampp\htdocs\santrikoding\vendor\codeigniter4\framework\system\CodeIgniter.php(432): CodeIgniter\CodeIgniter->runController(Object(App\Controllers\Barang))
#13 C:\xampp\htdocs\santrikoding\vendor\codeigniter4\framework\system\CodeIgniter.php(333): CodeIgniter\CodeIgniter->handleRequest(NULL, Object(Config\Cache), false)
#14 C:\xampp\htdocs\santrikoding\public\index.php(44): CodeIgniter\CodeIgniter->run()
#15 C:\xampp\htdocs\santrikoding\vendor\codeigniter4\framework\system\Commands\Server\rewrite.php(45): require_once('C:\\xampp\\htdocs...')
#16 {main}
CRITICAL - 2021-05-04 10:14:27 --> Call to undefined method App\Models\Barang_model::saveBarang
#0 C:\xampp\htdocs\santrikoding\app\Controllers\Barang.php(35): CodeIgniter\Model->__call('saveBarang', Array)
#1 C:\xampp\htdocs\santrikoding\vendor\codeigniter4\framework\system\CodeIgniter.php(936): App\Controllers\Barang->add()
#2 C:\xampp\htdocs\santrikoding\vendor\codeigniter4\framework\system\CodeIgniter.php(432): CodeIgniter\CodeIgniter->runController(Object(App\Controllers\Barang))
#3 C:\xampp\htdocs\santrikoding\vendor\codeigniter4\framework\system\CodeIgniter.php(333): CodeIgniter\CodeIgniter->handleRequest(NULL, Object(Config\Cache), false)
#4 C:\xampp\htdocs\santrikoding\public\index.php(44): CodeIgniter\CodeIgniter->run()
#5 C:\xampp\htdocs\santrikoding\vendor\codeigniter4\framework\system\Commands\Server\rewrite.php(45): require_once('C:\\xampp\\htdocs...')
#6 {main}
CRITICAL - 2021-05-04 10:54:12 --> Call to undefined method App\Models\Barang_model::hapusBarang
#0 C:\xampp\htdocs\santrikoding\app\Controllers\Barang.php(48): CodeIgniter\Model->__call('hapusBarang', Array)
#1 C:\xampp\htdocs\santrikoding\vendor\codeigniter4\framework\system\CodeIgniter.php(936): App\Controllers\Barang->hapus('7')
#2 C:\xampp\htdocs\santrikoding\vendor\codeigniter4\framework\system\CodeIgniter.php(432): CodeIgniter\CodeIgniter->runController(Object(App\Controllers\Barang))
#3 C:\xampp\htdocs\santrikoding\vendor\codeigniter4\framework\system\CodeIgniter.php(333): CodeIgniter\CodeIgniter->handleRequest(NULL, Object(Config\Cache), false)
#4 C:\xampp\htdocs\santrikoding\public\index.php(44): CodeIgniter\CodeIgniter->run()
#5 C:\xampp\htdocs\santrikoding\vendor\codeigniter4\framework\system\Commands\Server\rewrite.php(45): require_once('C:\\xampp\\htdocs...')
#6 {main}
CRITICAL - 2021-05-04 11:21:31 --> Undefined variable $db
#0 C:\xampp\htdocs\santrikoding\app\Models\Barang_model.php(27): CodeIgniter\Debug\Exceptions->errorHandler(2, 'Undefined varia...', 'C:\\xampp\\htdocs...', 27)
#1 C:\xampp\htdocs\santrikoding\app\Controllers\Barang.php(49): App\Models\Barang_model->hapusBarang('7')
#2 C:\xampp\htdocs\santrikoding\vendor\codeigniter4\framework\system\CodeIgniter.php(936): App\Controllers\Barang->hapus('7')
#3 C:\xampp\htdocs\santrikoding\vendor\codeigniter4\framework\system\CodeIgniter.php(432): CodeIgniter\CodeIgniter->runController(Object(App\Controllers\Barang))
#4 C:\xampp\htdocs\santrikoding\vendor\codeigniter4\framework\system\CodeIgniter.php(333): CodeIgniter\CodeIgniter->handleRequest(NULL, Object(Config\Cache), false)
#5 C:\xampp\htdocs\santrikoding\public\index.php(44): CodeIgniter\CodeIgniter->run()
#6 C:\xampp\htdocs\santrikoding\vendor\codeigniter4\framework\system\Commands\Server\rewrite.php(45): require_once('C:\\xampp\\htdocs...')
#7 {main}
CRITICAL - 2021-05-04 23:27:05 --> syntax error, unexpected token "<", expecting end of file
#0 C:\xampp\htdocs\santrikoding\vendor\codeigniter4\framework\system\View\View.php(222): CodeIgniter\View\View->CodeIgniter\View\{closure}()
#1 C:\xampp\htdocs\santrikoding\vendor\codeigniter4\framework\system\Common.php(1217): CodeIgniter\View\View->render('welcome_message', Array, true)
#2 C:\xampp\htdocs\santrikoding\app\Controllers\Home.php(11): view('welcome_message', Array)
#3 C:\xampp\htdocs\santrikoding\vendor\codeigniter4\framework\system\CodeIgniter.php(936): App\Controllers\Home->index()
#4 C:\xampp\htdocs\santrikoding\vendor\codeigniter4\framework\system\CodeIgniter.php(432): CodeIgniter\CodeIgniter->runController(Object(App\Controllers\Home))
#5 C:\xampp\htdocs\santrikoding\vendor\codeigniter4\framework\system\CodeIgniter.php(333): CodeIgniter\CodeIgniter->handleRequest(NULL, Object(Config\Cache), false)
#6 C:\xampp\htdocs\santrikoding\public\index.php(44): CodeIgniter\CodeIgniter->run()
#7 C:\xampp\htdocs\santrikoding\vendor\codeigniter4\framework\system\Commands\Server\rewrite.php(45): require_once('C:\\xampp\\htdocs...')
#8 {main}
CRITICAL - 2021-05-04 23:27:12 --> syntax error, unexpected token "<", expecting end of file
#0 C:\xampp\htdocs\santrikoding\vendor\codeigniter4\framework\system\View\View.php(222): CodeIgniter\View\View->CodeIgniter\View\{closure}()
#1 C:\xampp\htdocs\santrikoding\vendor\codeigniter4\framework\system\Common.php(1217): CodeIgniter\View\View->render('welcome_message', Array, true)
#2 C:\xampp\htdocs\santrikoding\app\Controllers\Home.php(11): view('welcome_message', Array)
#3 C:\xampp\htdocs\santrikoding\vendor\codeigniter4\framework\system\CodeIgniter.php(936): App\Controllers\Home->index()
#4 C:\xampp\htdocs\santrikoding\vendor\codeigniter4\framework\system\CodeIgniter.php(432): CodeIgniter\CodeIgniter->runController(Object(App\Controllers\Home))
#5 C:\xampp\htdocs\santrikoding\vendor\codeigniter4\framework\system\CodeIgniter.php(333): CodeIgniter\CodeIgniter->handleRequest(NULL, Object(Config\Cache), false)
#6 C:\xampp\htdocs\santrikoding\public\index.php(44): CodeIgniter\CodeIgniter->run()
#7 C:\xampp\htdocs\santrikoding\vendor\codeigniter4\framework\system\Commands\Server\rewrite.php(45): require_once('C:\\xampp\\htdocs...')
#8 {main}
CRITICAL - 2021-05-04 23:28:09 --> syntax error, unexpected token "<", expecting end of file
#0 C:\xampp\htdocs\santrikoding\vendor\codeigniter4\framework\system\View\View.php(222): CodeIgniter\View\View->CodeIgniter\View\{closure}()
#1 C:\xampp\htdocs\santrikoding\vendor\codeigniter4\framework\system\Common.php(1217): CodeIgniter\View\View->render('welcome_message', Array, true)
#2 C:\xampp\htdocs\santrikoding\app\Controllers\Home.php(11): view('welcome_message', Array)
#3 C:\xampp\htdocs\santrikoding\vendor\codeigniter4\framework\system\CodeIgniter.php(936): App\Controllers\Home->index()
#4 C:\xampp\htdocs\santrikoding\vendor\codeigniter4\framework\system\CodeIgniter.php(432): CodeIgniter\CodeIgniter->runController(Object(App\Controllers\Home))
#5 C:\xampp\htdocs\santrikoding\vendor\codeigniter4\framework\system\CodeIgniter.php(333): CodeIgniter\CodeIgniter->handleRequest(NULL, Object(Config\Cache), false)
#6 C:\xampp\htdocs\santrikoding\public\index.php(44): CodeIgniter\CodeIgniter->run()
#7 C:\xampp\htdocs\santrikoding\vendor\codeigniter4\framework\system\Commands\Server\rewrite.php(45): require_once('C:\\xampp\\htdocs...')
#8 {main}
CRITICAL - 2021-05-04 23:52:15 --> syntax error, unexpected token "}", expecting "," or ";"
#0 C:\xampp\htdocs\santrikoding\vendor\codeigniter4\framework\system\Router\Router.php(170): CodeIgniter\Router\Router->autoRoute('barang/tambah')
#1 C:\xampp\htdocs\santrikoding\vendor\codeigniter4\framework\system\CodeIgniter.php(816): CodeIgniter\Router\Router->handle('barang/tambah')
#2 C:\xampp\htdocs\santrikoding\vendor\codeigniter4\framework\system\CodeIgniter.php(385): CodeIgniter\CodeIgniter->tryToRouteIt(Object(CodeIgniter\Router\RouteCollection))
#3 C:\xampp\htdocs\santrikoding\vendor\codeigniter4\framework\system\CodeIgniter.php(333): CodeIgniter\CodeIgniter->handleRequest(NULL, Object(Config\Cache), false)
#4 C:\xampp\htdocs\santrikoding\public\index.php(44): CodeIgniter\CodeIgniter->run()
#5 C:\xampp\htdocs\santrikoding\vendor\codeigniter4\framework\system\Commands\Server\rewrite.php(45): require_once('C:\\xampp\\htdocs...')
#6 {main}
