CRITICAL - 2021-05-21 02:11:31 --> Undefined property: App\Controllers\Sertifikasi::$db
#0 C:\xampp\htdocs\santrikoding\app\Controllers\Sertifikasi.php(22): CodeIgniter\Debug\Exceptions->errorHandler(2, 'Undefined prope...', 'C:\\xampp\\htdocs...', 22)
#1 C:\xampp\htdocs\santrikoding\vendor\codeigniter4\framework\system\CodeIgniter.php(936): App\Controllers\Sertifikasi->indexRaw()
#2 C:\xampp\htdocs\santrikoding\vendor\codeigniter4\framework\system\CodeIgniter.php(432): CodeIgniter\CodeIgniter->runController(Object(App\Controllers\Sertifikasi))
#3 C:\xampp\htdocs\santrikoding\vendor\codeigniter4\framework\system\CodeIgniter.php(333): CodeIgniter\CodeIgniter->handleRequest(NULL, Object(Config\Cache), false)
#4 C:\xampp\htdocs\santrikoding\public\index.php(44): CodeIgniter\CodeIgniter->run()
#5 C:\xampp\htdocs\santrikoding\vendor\codeigniter4\framework\system\Commands\Server\rewrite.php(45): require_once('C:\\xampp\\htdocs...')
#6 {main}
CRITICAL - 2021-05-21 02:18:53 --> Class "App\Controllers\SertifikasiModel" not found
#0 C:\xampp\htdocs\santrikoding\vendor\codeigniter4\framework\system\CodeIgniter.php(908): App\Controllers\Sertifikasi->__construct()
#1 C:\xampp\htdocs\santrikoding\vendor\codeigniter4\framework\system\CodeIgniter.php(422): CodeIgniter\CodeIgniter->createController()
#2 C:\xampp\htdocs\santrikoding\vendor\codeigniter4\framework\system\CodeIgniter.php(333): CodeIgniter\CodeIgniter->handleRequest(NULL, Object(Config\Cache), false)
#3 C:\xampp\htdocs\santrikoding\public\index.php(44): CodeIgniter\CodeIgniter->run()
#4 C:\xampp\htdocs\santrikoding\vendor\codeigniter4\framework\system\Commands\Server\rewrite.php(45): require_once('C:\\xampp\\htdocs...')
#5 {main}
CRITICAL - 2021-05-21 02:19:33 --> Class "App\Controllers\SertifikasiModel" not found
#0 C:\xampp\htdocs\santrikoding\vendor\codeigniter4\framework\system\CodeIgniter.php(908): App\Controllers\Sertifikasi->__construct()
#1 C:\xampp\htdocs\santrikoding\vendor\codeigniter4\framework\system\CodeIgniter.php(422): CodeIgniter\CodeIgniter->createController()
#2 C:\xampp\htdocs\santrikoding\vendor\codeigniter4\framework\system\CodeIgniter.php(333): CodeIgniter\CodeIgniter->handleRequest(NULL, Object(Config\Cache), false)
#3 C:\xampp\htdocs\santrikoding\public\index.php(44): CodeIgniter\CodeIgniter->run()
#4 C:\xampp\htdocs\santrikoding\vendor\codeigniter4\framework\system\Commands\Server\rewrite.php(45): require_once('C:\\xampp\\htdocs...')
#5 {main}
CRITICAL - 2021-05-21 02:22:01 --> Trying to access array offset on value of type null
#0 C:\xampp\htdocs\santrikoding\app\Views\sertifikasi\v_index_srtf.php(32): CodeIgniter\Debug\Exceptions->errorHandler(2, 'Trying to acces...', 'C:\\xampp\\htdocs...', 32)
#1 C:\xampp\htdocs\santrikoding\vendor\codeigniter4\framework\system\View\View.php(220): include('C:\\xampp\\htdocs...')
#2 C:\xampp\htdocs\santrikoding\vendor\codeigniter4\framework\system\View\View.php(222): CodeIgniter\View\View->CodeIgniter\View\{closure}()
#3 C:\xampp\htdocs\santrikoding\vendor\codeigniter4\framework\system\Common.php(1217): CodeIgniter\View\View->render('sertifikasi/v_i...', Array, true)
#4 C:\xampp\htdocs\santrikoding\app\Views\layouts\v_content.php(17): view('sertifikasi/v_i...')
#5 C:\xampp\htdocs\santrikoding\vendor\codeigniter4\framework\system\View\View.php(220): include('C:\\xampp\\htdocs...')
#6 C:\xampp\htdocs\santrikoding\vendor\codeigniter4\framework\system\View\View.php(222): CodeIgniter\View\View->CodeIgniter\View\{closure}()
#7 C:\xampp\htdocs\santrikoding\vendor\codeigniter4\framework\system\Common.php(1217): CodeIgniter\View\View->render('layouts/v_conte...', Array, true)
#8 C:\xampp\htdocs\santrikoding\app\Views\layouts\v_wrapper.php(5): view('layouts/v_conte...')
#9 C:\xampp\htdocs\santrikoding\vendor\codeigniter4\framework\system\View\View.php(220): include('C:\\xampp\\htdocs...')
#10 C:\xampp\htdocs\santrikoding\vendor\codeigniter4\framework\system\View\View.php(222): CodeIgniter\View\View->CodeIgniter\View\{closure}()
#11 C:\xampp\htdocs\santrikoding\vendor\codeigniter4\framework\system\Common.php(1217): CodeIgniter\View\View->render('layouts/v_wrapp...', Array, true)
#12 C:\xampp\htdocs\santrikoding\app\Controllers\Sertifikasi.php(25): view('layouts/v_wrapp...', Array)
#13 C:\xampp\htdocs\santrikoding\vendor\codeigniter4\framework\system\CodeIgniter.php(936): App\Controllers\Sertifikasi->index()
#14 C:\xampp\htdocs\santrikoding\vendor\codeigniter4\framework\system\CodeIgniter.php(432): CodeIgniter\CodeIgniter->runController(Object(App\Controllers\Sertifikasi))
#15 C:\xampp\htdocs\santrikoding\vendor\codeigniter4\framework\system\CodeIgniter.php(333): CodeIgniter\CodeIgniter->handleRequest(NULL, Object(Config\Cache), false)
#16 C:\xampp\htdocs\santrikoding\public\index.php(44): CodeIgniter\CodeIgniter->run()
#17 C:\xampp\htdocs\santrikoding\vendor\codeigniter4\framework\system\Commands\Server\rewrite.php(45): require_once('C:\\xampp\\htdocs...')
#18 {main}
CRITICAL - 2021-05-21 02:26:38 --> Undefined property: App\Controllers\Sertifikasi::$sertifikasiModel
#0 C:\xampp\htdocs\santrikoding\app\Controllers\Sertifikasi.php(24): CodeIgniter\Debug\Exceptions->errorHandler(2, 'Undefined prope...', 'C:\\xampp\\htdocs...', 24)
#1 C:\xampp\htdocs\santrikoding\vendor\codeigniter4\framework\system\CodeIgniter.php(936): App\Controllers\Sertifikasi->index()
#2 C:\xampp\htdocs\santrikoding\vendor\codeigniter4\framework\system\CodeIgniter.php(432): CodeIgniter\CodeIgniter->runController(Object(App\Controllers\Sertifikasi))
#3 C:\xampp\htdocs\santrikoding\vendor\codeigniter4\framework\system\CodeIgniter.php(333): CodeIgniter\CodeIgniter->handleRequest(NULL, Object(Config\Cache), false)
#4 C:\xampp\htdocs\santrikoding\public\index.php(44): CodeIgniter\CodeIgniter->run()
#5 C:\xampp\htdocs\santrikoding\vendor\codeigniter4\framework\system\Commands\Server\rewrite.php(45): require_once('C:\\xampp\\htdocs...')
#6 {main}
CRITICAL - 2021-05-21 02:31:31 --> syntax error, unexpected token "<"
#0 C:\xampp\htdocs\santrikoding\vendor\codeigniter4\framework\system\View\View.php(222): CodeIgniter\View\View->CodeIgniter\View\{closure}()
#1 C:\xampp\htdocs\santrikoding\vendor\codeigniter4\framework\system\Common.php(1217): CodeIgniter\View\View->render('sertifikasi/v_i...', Array, true)
#2 C:\xampp\htdocs\santrikoding\app\Views\layouts\v_content.php(17): view('sertifikasi/v_i...')
#3 C:\xampp\htdocs\santrikoding\vendor\codeigniter4\framework\system\View\View.php(220): include('C:\\xampp\\htdocs...')
#4 C:\xampp\htdocs\santrikoding\vendor\codeigniter4\framework\system\View\View.php(222): CodeIgniter\View\View->CodeIgniter\View\{closure}()
#5 C:\xampp\htdocs\santrikoding\vendor\codeigniter4\framework\system\Common.php(1217): CodeIgniter\View\View->render('layouts/v_conte...', Array, true)
#6 C:\xampp\htdocs\santrikoding\app\Views\layouts\v_wrapper.php(5): view('layouts/v_conte...')
#7 C:\xampp\htdocs\santrikoding\vendor\codeigniter4\framework\system\View\View.php(220): include('C:\\xampp\\htdocs...')
#8 C:\xampp\htdocs\santrikoding\vendor\codeigniter4\framework\system\View\View.php(222): CodeIgniter\View\View->CodeIgniter\View\{closure}()
#9 C:\xampp\htdocs\santrikoding\vendor\codeigniter4\framework\system\Common.php(1217): CodeIgniter\View\View->render('layouts/v_wrapp...', Array, true)
#10 C:\xampp\htdocs\santrikoding\app\Controllers\Sertifikasi.php(23): view('layouts/v_wrapp...', Array)
#11 C:\xampp\htdocs\santrikoding\vendor\codeigniter4\framework\system\CodeIgniter.php(936): App\Controllers\Sertifikasi->index()
#12 C:\xampp\htdocs\santrikoding\vendor\codeigniter4\framework\system\CodeIgniter.php(432): CodeIgniter\CodeIgniter->runController(Object(App\Controllers\Sertifikasi))
#13 C:\xampp\htdocs\santrikoding\vendor\codeigniter4\framework\system\CodeIgniter.php(333): CodeIgniter\CodeIgniter->handleRequest(NULL, Object(Config\Cache), false)
#14 C:\xampp\htdocs\santrikoding\public\index.php(44): CodeIgniter\CodeIgniter->run()
#15 C:\xampp\htdocs\santrikoding\vendor\codeigniter4\framework\system\Commands\Server\rewrite.php(45): require_once('C:\\xampp\\htdocs...')
#16 {main}
CRITICAL - 2021-05-21 02:37:52 --> syntax error, unexpected variable "$item", expecting ")"
#0 C:\xampp\htdocs\santrikoding\vendor\codeigniter4\framework\system\View\View.php(222): CodeIgniter\View\View->CodeIgniter\View\{closure}()
#1 C:\xampp\htdocs\santrikoding\vendor\codeigniter4\framework\system\Common.php(1217): CodeIgniter\View\View->render('sertifikasi/v_i...', Array, true)
#2 C:\xampp\htdocs\santrikoding\app\Views\layouts\v_content.php(17): view('sertifikasi/v_i...')
#3 C:\xampp\htdocs\santrikoding\vendor\codeigniter4\framework\system\View\View.php(220): include('C:\\xampp\\htdocs...')
#4 C:\xampp\htdocs\santrikoding\vendor\codeigniter4\framework\system\View\View.php(222): CodeIgniter\View\View->CodeIgniter\View\{closure}()
#5 C:\xampp\htdocs\santrikoding\vendor\codeigniter4\framework\system\Common.php(1217): CodeIgniter\View\View->render('layouts/v_conte...', Array, true)
#6 C:\xampp\htdocs\santrikoding\app\Views\layouts\v_wrapper.php(5): view('layouts/v_conte...')
#7 C:\xampp\htdocs\santrikoding\vendor\codeigniter4\framework\system\View\View.php(220): include('C:\\xampp\\htdocs...')
#8 C:\xampp\htdocs\santrikoding\vendor\codeigniter4\framework\system\View\View.php(222): CodeIgniter\View\View->CodeIgniter\View\{closure}()
#9 C:\xampp\htdocs\santrikoding\vendor\codeigniter4\framework\system\Common.php(1217): CodeIgniter\View\View->render('layouts/v_wrapp...', Array, true)
#10 C:\xampp\htdocs\santrikoding\app\Controllers\Sertifikasi.php(23): view('layouts/v_wrapp...', Array)
#11 C:\xampp\htdocs\santrikoding\vendor\codeigniter4\framework\system\CodeIgniter.php(936): App\Controllers\Sertifikasi->index()
#12 C:\xampp\htdocs\santrikoding\vendor\codeigniter4\framework\system\CodeIgniter.php(432): CodeIgniter\CodeIgniter->runController(Object(App\Controllers\Sertifikasi))
#13 C:\xampp\htdocs\santrikoding\vendor\codeigniter4\framework\system\CodeIgniter.php(333): CodeIgniter\CodeIgniter->handleRequest(NULL, Object(Config\Cache), false)
#14 C:\xampp\htdocs\santrikoding\public\index.php(44): CodeIgniter\CodeIgniter->run()
#15 C:\xampp\htdocs\santrikoding\vendor\codeigniter4\framework\system\Commands\Server\rewrite.php(45): require_once('C:\\xampp\\htdocs...')
#16 {main}
CRITICAL - 2021-05-21 02:38:01 --> syntax error, unexpected variable "$item", expecting ")"
#0 C:\xampp\htdocs\santrikoding\vendor\codeigniter4\framework\system\View\View.php(222): CodeIgniter\View\View->CodeIgniter\View\{closure}()
#1 C:\xampp\htdocs\santrikoding\vendor\codeigniter4\framework\system\Common.php(1217): CodeIgniter\View\View->render('sertifikasi/v_i...', Array, true)
#2 C:\xampp\htdocs\santrikoding\app\Views\layouts\v_content.php(17): view('sertifikasi/v_i...')
#3 C:\xampp\htdocs\santrikoding\vendor\codeigniter4\framework\system\View\View.php(220): include('C:\\xampp\\htdocs...')
#4 C:\xampp\htdocs\santrikoding\vendor\codeigniter4\framework\system\View\View.php(222): CodeIgniter\View\View->CodeIgniter\View\{closure}()
#5 C:\xampp\htdocs\santrikoding\vendor\codeigniter4\framework\system\Common.php(1217): CodeIgniter\View\View->render('layouts/v_conte...', Array, true)
#6 C:\xampp\htdocs\santrikoding\app\Views\layouts\v_wrapper.php(5): view('layouts/v_conte...')
#7 C:\xampp\htdocs\santrikoding\vendor\codeigniter4\framework\system\View\View.php(220): include('C:\\xampp\\htdocs...')
#8 C:\xampp\htdocs\santrikoding\vendor\codeigniter4\framework\system\View\View.php(222): CodeIgniter\View\View->CodeIgniter\View\{closure}()
#9 C:\xampp\htdocs\santrikoding\vendor\codeigniter4\framework\system\Common.php(1217): CodeIgniter\View\View->render('layouts/v_wrapp...', Array, true)
#10 C:\xampp\htdocs\santrikoding\app\Controllers\Sertifikasi.php(23): view('layouts/v_wrapp...', Array)
#11 C:\xampp\htdocs\santrikoding\vendor\codeigniter4\framework\system\CodeIgniter.php(936): App\Controllers\Sertifikasi->index()
#12 C:\xampp\htdocs\santrikoding\vendor\codeigniter4\framework\system\CodeIgniter.php(432): CodeIgniter\CodeIgniter->runController(Object(App\Controllers\Sertifikasi))
#13 C:\xampp\htdocs\santrikoding\vendor\codeigniter4\framework\system\CodeIgniter.php(333): CodeIgniter\CodeIgniter->handleRequest(NULL, Object(Config\Cache), false)
#14 C:\xampp\htdocs\santrikoding\public\index.php(44): CodeIgniter\CodeIgniter->run()
#15 C:\xampp\htdocs\santrikoding\vendor\codeigniter4\framework\system\Commands\Server\rewrite.php(45): require_once('C:\\xampp\\htdocs...')
#16 {main}
CRITICAL - 2021-05-21 02:38:54 --> syntax error, unexpected variable "$item", expecting ")"
#0 C:\xampp\htdocs\santrikoding\vendor\codeigniter4\framework\system\View\View.php(222): CodeIgniter\View\View->CodeIgniter\View\{closure}()
#1 C:\xampp\htdocs\santrikoding\vendor\codeigniter4\framework\system\Common.php(1217): CodeIgniter\View\View->render('sertifikasi/v_i...', Array, true)
#2 C:\xampp\htdocs\santrikoding\app\Views\layouts\v_content.php(17): view('sertifikasi/v_i...')
#3 C:\xampp\htdocs\santrikoding\vendor\codeigniter4\framework\system\View\View.php(220): include('C:\\xampp\\htdocs...')
#4 C:\xampp\htdocs\santrikoding\vendor\codeigniter4\framework\system\View\View.php(222): CodeIgniter\View\View->CodeIgniter\View\{closure}()
#5 C:\xampp\htdocs\santrikoding\vendor\codeigniter4\framework\system\Common.php(1217): CodeIgniter\View\View->render('layouts/v_conte...', Array, true)
#6 C:\xampp\htdocs\santrikoding\app\Views\layouts\v_wrapper.php(5): view('layouts/v_conte...')
#7 C:\xampp\htdocs\santrikoding\vendor\codeigniter4\framework\system\View\View.php(220): include('C:\\xampp\\htdocs...')
#8 C:\xampp\htdocs\santrikoding\vendor\codeigniter4\framework\system\View\View.php(222): CodeIgniter\View\View->CodeIgniter\View\{closure}()
#9 C:\xampp\htdocs\santrikoding\vendor\codeigniter4\framework\system\Common.php(1217): CodeIgniter\View\View->render('layouts/v_wrapp...', Array, true)
#10 C:\xampp\htdocs\santrikoding\app\Controllers\Sertifikasi.php(23): view('layouts/v_wrapp...', Array)
#11 C:\xampp\htdocs\santrikoding\vendor\codeigniter4\framework\system\CodeIgniter.php(936): App\Controllers\Sertifikasi->index()
#12 C:\xampp\htdocs\santrikoding\vendor\codeigniter4\framework\system\CodeIgniter.php(432): CodeIgniter\CodeIgniter->runController(Object(App\Controllers\Sertifikasi))
#13 C:\xampp\htdocs\santrikoding\vendor\codeigniter4\framework\system\CodeIgniter.php(333): CodeIgniter\CodeIgniter->handleRequest(NULL, Object(Config\Cache), false)
#14 C:\xampp\htdocs\santrikoding\public\index.php(44): CodeIgniter\CodeIgniter->run()
#15 C:\xampp\htdocs\santrikoding\vendor\codeigniter4\framework\system\Commands\Server\rewrite.php(45): require_once('C:\\xampp\\htdocs...')
#16 {main}
CRITICAL - 2021-05-21 03:09:50 --> syntax error, unexpected token "=", expecting ")"
#0 C:\xampp\htdocs\santrikoding\vendor\codeigniter4\framework\system\Autoloader\Autoloader.php(265): CodeIgniter\Autoloader\Autoloader->includeFile('C:\\xampp\\htdocs...')
#1 C:\xampp\htdocs\santrikoding\vendor\codeigniter4\framework\system\Autoloader\Autoloader.php(228): CodeIgniter\Autoloader\Autoloader->loadInNamespace('App\\Models\\Sert...')
#2 C:\xampp\htdocs\santrikoding\app\Controllers\Sertifikasi.php(13): CodeIgniter\Autoloader\Autoloader->loadClass('App\\Models\\Sert...')
#3 C:\xampp\htdocs\santrikoding\vendor\codeigniter4\framework\system\CodeIgniter.php(908): App\Controllers\Sertifikasi->__construct()
#4 C:\xampp\htdocs\santrikoding\vendor\codeigniter4\framework\system\CodeIgniter.php(422): CodeIgniter\CodeIgniter->createController()
#5 C:\xampp\htdocs\santrikoding\vendor\codeigniter4\framework\system\CodeIgniter.php(333): CodeIgniter\CodeIgniter->handleRequest(NULL, Object(Config\Cache), false)
#6 C:\xampp\htdocs\santrikoding\public\index.php(44): CodeIgniter\CodeIgniter->run()
#7 C:\xampp\htdocs\santrikoding\vendor\codeigniter4\framework\system\Commands\Server\rewrite.php(45): require_once('C:\\xampp\\htdocs...')
#8 {main}
ERROR - 2021-05-21 03:17:11 --> mysqli_sql_exception: Table 'db_skeleton.sertifikasi' doesn't exist in C:\xampp\htdocs\santrikoding\vendor\codeigniter4\framework\system\Database\MySQLi\Connection.php:314
Stack trace:
#0 C:\xampp\htdocs\santrikoding\vendor\codeigniter4\framework\system\Database\MySQLi\Connection.php(314): mysqli->query('SELECT *\nFROM `...')
#1 C:\xampp\htdocs\santrikoding\vendor\codeigniter4\framework\system\Database\BaseConnection.php(713): CodeIgniter\Database\MySQLi\Connection->execute('SELECT *\nFROM `...')
#2 C:\xampp\htdocs\santrikoding\vendor\codeigniter4\framework\system\Database\BaseConnection.php(641): CodeIgniter\Database\BaseConnection->simpleQuery('SELECT *\nFROM `...')
#3 C:\xampp\htdocs\santrikoding\vendor\codeigniter4\framework\system\Database\BaseBuilder.php(1866): CodeIgniter\Database\BaseConnection->query('SELECT *\nFROM `...', Array, false)
#4 C:\xampp\htdocs\santrikoding\app\Models\SertifikasiModel.php(65): CodeIgniter\Database\BaseBuilder->get()
#5 C:\xampp\htdocs\santrikoding\app\Controllers\Sertifikasi.php(32): App\Models\SertifikasiModel->allData()
#6 C:\xampp\htdocs\santrikoding\vendor\codeigniter4\framework\system\CodeIgniter.php(936): App\Controllers\Sertifikasi->testQuery()
#7 C:\xampp\htdocs\santrikoding\vendor\codeigniter4\framework\system\CodeIgniter.php(432): CodeIgniter\CodeIgniter->runController(Object(App\Controllers\Sertifikasi))
#8 C:\xampp\htdocs\santrikoding\vendor\codeigniter4\framework\system\CodeIgniter.php(333): CodeIgniter\CodeIgniter->handleRequest(NULL, Object(Config\Cache), false)
#9 C:\xampp\htdocs\santrikoding\public\index.php(44): CodeIgniter\CodeIgniter->run()
#10 C:\xampp\htdocs\santrikoding\vendor\codeigniter4\framework\system\Commands\Server\rewrite.php(45): require_once('C:\\xampp\\htdocs...')
#11 {main}
CRITICAL - 2021-05-21 03:17:11 --> Table 'db_skeleton.sertifikasi' doesn't exist
#0 C:\xampp\htdocs\santrikoding\vendor\codeigniter4\framework\system\Database\MySQLi\Connection.php(314): mysqli->query('SELECT *\nFROM `...')
#1 C:\xampp\htdocs\santrikoding\vendor\codeigniter4\framework\system\Database\BaseConnection.php(713): CodeIgniter\Database\MySQLi\Connection->execute('SELECT *\nFROM `...')
#2 C:\xampp\htdocs\santrikoding\vendor\codeigniter4\framework\system\Database\BaseConnection.php(641): CodeIgniter\Database\BaseConnection->simpleQuery('SELECT *\nFROM `...')
#3 C:\xampp\htdocs\santrikoding\vendor\codeigniter4\framework\system\Database\BaseBuilder.php(1866): CodeIgniter\Database\BaseConnection->query('SELECT *\nFROM `...', Array, false)
#4 C:\xampp\htdocs\santrikoding\app\Models\SertifikasiModel.php(65): CodeIgniter\Database\BaseBuilder->get()
#5 C:\xampp\htdocs\santrikoding\app\Controllers\Sertifikasi.php(32): App\Models\SertifikasiModel->allData()
#6 C:\xampp\htdocs\santrikoding\vendor\codeigniter4\framework\system\CodeIgniter.php(936): App\Controllers\Sertifikasi->testQuery()
#7 C:\xampp\htdocs\santrikoding\vendor\codeigniter4\framework\system\CodeIgniter.php(432): CodeIgniter\CodeIgniter->runController(Object(App\Controllers\Sertifikasi))
#8 C:\xampp\htdocs\santrikoding\vendor\codeigniter4\framework\system\CodeIgniter.php(333): CodeIgniter\CodeIgniter->handleRequest(NULL, Object(Config\Cache), false)
#9 C:\xampp\htdocs\santrikoding\public\index.php(44): CodeIgniter\CodeIgniter->run()
#10 C:\xampp\htdocs\santrikoding\vendor\codeigniter4\framework\system\Commands\Server\rewrite.php(45): require_once('C:\\xampp\\htdocs...')
#11 {main}
CRITICAL - 2021-05-21 03:17:40 --> Call to undefined method CodeIgniter\Database\MySQLi\Result::resultArray()
#0 C:\xampp\htdocs\santrikoding\app\Controllers\Sertifikasi.php(32): App\Models\SertifikasiModel->allData()
#1 C:\xampp\htdocs\santrikoding\vendor\codeigniter4\framework\system\CodeIgniter.php(936): App\Controllers\Sertifikasi->testQuery()
#2 C:\xampp\htdocs\santrikoding\vendor\codeigniter4\framework\system\CodeIgniter.php(432): CodeIgniter\CodeIgniter->runController(Object(App\Controllers\Sertifikasi))
#3 C:\xampp\htdocs\santrikoding\vendor\codeigniter4\framework\system\CodeIgniter.php(333): CodeIgniter\CodeIgniter->handleRequest(NULL, Object(Config\Cache), false)
#4 C:\xampp\htdocs\santrikoding\public\index.php(44): CodeIgniter\CodeIgniter->run()
#5 C:\xampp\htdocs\santrikoding\vendor\codeigniter4\framework\system\Commands\Server\rewrite.php(45): require_once('C:\\xampp\\htdocs...')
#6 {main}
CRITICAL - 2021-05-21 03:18:21 --> syntax error, unexpected token "return"
#0 C:\xampp\htdocs\santrikoding\vendor\codeigniter4\framework\system\Router\Router.php(170): CodeIgniter\Router\Router->autoRoute('sertifikasi/tes...')
#1 C:\xampp\htdocs\santrikoding\vendor\codeigniter4\framework\system\CodeIgniter.php(816): CodeIgniter\Router\Router->handle('sertifikasi/tes...')
#2 C:\xampp\htdocs\santrikoding\vendor\codeigniter4\framework\system\CodeIgniter.php(385): CodeIgniter\CodeIgniter->tryToRouteIt(Object(CodeIgniter\Router\RouteCollection))
#3 C:\xampp\htdocs\santrikoding\vendor\codeigniter4\framework\system\CodeIgniter.php(333): CodeIgniter\CodeIgniter->handleRequest(NULL, Object(Config\Cache), false)
#4 C:\xampp\htdocs\santrikoding\public\index.php(44): CodeIgniter\CodeIgniter->run()
#5 C:\xampp\htdocs\santrikoding\vendor\codeigniter4\framework\system\Commands\Server\rewrite.php(45): require_once('C:\\xampp\\htdocs...')
#6 {main}
CRITICAL - 2021-05-21 03:18:29 --> Call to undefined method CodeIgniter\Database\MySQLi\Result::resultArray()
#0 C:\xampp\htdocs\santrikoding\app\Controllers\Sertifikasi.php(32): App\Models\SertifikasiModel->allData()
#1 C:\xampp\htdocs\santrikoding\vendor\codeigniter4\framework\system\CodeIgniter.php(936): App\Controllers\Sertifikasi->testQuery()
#2 C:\xampp\htdocs\santrikoding\vendor\codeigniter4\framework\system\CodeIgniter.php(432): CodeIgniter\CodeIgniter->runController(Object(App\Controllers\Sertifikasi))
#3 C:\xampp\htdocs\santrikoding\vendor\codeigniter4\framework\system\CodeIgniter.php(333): CodeIgniter\CodeIgniter->handleRequest(NULL, Object(Config\Cache), false)
#4 C:\xampp\htdocs\santrikoding\public\index.php(44): CodeIgniter\CodeIgniter->run()
#5 C:\xampp\htdocs\santrikoding\vendor\codeigniter4\framework\system\Commands\Server\rewrite.php(45): require_once('C:\\xampp\\htdocs...')
#6 {main}
CRITICAL - 2021-05-21 03:18:58 --> syntax error, unexpected token "}", expecting ";"
#0 C:\xampp\htdocs\santrikoding\vendor\codeigniter4\framework\system\Autoloader\Autoloader.php(265): CodeIgniter\Autoloader\Autoloader->includeFile('C:\\xampp\\htdocs...')
#1 C:\xampp\htdocs\santrikoding\vendor\codeigniter4\framework\system\Autoloader\Autoloader.php(228): CodeIgniter\Autoloader\Autoloader->loadInNamespace('App\\Models\\Sert...')
#2 C:\xampp\htdocs\santrikoding\app\Controllers\Sertifikasi.php(13): CodeIgniter\Autoloader\Autoloader->loadClass('App\\Models\\Sert...')
#3 C:\xampp\htdocs\santrikoding\vendor\codeigniter4\framework\system\CodeIgniter.php(908): App\Controllers\Sertifikasi->__construct()
#4 C:\xampp\htdocs\santrikoding\vendor\codeigniter4\framework\system\CodeIgniter.php(422): CodeIgniter\CodeIgniter->createController()
#5 C:\xampp\htdocs\santrikoding\vendor\codeigniter4\framework\system\CodeIgniter.php(333): CodeIgniter\CodeIgniter->handleRequest(NULL, Object(Config\Cache), false)
#6 C:\xampp\htdocs\santrikoding\public\index.php(44): CodeIgniter\CodeIgniter->run()
#7 C:\xampp\htdocs\santrikoding\vendor\codeigniter4\framework\system\Commands\Server\rewrite.php(45): require_once('C:\\xampp\\htdocs...')
#8 {main}
CRITICAL - 2021-05-21 03:19:04 --> Call to undefined method CodeIgniter\Database\MySQLi\Result::resultArray()
#0 C:\xampp\htdocs\santrikoding\app\Controllers\Sertifikasi.php(32): App\Models\SertifikasiModel->allData()
#1 C:\xampp\htdocs\santrikoding\vendor\codeigniter4\framework\system\CodeIgniter.php(936): App\Controllers\Sertifikasi->testQuery()
#2 C:\xampp\htdocs\santrikoding\vendor\codeigniter4\framework\system\CodeIgniter.php(432): CodeIgniter\CodeIgniter->runController(Object(App\Controllers\Sertifikasi))
#3 C:\xampp\htdocs\santrikoding\vendor\codeigniter4\framework\system\CodeIgniter.php(333): CodeIgniter\CodeIgniter->handleRequest(NULL, Object(Config\Cache), false)
#4 C:\xampp\htdocs\santrikoding\public\index.php(44): CodeIgniter\CodeIgniter->run()
#5 C:\xampp\htdocs\santrikoding\vendor\codeigniter4\framework\system\Commands\Server\rewrite.php(45): require_once('C:\\xampp\\htdocs...')
#6 {main}
CRITICAL - 2021-05-21 03:19:27 --> Undefined variable $sertifikasidata
#0 C:\xampp\htdocs\santrikoding\app\Controllers\Sertifikasi.php(34): CodeIgniter\Debug\Exceptions->errorHandler(2, 'Undefined varia...', 'C:\\xampp\\htdocs...', 34)
#1 C:\xampp\htdocs\santrikoding\vendor\codeigniter4\framework\system\CodeIgniter.php(936): App\Controllers\Sertifikasi->testQuery()
#2 C:\xampp\htdocs\santrikoding\vendor\codeigniter4\framework\system\CodeIgniter.php(432): CodeIgniter\CodeIgniter->runController(Object(App\Controllers\Sertifikasi))
#3 C:\xampp\htdocs\santrikoding\vendor\codeigniter4\framework\system\CodeIgniter.php(333): CodeIgniter\CodeIgniter->handleRequest(NULL, Object(Config\Cache), false)
#4 C:\xampp\htdocs\santrikoding\public\index.php(44): CodeIgniter\CodeIgniter->run()
#5 C:\xampp\htdocs\santrikoding\vendor\codeigniter4\framework\system\Commands\Server\rewrite.php(45): require_once('C:\\xampp\\htdocs...')
#6 {main}
CRITICAL - 2021-05-21 03:23:59 --> Undefined array key "Name_of_Organizational_Uni"
#0 C:\xampp\htdocs\santrikoding\app\Views\sertifikasi\v_index_srtf.php(39): CodeIgniter\Debug\Exceptions->errorHandler(2, 'Undefined array...', 'C:\\xampp\\htdocs...', 39)
#1 C:\xampp\htdocs\santrikoding\vendor\codeigniter4\framework\system\View\View.php(220): include('C:\\xampp\\htdocs...')
#2 C:\xampp\htdocs\santrikoding\vendor\codeigniter4\framework\system\View\View.php(222): CodeIgniter\View\View->CodeIgniter\View\{closure}()
#3 C:\xampp\htdocs\santrikoding\vendor\codeigniter4\framework\system\Common.php(1217): CodeIgniter\View\View->render('sertifikasi/v_i...', Array, true)
#4 C:\xampp\htdocs\santrikoding\app\Views\layouts\v_content.php(17): view('sertifikasi/v_i...')
#5 C:\xampp\htdocs\santrikoding\vendor\codeigniter4\framework\system\View\View.php(220): include('C:\\xampp\\htdocs...')
#6 C:\xampp\htdocs\santrikoding\vendor\codeigniter4\framework\system\View\View.php(222): CodeIgniter\View\View->CodeIgniter\View\{closure}()
#7 C:\xampp\htdocs\santrikoding\vendor\codeigniter4\framework\system\Common.php(1217): CodeIgniter\View\View->render('layouts/v_conte...', Array, true)
#8 C:\xampp\htdocs\santrikoding\app\Views\layouts\v_wrapper.php(5): view('layouts/v_conte...')
#9 C:\xampp\htdocs\santrikoding\vendor\codeigniter4\framework\system\View\View.php(220): include('C:\\xampp\\htdocs...')
#10 C:\xampp\htdocs\santrikoding\vendor\codeigniter4\framework\system\View\View.php(222): CodeIgniter\View\View->CodeIgniter\View\{closure}()
#11 C:\xampp\htdocs\santrikoding\vendor\codeigniter4\framework\system\Common.php(1217): CodeIgniter\View\View->render('layouts/v_wrapp...', Array, true)
#12 C:\xampp\htdocs\santrikoding\app\Controllers\Sertifikasi.php(35): view('layouts/v_wrapp...', Array)
#13 C:\xampp\htdocs\santrikoding\vendor\codeigniter4\framework\system\CodeIgniter.php(936): App\Controllers\Sertifikasi->testQuery()
#14 C:\xampp\htdocs\santrikoding\vendor\codeigniter4\framework\system\CodeIgniter.php(432): CodeIgniter\CodeIgniter->runController(Object(App\Controllers\Sertifikasi))
#15 C:\xampp\htdocs\santrikoding\vendor\codeigniter4\framework\system\CodeIgniter.php(333): CodeIgniter\CodeIgniter->handleRequest(NULL, Object(Config\Cache), false)
#16 C:\xampp\htdocs\santrikoding\public\index.php(44): CodeIgniter\CodeIgniter->run()
#17 C:\xampp\htdocs\santrikoding\vendor\codeigniter4\framework\system\Commands\Server\rewrite.php(45): require_once('C:\\xampp\\htdocs...')
#18 {main}
CRITICAL - 2021-05-21 03:32:56 --> Undefined property: App\Controllers\Cobascaffold::$sertifikasiModel
#0 C:\xampp\htdocs\santrikoding\app\Controllers\Cobascaffold.php(53): CodeIgniter\Debug\Exceptions->errorHandler(2, 'Undefined prope...', 'C:\\xampp\\htdocs...', 53)
#1 C:\xampp\htdocs\santrikoding\vendor\codeigniter4\framework\system\CodeIgniter.php(936): App\Controllers\Cobascaffold->index()
#2 C:\xampp\htdocs\santrikoding\vendor\codeigniter4\framework\system\CodeIgniter.php(432): CodeIgniter\CodeIgniter->runController(Object(App\Controllers\Cobascaffold))
#3 C:\xampp\htdocs\santrikoding\vendor\codeigniter4\framework\system\CodeIgniter.php(333): CodeIgniter\CodeIgniter->handleRequest(NULL, Object(Config\Cache), false)
#4 C:\xampp\htdocs\santrikoding\public\index.php(44): CodeIgniter\CodeIgniter->run()
#5 C:\xampp\htdocs\santrikoding\vendor\codeigniter4\framework\system\Commands\Server\rewrite.php(45): require_once('C:\\xampp\\htdocs...')
#6 {main}
CRITICAL - 2021-05-21 03:33:07 --> Undefined property: App\Controllers\Cobascaffold::$sertifikasiModel
#0 C:\xampp\htdocs\santrikoding\app\Controllers\Cobascaffold.php(53): CodeIgniter\Debug\Exceptions->errorHandler(2, 'Undefined prope...', 'C:\\xampp\\htdocs...', 53)
#1 C:\xampp\htdocs\santrikoding\vendor\codeigniter4\framework\system\CodeIgniter.php(936): App\Controllers\Cobascaffold->index()
#2 C:\xampp\htdocs\santrikoding\vendor\codeigniter4\framework\system\CodeIgniter.php(432): CodeIgniter\CodeIgniter->runController(Object(App\Controllers\Cobascaffold))
#3 C:\xampp\htdocs\santrikoding\vendor\codeigniter4\framework\system\CodeIgniter.php(333): CodeIgniter\CodeIgniter->handleRequest(NULL, Object(Config\Cache), false)
#4 C:\xampp\htdocs\santrikoding\public\index.php(44): CodeIgniter\CodeIgniter->run()
#5 C:\xampp\htdocs\santrikoding\vendor\codeigniter4\framework\system\Commands\Server\rewrite.php(45): require_once('C:\\xampp\\htdocs...')
#6 {main}
CRITICAL - 2021-05-21 03:33:09 --> Undefined property: App\Controllers\Cobascaffold::$sertifikasiModel
#0 C:\xampp\htdocs\santrikoding\app\Controllers\Cobascaffold.php(53): CodeIgniter\Debug\Exceptions->errorHandler(2, 'Undefined prope...', 'C:\\xampp\\htdocs...', 53)
#1 C:\xampp\htdocs\santrikoding\vendor\codeigniter4\framework\system\CodeIgniter.php(936): App\Controllers\Cobascaffold->index()
#2 C:\xampp\htdocs\santrikoding\vendor\codeigniter4\framework\system\CodeIgniter.php(432): CodeIgniter\CodeIgniter->runController(Object(App\Controllers\Cobascaffold))
#3 C:\xampp\htdocs\santrikoding\vendor\codeigniter4\framework\system\CodeIgniter.php(333): CodeIgniter\CodeIgniter->handleRequest(NULL, Object(Config\Cache), false)
#4 C:\xampp\htdocs\santrikoding\public\index.php(44): CodeIgniter\CodeIgniter->run()
#5 C:\xampp\htdocs\santrikoding\vendor\codeigniter4\framework\system\Commands\Server\rewrite.php(45): require_once('C:\\xampp\\htdocs...')
#6 {main}
CRITICAL - 2021-05-21 03:33:25 --> Undefined array key "Personnel_Number"
#0 C:\xampp\htdocs\santrikoding\app\Views\sertifikasi\v_index_srtf.php(34): CodeIgniter\Debug\Exceptions->errorHandler(2, 'Undefined array...', 'C:\\xampp\\htdocs...', 34)
#1 C:\xampp\htdocs\santrikoding\vendor\codeigniter4\framework\system\View\View.php(220): include('C:\\xampp\\htdocs...')
#2 C:\xampp\htdocs\santrikoding\vendor\codeigniter4\framework\system\View\View.php(222): CodeIgniter\View\View->CodeIgniter\View\{closure}()
#3 C:\xampp\htdocs\santrikoding\vendor\codeigniter4\framework\system\Common.php(1217): CodeIgniter\View\View->render('sertifikasi/v_i...', Array, true)
#4 C:\xampp\htdocs\santrikoding\app\Views\layouts\v_content.php(17): view('sertifikasi/v_i...')
#5 C:\xampp\htdocs\santrikoding\vendor\codeigniter4\framework\system\View\View.php(220): include('C:\\xampp\\htdocs...')
#6 C:\xampp\htdocs\santrikoding\vendor\codeigniter4\framework\system\View\View.php(222): CodeIgniter\View\View->CodeIgniter\View\{closure}()
#7 C:\xampp\htdocs\santrikoding\vendor\codeigniter4\framework\system\Common.php(1217): CodeIgniter\View\View->render('layouts/v_conte...', Array, true)
#8 C:\xampp\htdocs\santrikoding\app\Views\layouts\v_wrapper.php(5): view('layouts/v_conte...')
#9 C:\xampp\htdocs\santrikoding\vendor\codeigniter4\framework\system\View\View.php(220): include('C:\\xampp\\htdocs...')
#10 C:\xampp\htdocs\santrikoding\vendor\codeigniter4\framework\system\View\View.php(222): CodeIgniter\View\View->CodeIgniter\View\{closure}()
#11 C:\xampp\htdocs\santrikoding\vendor\codeigniter4\framework\system\Common.php(1217): CodeIgniter\View\View->render('layouts/v_wrapp...', Array, true)
#12 C:\xampp\htdocs\santrikoding\app\Controllers\Cobascaffold.php(57): view('layouts/v_wrapp...', Array)
#13 C:\xampp\htdocs\santrikoding\vendor\codeigniter4\framework\system\CodeIgniter.php(936): App\Controllers\Cobascaffold->index()
#14 C:\xampp\htdocs\santrikoding\vendor\codeigniter4\framework\system\CodeIgniter.php(432): CodeIgniter\CodeIgniter->runController(Object(App\Controllers\Cobascaffold))
#15 C:\xampp\htdocs\santrikoding\vendor\codeigniter4\framework\system\CodeIgniter.php(333): CodeIgniter\CodeIgniter->handleRequest(NULL, Object(Config\Cache), false)
#16 C:\xampp\htdocs\santrikoding\public\index.php(44): CodeIgniter\CodeIgniter->run()
#17 C:\xampp\htdocs\santrikoding\vendor\codeigniter4\framework\system\Commands\Server\rewrite.php(45): require_once('C:\\xampp\\htdocs...')
#18 {main}
CRITICAL - 2021-05-21 03:34:25 --> Undefined array key "Personnel_Number"
#0 C:\xampp\htdocs\santrikoding\app\Views\sertifikasi\v_index_srtf.php(34): CodeIgniter\Debug\Exceptions->errorHandler(2, 'Undefined array...', 'C:\\xampp\\htdocs...', 34)
#1 C:\xampp\htdocs\santrikoding\vendor\codeigniter4\framework\system\View\View.php(220): include('C:\\xampp\\htdocs...')
#2 C:\xampp\htdocs\santrikoding\vendor\codeigniter4\framework\system\View\View.php(222): CodeIgniter\View\View->CodeIgniter\View\{closure}()
#3 C:\xampp\htdocs\santrikoding\vendor\codeigniter4\framework\system\Common.php(1217): CodeIgniter\View\View->render('sertifikasi/v_i...', Array, true)
#4 C:\xampp\htdocs\santrikoding\app\Views\layouts\v_content.php(17): view('sertifikasi/v_i...')
#5 C:\xampp\htdocs\santrikoding\vendor\codeigniter4\framework\system\View\View.php(220): include('C:\\xampp\\htdocs...')
#6 C:\xampp\htdocs\santrikoding\vendor\codeigniter4\framework\system\View\View.php(222): CodeIgniter\View\View->CodeIgniter\View\{closure}()
#7 C:\xampp\htdocs\santrikoding\vendor\codeigniter4\framework\system\Common.php(1217): CodeIgniter\View\View->render('layouts/v_conte...', Array, true)
#8 C:\xampp\htdocs\santrikoding\app\Views\layouts\v_wrapper.php(5): view('layouts/v_conte...')
#9 C:\xampp\htdocs\santrikoding\vendor\codeigniter4\framework\system\View\View.php(220): include('C:\\xampp\\htdocs...')
#10 C:\xampp\htdocs\santrikoding\vendor\codeigniter4\framework\system\View\View.php(222): CodeIgniter\View\View->CodeIgniter\View\{closure}()
#11 C:\xampp\htdocs\santrikoding\vendor\codeigniter4\framework\system\Common.php(1217): CodeIgniter\View\View->render('layouts/v_wrapp...', Array, true)
#12 C:\xampp\htdocs\santrikoding\app\Controllers\Cobascaffold.php(57): view('layouts/v_wrapp...', Array)
#13 C:\xampp\htdocs\santrikoding\vendor\codeigniter4\framework\system\CodeIgniter.php(936): App\Controllers\Cobascaffold->index()
#14 C:\xampp\htdocs\santrikoding\vendor\codeigniter4\framework\system\CodeIgniter.php(432): CodeIgniter\CodeIgniter->runController(Object(App\Controllers\Cobascaffold))
#15 C:\xampp\htdocs\santrikoding\vendor\codeigniter4\framework\system\CodeIgniter.php(333): CodeIgniter\CodeIgniter->handleRequest(NULL, Object(Config\Cache), false)
#16 C:\xampp\htdocs\santrikoding\public\index.php(44): CodeIgniter\CodeIgniter->run()
#17 C:\xampp\htdocs\santrikoding\vendor\codeigniter4\framework\system\Commands\Server\rewrite.php(45): require_once('C:\\xampp\\htdocs...')
#18 {main}
CRITICAL - 2021-05-21 03:34:26 --> Undefined array key "Personnel_Number"
#0 C:\xampp\htdocs\santrikoding\app\Views\sertifikasi\v_index_srtf.php(34): CodeIgniter\Debug\Exceptions->errorHandler(2, 'Undefined array...', 'C:\\xampp\\htdocs...', 34)
#1 C:\xampp\htdocs\santrikoding\vendor\codeigniter4\framework\system\View\View.php(220): include('C:\\xampp\\htdocs...')
#2 C:\xampp\htdocs\santrikoding\vendor\codeigniter4\framework\system\View\View.php(222): CodeIgniter\View\View->CodeIgniter\View\{closure}()
#3 C:\xampp\htdocs\santrikoding\vendor\codeigniter4\framework\system\Common.php(1217): CodeIgniter\View\View->render('sertifikasi/v_i...', Array, true)
#4 C:\xampp\htdocs\santrikoding\app\Views\layouts\v_content.php(17): view('sertifikasi/v_i...')
#5 C:\xampp\htdocs\santrikoding\vendor\codeigniter4\framework\system\View\View.php(220): include('C:\\xampp\\htdocs...')
#6 C:\xampp\htdocs\santrikoding\vendor\codeigniter4\framework\system\View\View.php(222): CodeIgniter\View\View->CodeIgniter\View\{closure}()
#7 C:\xampp\htdocs\santrikoding\vendor\codeigniter4\framework\system\Common.php(1217): CodeIgniter\View\View->render('layouts/v_conte...', Array, true)
#8 C:\xampp\htdocs\santrikoding\app\Views\layouts\v_wrapper.php(5): view('layouts/v_conte...')
#9 C:\xampp\htdocs\santrikoding\vendor\codeigniter4\framework\system\View\View.php(220): include('C:\\xampp\\htdocs...')
#10 C:\xampp\htdocs\santrikoding\vendor\codeigniter4\framework\system\View\View.php(222): CodeIgniter\View\View->CodeIgniter\View\{closure}()
#11 C:\xampp\htdocs\santrikoding\vendor\codeigniter4\framework\system\Common.php(1217): CodeIgniter\View\View->render('layouts/v_wrapp...', Array, true)
#12 C:\xampp\htdocs\santrikoding\app\Controllers\Sertifikasi.php(23): view('layouts/v_wrapp...', Array)
#13 C:\xampp\htdocs\santrikoding\vendor\codeigniter4\framework\system\CodeIgniter.php(936): App\Controllers\Sertifikasi->index()
#14 C:\xampp\htdocs\santrikoding\vendor\codeigniter4\framework\system\CodeIgniter.php(432): CodeIgniter\CodeIgniter->runController(Object(App\Controllers\Sertifikasi))
#15 C:\xampp\htdocs\santrikoding\vendor\codeigniter4\framework\system\CodeIgniter.php(333): CodeIgniter\CodeIgniter->handleRequest(NULL, Object(Config\Cache), false)
#16 C:\xampp\htdocs\santrikoding\public\index.php(44): CodeIgniter\CodeIgniter->run()
#17 C:\xampp\htdocs\santrikoding\vendor\codeigniter4\framework\system\Commands\Server\rewrite.php(45): require_once('C:\\xampp\\htdocs...')
#18 {main}
CRITICAL - 2021-05-21 03:34:31 --> Undefined array key "Personnel_Number"
#0 C:\xampp\htdocs\santrikoding\app\Views\sertifikasi\v_index_srtf.php(34): CodeIgniter\Debug\Exceptions->errorHandler(2, 'Undefined array...', 'C:\\xampp\\htdocs...', 34)
#1 C:\xampp\htdocs\santrikoding\vendor\codeigniter4\framework\system\View\View.php(220): include('C:\\xampp\\htdocs...')
#2 C:\xampp\htdocs\santrikoding\vendor\codeigniter4\framework\system\View\View.php(222): CodeIgniter\View\View->CodeIgniter\View\{closure}()
#3 C:\xampp\htdocs\santrikoding\vendor\codeigniter4\framework\system\Common.php(1217): CodeIgniter\View\View->render('sertifikasi/v_i...', Array, true)
#4 C:\xampp\htdocs\santrikoding\app\Views\layouts\v_content.php(17): view('sertifikasi/v_i...')
#5 C:\xampp\htdocs\santrikoding\vendor\codeigniter4\framework\system\View\View.php(220): include('C:\\xampp\\htdocs...')
#6 C:\xampp\htdocs\santrikoding\vendor\codeigniter4\framework\system\View\View.php(222): CodeIgniter\View\View->CodeIgniter\View\{closure}()
#7 C:\xampp\htdocs\santrikoding\vendor\codeigniter4\framework\system\Common.php(1217): CodeIgniter\View\View->render('layouts/v_conte...', Array, true)
#8 C:\xampp\htdocs\santrikoding\app\Views\layouts\v_wrapper.php(5): view('layouts/v_conte...')
#9 C:\xampp\htdocs\santrikoding\vendor\codeigniter4\framework\system\View\View.php(220): include('C:\\xampp\\htdocs...')
#10 C:\xampp\htdocs\santrikoding\vendor\codeigniter4\framework\system\View\View.php(222): CodeIgniter\View\View->CodeIgniter\View\{closure}()
#11 C:\xampp\htdocs\santrikoding\vendor\codeigniter4\framework\system\Common.php(1217): CodeIgniter\View\View->render('layouts/v_wrapp...', Array, true)
#12 C:\xampp\htdocs\santrikoding\app\Controllers\Sertifikasi.php(23): view('layouts/v_wrapp...', Array)
#13 C:\xampp\htdocs\santrikoding\vendor\codeigniter4\framework\system\CodeIgniter.php(936): App\Controllers\Sertifikasi->index()
#14 C:\xampp\htdocs\santrikoding\vendor\codeigniter4\framework\system\CodeIgniter.php(432): CodeIgniter\CodeIgniter->runController(Object(App\Controllers\Sertifikasi))
#15 C:\xampp\htdocs\santrikoding\vendor\codeigniter4\framework\system\CodeIgniter.php(333): CodeIgniter\CodeIgniter->handleRequest(NULL, Object(Config\Cache), false)
#16 C:\xampp\htdocs\santrikoding\public\index.php(44): CodeIgniter\CodeIgniter->run()
#17 C:\xampp\htdocs\santrikoding\vendor\codeigniter4\framework\system\Commands\Server\rewrite.php(45): require_once('C:\\xampp\\htdocs...')
#18 {main}
CRITICAL - 2021-05-21 03:35:05 --> Undefined array key "Personnel_Number"
#0 C:\xampp\htdocs\santrikoding\app\Views\sertifikasi\v_index_srtf.php(34): CodeIgniter\Debug\Exceptions->errorHandler(2, 'Undefined array...', 'C:\\xampp\\htdocs...', 34)
#1 C:\xampp\htdocs\santrikoding\vendor\codeigniter4\framework\system\View\View.php(220): include('C:\\xampp\\htdocs...')
#2 C:\xampp\htdocs\santrikoding\vendor\codeigniter4\framework\system\View\View.php(222): CodeIgniter\View\View->CodeIgniter\View\{closure}()
#3 C:\xampp\htdocs\santrikoding\vendor\codeigniter4\framework\system\Common.php(1217): CodeIgniter\View\View->render('sertifikasi/v_i...', Array, true)
#4 C:\xampp\htdocs\santrikoding\app\Views\layouts\v_content.php(17): view('sertifikasi/v_i...')
#5 C:\xampp\htdocs\santrikoding\vendor\codeigniter4\framework\system\View\View.php(220): include('C:\\xampp\\htdocs...')
#6 C:\xampp\htdocs\santrikoding\vendor\codeigniter4\framework\system\View\View.php(222): CodeIgniter\View\View->CodeIgniter\View\{closure}()
#7 C:\xampp\htdocs\santrikoding\vendor\codeigniter4\framework\system\Common.php(1217): CodeIgniter\View\View->render('layouts/v_conte...', Array, true)
#8 C:\xampp\htdocs\santrikoding\app\Views\layouts\v_wrapper.php(5): view('layouts/v_conte...')
#9 C:\xampp\htdocs\santrikoding\vendor\codeigniter4\framework\system\View\View.php(220): include('C:\\xampp\\htdocs...')
#10 C:\xampp\htdocs\santrikoding\vendor\codeigniter4\framework\system\View\View.php(222): CodeIgniter\View\View->CodeIgniter\View\{closure}()
#11 C:\xampp\htdocs\santrikoding\vendor\codeigniter4\framework\system\Common.php(1217): CodeIgniter\View\View->render('layouts/v_wrapp...', Array, true)
#12 C:\xampp\htdocs\santrikoding\app\Controllers\Sertifikasi.php(23): view('layouts/v_wrapp...', Array)
#13 C:\xampp\htdocs\santrikoding\vendor\codeigniter4\framework\system\CodeIgniter.php(936): App\Controllers\Sertifikasi->index()
#14 C:\xampp\htdocs\santrikoding\vendor\codeigniter4\framework\system\CodeIgniter.php(432): CodeIgniter\CodeIgniter->runController(Object(App\Controllers\Sertifikasi))
#15 C:\xampp\htdocs\santrikoding\vendor\codeigniter4\framework\system\CodeIgniter.php(333): CodeIgniter\CodeIgniter->handleRequest(NULL, Object(Config\Cache), false)
#16 C:\xampp\htdocs\santrikoding\public\index.php(44): CodeIgniter\CodeIgniter->run()
#17 C:\xampp\htdocs\santrikoding\vendor\codeigniter4\framework\system\Commands\Server\rewrite.php(45): require_once('C:\\xampp\\htdocs...')
#18 {main}
CRITICAL - 2021-05-21 03:35:06 --> Undefined array key "Personnel_Number"
#0 C:\xampp\htdocs\santrikoding\app\Views\sertifikasi\v_index_srtf.php(34): CodeIgniter\Debug\Exceptions->errorHandler(2, 'Undefined array...', 'C:\\xampp\\htdocs...', 34)
#1 C:\xampp\htdocs\santrikoding\vendor\codeigniter4\framework\system\View\View.php(220): include('C:\\xampp\\htdocs...')
#2 C:\xampp\htdocs\santrikoding\vendor\codeigniter4\framework\system\View\View.php(222): CodeIgniter\View\View->CodeIgniter\View\{closure}()
#3 C:\xampp\htdocs\santrikoding\vendor\codeigniter4\framework\system\Common.php(1217): CodeIgniter\View\View->render('sertifikasi/v_i...', Array, true)
#4 C:\xampp\htdocs\santrikoding\app\Views\layouts\v_content.php(17): view('sertifikasi/v_i...')
#5 C:\xampp\htdocs\santrikoding\vendor\codeigniter4\framework\system\View\View.php(220): include('C:\\xampp\\htdocs...')
#6 C:\xampp\htdocs\santrikoding\vendor\codeigniter4\framework\system\View\View.php(222): CodeIgniter\View\View->CodeIgniter\View\{closure}()
#7 C:\xampp\htdocs\santrikoding\vendor\codeigniter4\framework\system\Common.php(1217): CodeIgniter\View\View->render('layouts/v_conte...', Array, true)
#8 C:\xampp\htdocs\santrikoding\app\Views\layouts\v_wrapper.php(5): view('layouts/v_conte...')
#9 C:\xampp\htdocs\santrikoding\vendor\codeigniter4\framework\system\View\View.php(220): include('C:\\xampp\\htdocs...')
#10 C:\xampp\htdocs\santrikoding\vendor\codeigniter4\framework\system\View\View.php(222): CodeIgniter\View\View->CodeIgniter\View\{closure}()
#11 C:\xampp\htdocs\santrikoding\vendor\codeigniter4\framework\system\Common.php(1217): CodeIgniter\View\View->render('layouts/v_wrapp...', Array, true)
#12 C:\xampp\htdocs\santrikoding\app\Controllers\Sertifikasi.php(23): view('layouts/v_wrapp...', Array)
#13 C:\xampp\htdocs\santrikoding\vendor\codeigniter4\framework\system\CodeIgniter.php(936): App\Controllers\Sertifikasi->index()
#14 C:\xampp\htdocs\santrikoding\vendor\codeigniter4\framework\system\CodeIgniter.php(432): CodeIgniter\CodeIgniter->runController(Object(App\Controllers\Sertifikasi))
#15 C:\xampp\htdocs\santrikoding\vendor\codeigniter4\framework\system\CodeIgniter.php(333): CodeIgniter\CodeIgniter->handleRequest(NULL, Object(Config\Cache), false)
#16 C:\xampp\htdocs\santrikoding\public\index.php(44): CodeIgniter\CodeIgniter->run()
#17 C:\xampp\htdocs\santrikoding\vendor\codeigniter4\framework\system\Commands\Server\rewrite.php(45): require_once('C:\\xampp\\htdocs...')
#18 {main}
CRITICAL - 2021-05-21 03:35:07 --> Undefined array key "Personnel_Number"
#0 C:\xampp\htdocs\santrikoding\app\Views\sertifikasi\v_index_srtf.php(34): CodeIgniter\Debug\Exceptions->errorHandler(2, 'Undefined array...', 'C:\\xampp\\htdocs...', 34)
#1 C:\xampp\htdocs\santrikoding\vendor\codeigniter4\framework\system\View\View.php(220): include('C:\\xampp\\htdocs...')
#2 C:\xampp\htdocs\santrikoding\vendor\codeigniter4\framework\system\View\View.php(222): CodeIgniter\View\View->CodeIgniter\View\{closure}()
#3 C:\xampp\htdocs\santrikoding\vendor\codeigniter4\framework\system\Common.php(1217): CodeIgniter\View\View->render('sertifikasi/v_i...', Array, true)
#4 C:\xampp\htdocs\santrikoding\app\Views\layouts\v_content.php(17): view('sertifikasi/v_i...')
#5 C:\xampp\htdocs\santrikoding\vendor\codeigniter4\framework\system\View\View.php(220): include('C:\\xampp\\htdocs...')
#6 C:\xampp\htdocs\santrikoding\vendor\codeigniter4\framework\system\View\View.php(222): CodeIgniter\View\View->CodeIgniter\View\{closure}()
#7 C:\xampp\htdocs\santrikoding\vendor\codeigniter4\framework\system\Common.php(1217): CodeIgniter\View\View->render('layouts/v_conte...', Array, true)
#8 C:\xampp\htdocs\santrikoding\app\Views\layouts\v_wrapper.php(5): view('layouts/v_conte...')
#9 C:\xampp\htdocs\santrikoding\vendor\codeigniter4\framework\system\View\View.php(220): include('C:\\xampp\\htdocs...')
#10 C:\xampp\htdocs\santrikoding\vendor\codeigniter4\framework\system\View\View.php(222): CodeIgniter\View\View->CodeIgniter\View\{closure}()
#11 C:\xampp\htdocs\santrikoding\vendor\codeigniter4\framework\system\Common.php(1217): CodeIgniter\View\View->render('layouts/v_wrapp...', Array, true)
#12 C:\xampp\htdocs\santrikoding\app\Controllers\Sertifikasi.php(23): view('layouts/v_wrapp...', Array)
#13 C:\xampp\htdocs\santrikoding\vendor\codeigniter4\framework\system\CodeIgniter.php(936): App\Controllers\Sertifikasi->index()
#14 C:\xampp\htdocs\santrikoding\vendor\codeigniter4\framework\system\CodeIgniter.php(432): CodeIgniter\CodeIgniter->runController(Object(App\Controllers\Sertifikasi))
#15 C:\xampp\htdocs\santrikoding\vendor\codeigniter4\framework\system\CodeIgniter.php(333): CodeIgniter\CodeIgniter->handleRequest(NULL, Object(Config\Cache), false)
#16 C:\xampp\htdocs\santrikoding\public\index.php(44): CodeIgniter\CodeIgniter->run()
#17 C:\xampp\htdocs\santrikoding\vendor\codeigniter4\framework\system\Commands\Server\rewrite.php(45): require_once('C:\\xampp\\htdocs...')
#18 {main}
CRITICAL - 2021-05-21 03:35:08 --> Undefined array key "Personnel_Number"
#0 C:\xampp\htdocs\santrikoding\app\Views\sertifikasi\v_index_srtf.php(34): CodeIgniter\Debug\Exceptions->errorHandler(2, 'Undefined array...', 'C:\\xampp\\htdocs...', 34)
#1 C:\xampp\htdocs\santrikoding\vendor\codeigniter4\framework\system\View\View.php(220): include('C:\\xampp\\htdocs...')
#2 C:\xampp\htdocs\santrikoding\vendor\codeigniter4\framework\system\View\View.php(222): CodeIgniter\View\View->CodeIgniter\View\{closure}()
#3 C:\xampp\htdocs\santrikoding\vendor\codeigniter4\framework\system\Common.php(1217): CodeIgniter\View\View->render('sertifikasi/v_i...', Array, true)
#4 C:\xampp\htdocs\santrikoding\app\Views\layouts\v_content.php(17): view('sertifikasi/v_i...')
#5 C:\xampp\htdocs\santrikoding\vendor\codeigniter4\framework\system\View\View.php(220): include('C:\\xampp\\htdocs...')
#6 C:\xampp\htdocs\santrikoding\vendor\codeigniter4\framework\system\View\View.php(222): CodeIgniter\View\View->CodeIgniter\View\{closure}()
#7 C:\xampp\htdocs\santrikoding\vendor\codeigniter4\framework\system\Common.php(1217): CodeIgniter\View\View->render('layouts/v_conte...', Array, true)
#8 C:\xampp\htdocs\santrikoding\app\Views\layouts\v_wrapper.php(5): view('layouts/v_conte...')
#9 C:\xampp\htdocs\santrikoding\vendor\codeigniter4\framework\system\View\View.php(220): include('C:\\xampp\\htdocs...')
#10 C:\xampp\htdocs\santrikoding\vendor\codeigniter4\framework\system\View\View.php(222): CodeIgniter\View\View->CodeIgniter\View\{closure}()
#11 C:\xampp\htdocs\santrikoding\vendor\codeigniter4\framework\system\Common.php(1217): CodeIgniter\View\View->render('layouts/v_wrapp...', Array, true)
#12 C:\xampp\htdocs\santrikoding\app\Controllers\Sertifikasi.php(23): view('layouts/v_wrapp...', Array)
#13 C:\xampp\htdocs\santrikoding\vendor\codeigniter4\framework\system\CodeIgniter.php(936): App\Controllers\Sertifikasi->index()
#14 C:\xampp\htdocs\santrikoding\vendor\codeigniter4\framework\system\CodeIgniter.php(432): CodeIgniter\CodeIgniter->runController(Object(App\Controllers\Sertifikasi))
#15 C:\xampp\htdocs\santrikoding\vendor\codeigniter4\framework\system\CodeIgniter.php(333): CodeIgniter\CodeIgniter->handleRequest(NULL, Object(Config\Cache), false)
#16 C:\xampp\htdocs\santrikoding\public\index.php(44): CodeIgniter\CodeIgniter->run()
#17 C:\xampp\htdocs\santrikoding\vendor\codeigniter4\framework\system\Commands\Server\rewrite.php(45): require_once('C:\\xampp\\htdocs...')
#18 {main}
